[ 2020-02-29T20:12:31+08:00 ] 127.0.0.1 /mobileShop/index.php/Home/Index/index
INFO: [ app_init ] --START--
INFO: Run Behavior\BuildLiteBehavior [ RunTime:0.000010s ]
INFO: [ app_init ] --END-- [ RunTime:0.000817s ]
INFO: [ app_begin ] --START--
INFO: Run Behavior\ReadHtmlCacheBehavior [ RunTime:0.000108s ]
INFO: [ app_begin ] --END-- [ RunTime:0.000122s ]
SQL: SHOW COLUMNS FROM `jx_category` [ RunTime:0.0396s ]
SQL: SELECT * FROM `jx_category` ORDER BY addtime desc  [ RunTime:0.0009s ]
SQL: SHOW COLUMNS FROM `jx_brand` [ RunTime:0.0010s ]
SQL: SELECT * FROM `jx_brand` ORDER BY addtime desc  [ RunTime:0.0003s ]
SQL: SHOW COLUMNS FROM `jx_product` [ RunTime:0.0008s ]
SQL: SELECT COUNT(*) AS tp_count FROM `jx_product` WHERE `status` = 1 LIMIT 1   [ RunTime:0.0011s ]
SQL: SELECT * FROM `jx_product` WHERE `status` = 1 ORDER BY addtime desc LIMIT 0,12   [ RunTime:0.0003s ]
SQL: SELECT `name` FROM `jx_category` WHERE `id` = 1 LIMIT 1   [ RunTime:0.0007s ]
SQL: SELECT `name` FROM `jx_brand` WHERE `id` = 1 LIMIT 1   [ RunTime:0.0002s ]
SQL: SELECT `name` FROM `jx_category` WHERE `id` = 1 LIMIT 1   [ RunTime:0.0001s ]
SQL: SELECT `name` FROM `jx_brand` WHERE `id` = 1 LIMIT 1   [ RunTime:0.0001s ]
SQL: SELECT `name` FROM `jx_category` WHERE `id` = 1 LIMIT 1   [ RunTime:0.0001s ]
SQL: SELECT `name` FROM `jx_brand` WHERE `id` = 1 LIMIT 1   [ RunTime:0.0001s ]
SQL: SELECT `name` FROM `jx_category` WHERE `id` = 1 LIMIT 1   [ RunTime:0.0001s ]
SQL: SELECT `name` FROM `jx_brand` WHERE `id` = 1 LIMIT 1   [ RunTime:0.0001s ]
SQL: SELECT `name` FROM `jx_category` WHERE `id` = 1 LIMIT 1   [ RunTime:0.0001s ]
SQL: SELECT `name` FROM `jx_brand` WHERE `id` = 1 LIMIT 1   [ RunTime:0.0001s ]
SQL: SELECT `name` FROM `jx_category` WHERE `id` = 1 LIMIT 1   [ RunTime:0.0001s ]
SQL: SELECT `name` FROM `jx_brand` WHERE `id` = 1 LIMIT 1   [ RunTime:0.0001s ]
SQL: SELECT `name` FROM `jx_category` WHERE `id` = 1 LIMIT 1   [ RunTime:0.0001s ]
SQL: SELECT `name` FROM `jx_brand` WHERE `id` = 1 LIMIT 1   [ RunTime:0.0001s ]
SQL: SELECT `name` FROM `jx_category` WHERE `id` = 1 LIMIT 1   [ RunTime:0.0001s ]
SQL: SELECT `name` FROM `jx_brand` WHERE `id` = 1 LIMIT 1   [ RunTime:0.0001s ]
SQL: SELECT `name` FROM `jx_category` WHERE `id` = 1 LIMIT 1   [ RunTime:0.0001s ]
SQL: SELECT `name` FROM `jx_brand` WHERE `id` = 1 LIMIT 1   [ RunTime:0.0001s ]
SQL: SELECT `name` FROM `jx_category` WHERE `id` = 1 LIMIT 1   [ RunTime:0.0001s ]
SQL: SELECT `name` FROM `jx_brand` WHERE `id` = 1 LIMIT 1   [ RunTime:0.0001s ]
SQL: SELECT `name` FROM `jx_category` WHERE `id` = 1 LIMIT 1   [ RunTime:0.0001s ]
SQL: SELECT `name` FROM `jx_brand` WHERE `id` = 1 LIMIT 1   [ RunTime:0.0002s ]
INFO: [ view_parse ] --START--
INFO: [ template_filter ] --START--
INFO: Run Behavior\ContentReplaceBehavior [ RunTime:0.000449s ]
INFO: [ template_filter ] --END-- [ RunTime:0.000468s ]
NOTIC: [8] Undefined variable: search /usr/local/var/www/mobileShop/Application/Runtime/Cache/Home/2a94b8bda04ff446dcedd42276fc99ee.php 第 68 行.
NOTIC: [8] Undefined index: cid /usr/local/var/www/mobileShop/Application/Runtime/Cache/Home/2a94b8bda04ff446dcedd42276fc99ee.php 第 87 行.
NOTIC: [8] Undefined index: bid /usr/local/var/www/mobileShop/Application/Runtime/Cache/Home/2a94b8bda04ff446dcedd42276fc99ee.php 第 102 行.
NOTIC: [8] Undefined index: bid /usr/local/var/www/mobileShop/Application/Runtime/Cache/Home/2a94b8bda04ff446dcedd42276fc99ee.php 第 102 行.
NOTIC: [8] Undefined index: bid /usr/local/var/www/mobileShop/Application/Runtime/Cache/Home/2a94b8bda04ff446dcedd42276fc99ee.php 第 102 行.
INFO: Run Behavior\ParseTemplateBehavior [ RunTime:0.011233s ]
INFO: [ view_parse ] --END-- [ RunTime:0.011249s ]
INFO: [ view_filter ] --START--
INFO: Run Behavior\WriteHtmlCacheBehavior [ RunTime:0.000116s ]
INFO: [ view_filter ] --END-- [ RunTime:0.000126s ]
INFO: [ app_end ] --START--
INFO: Run Behavior\ShowPageTraceBehavior [ RunTime:0.000097s ]
INFO: [ app_end ] --END-- [ RunTime:0.000140s ]

[ 2020-02-29T20:12:32+08:00 ] 127.0.0.1 /mobileShop/index.php/Home/Index/detail?pid=2
INFO: [ app_init ] --START--
INFO: Run Behavior\BuildLiteBehavior [ RunTime:0.000008s ]
INFO: [ app_init ] --END-- [ RunTime:0.000070s ]
INFO: [ app_begin ] --START--
INFO: Run Behavior\ReadHtmlCacheBehavior [ RunTime:0.000039s ]
INFO: [ app_begin ] --END-- [ RunTime:0.000051s ]
SQL: SHOW COLUMNS FROM `jx_product` [ RunTime:0.0031s ]
SQL: SELECT * FROM `jx_product` WHERE `id` = 2 LIMIT 1   [ RunTime:0.0004s ]
SQL: SHOW COLUMNS FROM `jx_brand` [ RunTime:0.0011s ]
SQL: SHOW COLUMNS FROM `jx_category` [ RunTime:0.0011s ]
SQL: SELECT `name` FROM `jx_category` WHERE `id` = 1 LIMIT 1   [ RunTime:0.0003s ]
SQL: SELECT `name` FROM `jx_brand` WHERE `id` = 1 LIMIT 1   [ RunTime:0.0002s ]
INFO: [ view_parse ] --START--
INFO: [ template_filter ] --START--
INFO: Run Behavior\ContentReplaceBehavior [ RunTime:0.000066s ]
INFO: [ template_filter ] --END-- [ RunTime:0.000084s ]
INFO: Run Behavior\ParseTemplateBehavior [ RunTime:0.005978s ]
INFO: [ view_parse ] --END-- [ RunTime:0.006001s ]
INFO: [ view_filter ] --START--
INFO: Run Behavior\WriteHtmlCacheBehavior [ RunTime:0.000079s ]
INFO: [ view_filter ] --END-- [ RunTime:0.000089s ]
INFO: [ app_end ] --START--
INFO: Run Behavior\ShowPageTraceBehavior [ RunTime:0.000087s ]
INFO: [ app_end ] --END-- [ RunTime:0.000101s ]

[ 2020-02-29T20:12:55+08:00 ] 127.0.0.1 /mobileShop/index.php/Home/User/add_cart?pid=2
INFO: [ app_init ] --START--
INFO: Run Behavior\BuildLiteBehavior [ RunTime:0.000007s ]
INFO: [ app_init ] --END-- [ RunTime:0.000092s ]
INFO: [ app_begin ] --START--
INFO: Run Behavior\ReadHtmlCacheBehavior [ RunTime:0.000044s ]
INFO: [ app_begin ] --END-- [ RunTime:0.000056s ]
INFO: [ view_parse ] --START--
INFO: [ template_filter ] --START--
INFO: Run Behavior\ContentReplaceBehavior [ RunTime:0.000019s ]
INFO: [ template_filter ] --END-- [ RunTime:0.000037s ]
INFO: Run Behavior\ParseTemplateBehavior [ RunTime:0.001878s ]
INFO: [ view_parse ] --END-- [ RunTime:0.001899s ]
INFO: [ view_filter ] --START--
INFO: Run Behavior\WriteHtmlCacheBehavior [ RunTime:0.000045s ]
INFO: [ view_filter ] --END-- [ RunTime:0.000052s ]

[ 2020-02-29T20:12:58+08:00 ] 127.0.0.1 /mobileShop/index.php/Home/Index/login
INFO: [ app_init ] --START--
INFO: Run Behavior\BuildLiteBehavior [ RunTime:0.000005s ]
INFO: [ app_init ] --END-- [ RunTime:0.000067s ]
INFO: [ app_begin ] --START--
INFO: Run Behavior\ReadHtmlCacheBehavior [ RunTime:0.000076s ]
INFO: [ app_begin ] --END-- [ RunTime:0.000088s ]
INFO: [ view_parse ] --START--
INFO: [ template_filter ] --START--
INFO: Run Behavior\ContentReplaceBehavior [ RunTime:0.000036s ]
INFO: [ template_filter ] --END-- [ RunTime:0.000051s ]
INFO: Run Behavior\ParseTemplateBehavior [ RunTime:0.003106s ]
INFO: [ view_parse ] --END-- [ RunTime:0.003122s ]
INFO: [ view_filter ] --START--
INFO: Run Behavior\WriteHtmlCacheBehavior [ RunTime:0.000079s ]
INFO: [ view_filter ] --END-- [ RunTime:0.000088s ]
INFO: [ app_end ] --START--
INFO: Run Behavior\ShowPageTraceBehavior [ RunTime:0.000059s ]
INFO: [ app_end ] --END-- [ RunTime:0.000067s ]

[ 2020-02-29T20:12:58+08:00 ] 127.0.0.1 /mobileShop/index.php/Home/Index/get_captcha
INFO: [ app_init ] --START--
INFO: Run Behavior\BuildLiteBehavior [ RunTime:0.000005s ]
INFO: [ app_init ] --END-- [ RunTime:0.000037s ]
INFO: [ app_begin ] --START--
INFO: Run Behavior\ReadHtmlCacheBehavior [ RunTime:0.000028s ]
INFO: [ app_begin ] --END-- [ RunTime:0.000037s ]
INFO: [ app_end ] --START--
INFO: Run Behavior\ShowPageTraceBehavior [ RunTime:0.000094s ]
INFO: [ app_end ] --END-- [ RunTime:0.000115s ]

[ 2020-02-29T20:12:59+08:00 ] 127.0.0.1 /mobileShop/index.php/Home/Index/index
INFO: [ app_init ] --START--
INFO: Run Behavior\BuildLiteBehavior [ RunTime:0.000006s ]
INFO: [ app_init ] --END-- [ RunTime:0.000045s ]
INFO: [ app_begin ] --START--
INFO: Run Behavior\ReadHtmlCacheBehavior [ RunTime:0.000028s ]
INFO: [ app_begin ] --END-- [ RunTime:0.000041s ]
SQL: SHOW COLUMNS FROM `jx_category` [ RunTime:0.0030s ]
SQL: SELECT * FROM `jx_category` ORDER BY addtime desc  [ RunTime:0.0005s ]
SQL: SHOW COLUMNS FROM `jx_brand` [ RunTime:0.0012s ]
SQL: SELECT * FROM `jx_brand` ORDER BY addtime desc  [ RunTime:0.0003s ]
SQL: SHOW COLUMNS FROM `jx_product` [ RunTime:0.0025s ]
SQL: SELECT COUNT(*) AS tp_count FROM `jx_product` WHERE `status` = 1 LIMIT 1   [ RunTime:0.0003s ]
SQL: SELECT * FROM `jx_product` WHERE `status` = 1 ORDER BY addtime desc LIMIT 0,12   [ RunTime:0.0003s ]
SQL: SELECT `name` FROM `jx_category` WHERE `id` = 1 LIMIT 1   [ RunTime:0.0002s ]
SQL: SELECT `name` FROM `jx_brand` WHERE `id` = 1 LIMIT 1   [ RunTime:0.0002s ]
SQL: SELECT `name` FROM `jx_category` WHERE `id` = 1 LIMIT 1   [ RunTime:0.0001s ]
SQL: SELECT `name` FROM `jx_brand` WHERE `id` = 1 LIMIT 1   [ RunTime:0.0001s ]
SQL: SELECT `name` FROM `jx_category` WHERE `id` = 1 LIMIT 1   [ RunTime:0.0001s ]
SQL: SELECT `name` FROM `jx_brand` WHERE `id` = 1 LIMIT 1   [ RunTime:0.0001s ]
SQL: SELECT `name` FROM `jx_category` WHERE `id` = 1 LIMIT 1   [ RunTime:0.0001s ]
SQL: SELECT `name` FROM `jx_brand` WHERE `id` = 1 LIMIT 1   [ RunTime:0.0001s ]
SQL: SELECT `name` FROM `jx_category` WHERE `id` = 1 LIMIT 1   [ RunTime:0.0001s ]
SQL: SELECT `name` FROM `jx_brand` WHERE `id` = 1 LIMIT 1   [ RunTime:0.0001s ]
SQL: SELECT `name` FROM `jx_category` WHERE `id` = 1 LIMIT 1   [ RunTime:0.0001s ]
SQL: SELECT `name` FROM `jx_brand` WHERE `id` = 1 LIMIT 1   [ RunTime:0.0001s ]
SQL: SELECT `name` FROM `jx_category` WHERE `id` = 1 LIMIT 1   [ RunTime:0.0001s ]
SQL: SELECT `name` FROM `jx_brand` WHERE `id` = 1 LIMIT 1   [ RunTime:0.0001s ]
SQL: SELECT `name` FROM `jx_category` WHERE `id` = 1 LIMIT 1   [ RunTime:0.0001s ]
SQL: SELECT `name` FROM `jx_brand` WHERE `id` = 1 LIMIT 1   [ RunTime:0.0001s ]
SQL: SELECT `name` FROM `jx_category` WHERE `id` = 1 LIMIT 1   [ RunTime:0.0001s ]
SQL: SELECT `name` FROM `jx_brand` WHERE `id` = 1 LIMIT 1   [ RunTime:0.0001s ]
SQL: SELECT `name` FROM `jx_category` WHERE `id` = 1 LIMIT 1   [ RunTime:0.0001s ]
SQL: SELECT `name` FROM `jx_brand` WHERE `id` = 1 LIMIT 1   [ RunTime:0.0001s ]
SQL: SELECT `name` FROM `jx_category` WHERE `id` = 1 LIMIT 1   [ RunTime:0.0001s ]
SQL: SELECT `name` FROM `jx_brand` WHERE `id` = 1 LIMIT 1   [ RunTime:0.0001s ]
INFO: [ view_parse ] --START--
INFO: [ template_filter ] --START--
INFO: Run Behavior\ContentReplaceBehavior [ RunTime:0.000039s ]
INFO: [ template_filter ] --END-- [ RunTime:0.000051s ]
NOTIC: [8] Undefined variable: search /usr/local/var/www/mobileShop/Application/Runtime/Cache/Home/2a94b8bda04ff446dcedd42276fc99ee.php 第 68 行.
NOTIC: [8] Undefined index: cid /usr/local/var/www/mobileShop/Application/Runtime/Cache/Home/2a94b8bda04ff446dcedd42276fc99ee.php 第 87 行.
NOTIC: [8] Undefined index: bid /usr/local/var/www/mobileShop/Application/Runtime/Cache/Home/2a94b8bda04ff446dcedd42276fc99ee.php 第 102 行.
NOTIC: [8] Undefined index: bid /usr/local/var/www/mobileShop/Application/Runtime/Cache/Home/2a94b8bda04ff446dcedd42276fc99ee.php 第 102 行.
NOTIC: [8] Undefined index: bid /usr/local/var/www/mobileShop/Application/Runtime/Cache/Home/2a94b8bda04ff446dcedd42276fc99ee.php 第 102 行.
INFO: Run Behavior\ParseTemplateBehavior [ RunTime:0.004162s ]
INFO: [ view_parse ] --END-- [ RunTime:0.004175s ]
INFO: [ view_filter ] --START--
INFO: Run Behavior\WriteHtmlCacheBehavior [ RunTime:0.000044s ]
INFO: [ view_filter ] --END-- [ RunTime:0.000051s ]
INFO: [ app_end ] --START--
INFO: Run Behavior\ShowPageTraceBehavior [ RunTime:0.000025s ]
INFO: [ app_end ] --END-- [ RunTime:0.000032s ]

[ 2020-02-29T20:39:36+08:00 ] 127.0.0.1 /mobileShop/index.php
INFO: [ app_init ] --START--
INFO: Run Behavior\BuildLiteBehavior [ RunTime:0.000006s ]
INFO: [ app_init ] --END-- [ RunTime:0.000062s ]
INFO: [ app_begin ] --START--
INFO: Run Behavior\ReadHtmlCacheBehavior [ RunTime:0.000048s ]
INFO: [ app_begin ] --END-- [ RunTime:0.000061s ]
SQL: SHOW COLUMNS FROM `jx_category` [ RunTime:0.0016s ]
SQL: SELECT * FROM `jx_category` ORDER BY addtime desc  [ RunTime:0.0004s ]
SQL: SHOW COLUMNS FROM `jx_brand` [ RunTime:0.0023s ]
SQL: SELECT * FROM `jx_brand` ORDER BY addtime desc  [ RunTime:0.0004s ]
SQL: SHOW COLUMNS FROM `jx_product` [ RunTime:0.0012s ]
SQL: SELECT COUNT(*) AS tp_count FROM `jx_product` WHERE `status` = 1 LIMIT 1   [ RunTime:0.0006s ]
SQL: SELECT * FROM `jx_product` WHERE `status` = 1 ORDER BY addtime desc LIMIT 0,12   [ RunTime:0.0004s ]
SQL: SELECT `name` FROM `jx_category` WHERE `id` = 1 LIMIT 1   [ RunTime:0.0002s ]
SQL: SELECT `name` FROM `jx_brand` WHERE `id` = 1 LIMIT 1   [ RunTime:0.0002s ]
SQL: SELECT `name` FROM `jx_category` WHERE `id` = 1 LIMIT 1   [ RunTime:0.0002s ]
SQL: SELECT `name` FROM `jx_brand` WHERE `id` = 1 LIMIT 1   [ RunTime:0.0002s ]
SQL: SELECT `name` FROM `jx_category` WHERE `id` = 1 LIMIT 1   [ RunTime:0.0002s ]
SQL: SELECT `name` FROM `jx_brand` WHERE `id` = 1 LIMIT 1   [ RunTime:0.0001s ]
SQL: SELECT `name` FROM `jx_category` WHERE `id` = 1 LIMIT 1   [ RunTime:0.0001s ]
SQL: SELECT `name` FROM `jx_brand` WHERE `id` = 1 LIMIT 1   [ RunTime:0.0002s ]
SQL: SELECT `name` FROM `jx_category` WHERE `id` = 1 LIMIT 1   [ RunTime:0.0002s ]
SQL: SELECT `name` FROM `jx_brand` WHERE `id` = 1 LIMIT 1   [ RunTime:0.0001s ]
SQL: SELECT `name` FROM `jx_category` WHERE `id` = 1 LIMIT 1   [ RunTime:0.0001s ]
SQL: SELECT `name` FROM `jx_brand` WHERE `id` = 1 LIMIT 1   [ RunTime:0.0002s ]
SQL: SELECT `name` FROM `jx_category` WHERE `id` = 1 LIMIT 1   [ RunTime:0.0002s ]
SQL: SELECT `name` FROM `jx_brand` WHERE `id` = 1 LIMIT 1   [ RunTime:0.0001s ]
SQL: SELECT `name` FROM `jx_category` WHERE `id` = 1 LIMIT 1   [ RunTime:0.0002s ]
SQL: SELECT `name` FROM `jx_brand` WHERE `id` = 1 LIMIT 1   [ RunTime:0.0002s ]
SQL: SELECT `name` FROM `jx_category` WHERE `id` = 1 LIMIT 1   [ RunTime:0.0002s ]
SQL: SELECT `name` FROM `jx_brand` WHERE `id` = 1 LIMIT 1   [ RunTime:0.0002s ]
SQL: SELECT `name` FROM `jx_category` WHERE `id` = 1 LIMIT 1   [ RunTime:0.0002s ]
SQL: SELECT `name` FROM `jx_brand` WHERE `id` = 1 LIMIT 1   [ RunTime:0.0002s ]
SQL: SELECT `name` FROM `jx_category` WHERE `id` = 1 LIMIT 1   [ RunTime:0.0002s ]
SQL: SELECT `name` FROM `jx_brand` WHERE `id` = 1 LIMIT 1   [ RunTime:0.0002s ]
INFO: [ view_parse ] --START--
INFO: [ template_filter ] --START--
INFO: Run Behavior\ContentReplaceBehavior [ RunTime:0.000047s ]
INFO: [ template_filter ] --END-- [ RunTime:0.000070s ]
NOTIC: [8] Undefined variable: search /usr/local/var/www/mobileShop/Application/Runtime/Cache/Home/2a94b8bda04ff446dcedd42276fc99ee.php 第 68 行.
NOTIC: [8] Undefined index: cid /usr/local/var/www/mobileShop/Application/Runtime/Cache/Home/2a94b8bda04ff446dcedd42276fc99ee.php 第 87 行.
NOTIC: [8] Undefined index: bid /usr/local/var/www/mobileShop/Application/Runtime/Cache/Home/2a94b8bda04ff446dcedd42276fc99ee.php 第 102 行.
NOTIC: [8] Undefined index: bid /usr/local/var/www/mobileShop/Application/Runtime/Cache/Home/2a94b8bda04ff446dcedd42276fc99ee.php 第 102 行.
NOTIC: [8] Undefined index: bid /usr/local/var/www/mobileShop/Application/Runtime/Cache/Home/2a94b8bda04ff446dcedd42276fc99ee.php 第 102 行.
INFO: Run Behavior\ParseTemplateBehavior [ RunTime:0.009618s ]
INFO: [ view_parse ] --END-- [ RunTime:0.009662s ]
INFO: [ view_filter ] --START--
INFO: Run Behavior\WriteHtmlCacheBehavior [ RunTime:0.000209s ]
INFO: [ view_filter ] --END-- [ RunTime:0.000233s ]
INFO: [ app_end ] --START--
INFO: Run Behavior\ShowPageTraceBehavior [ RunTime:0.000094s ]
INFO: [ app_end ] --END-- [ RunTime:0.000109s ]

[ 2020-02-29T20:39:38+08:00 ] 127.0.0.1 /mobileShop/index.php/Home/Index/login
INFO: [ app_init ] --START--
INFO: Run Behavior\BuildLiteBehavior [ RunTime:0.000006s ]
INFO: [ app_init ] --END-- [ RunTime:0.000078s ]
INFO: [ app_begin ] --START--
INFO: Run Behavior\ReadHtmlCacheBehavior [ RunTime:0.000044s ]
INFO: [ app_begin ] --END-- [ RunTime:0.000087s ]
INFO: [ view_parse ] --START--
INFO: [ template_filter ] --START--
INFO: Run Behavior\ContentReplaceBehavior [ RunTime:0.000036s ]
INFO: [ template_filter ] --END-- [ RunTime:0.000056s ]
INFO: Run Behavior\ParseTemplateBehavior [ RunTime:0.004126s ]
INFO: [ view_parse ] --END-- [ RunTime:0.004147s ]
INFO: [ view_filter ] --START--
INFO: Run Behavior\WriteHtmlCacheBehavior [ RunTime:0.000047s ]
INFO: [ view_filter ] --END-- [ RunTime:0.000055s ]
INFO: [ app_end ] --START--
INFO: Run Behavior\ShowPageTraceBehavior [ RunTime:0.000026s ]
INFO: [ app_end ] --END-- [ RunTime:0.000033s ]

[ 2020-02-29T20:39:38+08:00 ] 127.0.0.1 /mobileShop/index.php/Home/Index/get_captcha
INFO: [ app_init ] --START--
INFO: Run Behavior\BuildLiteBehavior [ RunTime:0.000004s ]
INFO: [ app_init ] --END-- [ RunTime:0.000028s ]
INFO: [ app_begin ] --START--
INFO: Run Behavior\ReadHtmlCacheBehavior [ RunTime:0.000030s ]
INFO: [ app_begin ] --END-- [ RunTime:0.000045s ]
INFO: [ app_end ] --START--
INFO: Run Behavior\ShowPageTraceBehavior [ RunTime:0.000142s ]
INFO: [ app_end ] --END-- [ RunTime:0.000185s ]

[ 2020-02-29T20:39:48+08:00 ] 127.0.0.1 /mobileShop/index.php/Home/Index/do_login
INFO: [ app_init ] --START--
INFO: Run Behavior\BuildLiteBehavior [ RunTime:0.000004s ]
INFO: [ app_init ] --END-- [ RunTime:0.000044s ]
INFO: [ app_begin ] --START--
INFO: Run Behavior\ReadHtmlCacheBehavior [ RunTime:0.000037s ]
INFO: [ app_begin ] --END-- [ RunTime:0.000046s ]
INFO: [ view_parse ] --START--
INFO: [ template_filter ] --START--
INFO: Run Behavior\ContentReplaceBehavior [ RunTime:0.000012s ]
INFO: [ template_filter ] --END-- [ RunTime:0.000022s ]
INFO: Run Behavior\ParseTemplateBehavior [ RunTime:0.001773s ]
INFO: [ view_parse ] --END-- [ RunTime:0.001785s ]
INFO: [ view_filter ] --START--
INFO: Run Behavior\WriteHtmlCacheBehavior [ RunTime:0.000043s ]
INFO: [ view_filter ] --END-- [ RunTime:0.000050s ]

[ 2020-02-29T20:39:52+08:00 ] 127.0.0.1 /mobileShop/index.php/Home/Index/login
INFO: [ app_init ] --START--
INFO: Run Behavior\BuildLiteBehavior [ RunTime:0.000005s ]
INFO: [ app_init ] --END-- [ RunTime:0.000059s ]
INFO: [ app_begin ] --START--
INFO: Run Behavior\ReadHtmlCacheBehavior [ RunTime:0.000039s ]
INFO: [ app_begin ] --END-- [ RunTime:0.000054s ]
INFO: [ view_parse ] --START--
INFO: [ template_filter ] --START--
INFO: Run Behavior\ContentReplaceBehavior [ RunTime:0.000032s ]
INFO: [ template_filter ] --END-- [ RunTime:0.000048s ]
INFO: Run Behavior\ParseTemplateBehavior [ RunTime:0.003113s ]
INFO: [ view_parse ] --END-- [ RunTime:0.003133s ]
INFO: [ view_filter ] --START--
INFO: Run Behavior\WriteHtmlCacheBehavior [ RunTime:0.000064s ]
INFO: [ view_filter ] --END-- [ RunTime:0.000072s ]
INFO: [ app_end ] --START--
INFO: Run Behavior\ShowPageTraceBehavior [ RunTime:0.000034s ]
INFO: [ app_end ] --END-- [ RunTime:0.000041s ]

[ 2020-02-29T20:39:52+08:00 ] 127.0.0.1 /mobileShop/index.php/Home/Index/get_captcha
INFO: [ app_init ] --START--
INFO: Run Behavior\BuildLiteBehavior [ RunTime:0.000004s ]
INFO: [ app_init ] --END-- [ RunTime:0.000026s ]
INFO: [ app_begin ] --START--
INFO: Run Behavior\ReadHtmlCacheBehavior [ RunTime:0.000025s ]
INFO: [ app_begin ] --END-- [ RunTime:0.000034s ]
INFO: [ app_end ] --START--
INFO: Run Behavior\ShowPageTraceBehavior [ RunTime:0.000079s ]
INFO: [ app_end ] --END-- [ RunTime:0.000101s ]

[ 2020-02-29T20:39:57+08:00 ] 127.0.0.1 /mobileShop/index.php/Home/Index/do_login
INFO: [ app_init ] --START--
INFO: Run Behavior\BuildLiteBehavior [ RunTime:0.000005s ]
INFO: [ app_init ] --END-- [ RunTime:0.000049s ]
INFO: [ app_begin ] --START--
INFO: Run Behavior\ReadHtmlCacheBehavior [ RunTime:0.000040s ]
INFO: [ app_begin ] --END-- [ RunTime:0.000053s ]
SQL: SHOW COLUMNS FROM `jx_user` [ RunTime:0.0013s ]
SQL: SELECT * FROM `jx_user` WHERE `account` = 'test' LIMIT 1   [ RunTime:0.0004s ]
INFO: [ view_parse ] --START--
INFO: [ template_filter ] --START--
INFO: Run Behavior\ContentReplaceBehavior [ RunTime:0.000019s ]
INFO: [ template_filter ] --END-- [ RunTime:0.000035s ]
INFO: Run Behavior\ParseTemplateBehavior [ RunTime:0.001126s ]
INFO: [ view_parse ] --END-- [ RunTime:0.001142s ]
INFO: [ view_filter ] --START--
INFO: Run Behavior\WriteHtmlCacheBehavior [ RunTime:0.000042s ]
INFO: [ view_filter ] --END-- [ RunTime:0.000049s ]
INFO: [ app_end ] --START--
INFO: Run Behavior\ShowPageTraceBehavior [ RunTime:0.000033s ]
INFO: [ app_end ] --END-- [ RunTime:0.000040s ]

[ 2020-02-29T20:39:58+08:00 ] 127.0.0.1 /mobileShop/index.php/Home/Index/index
INFO: [ app_init ] --START--
INFO: Run Behavior\BuildLiteBehavior [ RunTime:0.000008s ]
INFO: [ app_init ] --END-- [ RunTime:0.000058s ]
INFO: [ app_begin ] --START--
INFO: Run Behavior\ReadHtmlCacheBehavior [ RunTime:0.000059s ]
INFO: [ app_begin ] --END-- [ RunTime:0.000083s ]
SQL: SHOW COLUMNS FROM `jx_category` [ RunTime:0.0011s ]
SQL: SELECT * FROM `jx_category` ORDER BY addtime desc  [ RunTime:0.0002s ]
SQL: SHOW COLUMNS FROM `jx_brand` [ RunTime:0.0009s ]
SQL: SELECT * FROM `jx_brand` ORDER BY addtime desc  [ RunTime:0.0003s ]
SQL: SHOW COLUMNS FROM `jx_product` [ RunTime:0.0009s ]
SQL: SELECT COUNT(*) AS tp_count FROM `jx_product` WHERE `status` = 1 LIMIT 1   [ RunTime:0.0003s ]
SQL: SELECT * FROM `jx_product` WHERE `status` = 1 ORDER BY addtime desc LIMIT 0,12   [ RunTime:0.0002s ]
SQL: SELECT `name` FROM `jx_category` WHERE `id` = 1 LIMIT 1   [ RunTime:0.0002s ]
SQL: SELECT `name` FROM `jx_brand` WHERE `id` = 1 LIMIT 1   [ RunTime:0.0001s ]
SQL: SELECT `name` FROM `jx_category` WHERE `id` = 1 LIMIT 1   [ RunTime:0.0001s ]
SQL: SELECT `name` FROM `jx_brand` WHERE `id` = 1 LIMIT 1   [ RunTime:0.0002s ]
SQL: SELECT `name` FROM `jx_category` WHERE `id` = 1 LIMIT 1   [ RunTime:0.0001s ]
SQL: SELECT `name` FROM `jx_brand` WHERE `id` = 1 LIMIT 1   [ RunTime:0.0002s ]
SQL: SELECT `name` FROM `jx_category` WHERE `id` = 1 LIMIT 1   [ RunTime:0.0002s ]
SQL: SELECT `name` FROM `jx_brand` WHERE `id` = 1 LIMIT 1   [ RunTime:0.0002s ]
SQL: SELECT `name` FROM `jx_category` WHERE `id` = 1 LIMIT 1   [ RunTime:0.0002s ]
SQL: SELECT `name` FROM `jx_brand` WHERE `id` = 1 LIMIT 1   [ RunTime:0.0001s ]
SQL: SELECT `name` FROM `jx_category` WHERE `id` = 1 LIMIT 1   [ RunTime:0.0001s ]
SQL: SELECT `name` FROM `jx_brand` WHERE `id` = 1 LIMIT 1   [ RunTime:0.0001s ]
SQL: SELECT `name` FROM `jx_category` WHERE `id` = 1 LIMIT 1   [ RunTime:0.0001s ]
SQL: SELECT `name` FROM `jx_brand` WHERE `id` = 1 LIMIT 1   [ RunTime:0.0001s ]
SQL: SELECT `name` FROM `jx_category` WHERE `id` = 1 LIMIT 1   [ RunTime:0.0001s ]
SQL: SELECT `name` FROM `jx_brand` WHERE `id` = 1 LIMIT 1   [ RunTime:0.0001s ]
SQL: SELECT `name` FROM `jx_category` WHERE `id` = 1 LIMIT 1   [ RunTime:0.0001s ]
SQL: SELECT `name` FROM `jx_brand` WHERE `id` = 1 LIMIT 1   [ RunTime:0.0001s ]
SQL: SELECT `name` FROM `jx_category` WHERE `id` = 1 LIMIT 1   [ RunTime:0.0001s ]
SQL: SELECT `name` FROM `jx_brand` WHERE `id` = 1 LIMIT 1   [ RunTime:0.0002s ]
SQL: SELECT `name` FROM `jx_category` WHERE `id` = 1 LIMIT 1   [ RunTime:0.0002s ]
SQL: SELECT `name` FROM `jx_brand` WHERE `id` = 1 LIMIT 1   [ RunTime:0.0001s ]
SQL: SHOW COLUMNS FROM `jx_shopping_car` [ RunTime:0.0009s ]
SQL: SELECT COUNT(*) AS tp_count FROM `jx_shopping_car` WHERE `uid` = 1 LIMIT 1   [ RunTime:0.0002s ]
INFO: [ view_parse ] --START--
INFO: [ template_filter ] --START--
INFO: Run Behavior\ContentReplaceBehavior [ RunTime:0.000045s ]
INFO: [ template_filter ] --END-- [ RunTime:0.000062s ]
NOTIC: [8] Undefined variable: search /usr/local/var/www/mobileShop/Application/Runtime/Cache/Home/2a94b8bda04ff446dcedd42276fc99ee.php 第 68 行.
NOTIC: [8] Undefined index: cid /usr/local/var/www/mobileShop/Application/Runtime/Cache/Home/2a94b8bda04ff446dcedd42276fc99ee.php 第 87 行.
NOTIC: [8] Undefined index: bid /usr/local/var/www/mobileShop/Application/Runtime/Cache/Home/2a94b8bda04ff446dcedd42276fc99ee.php 第 102 行.
NOTIC: [8] Undefined index: bid /usr/local/var/www/mobileShop/Application/Runtime/Cache/Home/2a94b8bda04ff446dcedd42276fc99ee.php 第 102 行.
NOTIC: [8] Undefined index: bid /usr/local/var/www/mobileShop/Application/Runtime/Cache/Home/2a94b8bda04ff446dcedd42276fc99ee.php 第 102 行.
INFO: Run Behavior\ParseTemplateBehavior [ RunTime:0.004992s ]
INFO: [ view_parse ] --END-- [ RunTime:0.005007s ]
INFO: [ view_filter ] --START--
INFO: Run Behavior\WriteHtmlCacheBehavior [ RunTime:0.000055s ]
INFO: [ view_filter ] --END-- [ RunTime:0.000063s ]
INFO: [ app_end ] --START--
INFO: Run Behavior\ShowPageTraceBehavior [ RunTime:0.000027s ]
INFO: [ app_end ] --END-- [ RunTime:0.000034s ]

[ 2020-02-29T20:40:00+08:00 ] 127.0.0.1 /mobileShop/index.php/Home/User/order
INFO: [ app_init ] --START--
INFO: Run Behavior\BuildLiteBehavior [ RunTime:0.000008s ]
INFO: [ app_init ] --END-- [ RunTime:0.000090s ]
INFO: [ app_begin ] --START--
INFO: Run Behavior\ReadHtmlCacheBehavior [ RunTime:0.000074s ]
INFO: [ app_begin ] --END-- [ RunTime:0.000092s ]
SQL: SHOW COLUMNS FROM `jx_shopping_car` [ RunTime:0.0009s ]
SQL: SELECT COUNT(*) AS tp_count FROM `jx_shopping_car` WHERE `uid` = 1 LIMIT 1   [ RunTime:0.0004s ]
SQL: SHOW COLUMNS FROM `jx_order` [ RunTime:0.0009s ]
SQL: SHOW COLUMNS FROM `jx_order_product` [ RunTime:0.0007s ]
SQL: SHOW COLUMNS FROM `jx_product` [ RunTime:0.0007s ]
SQL: SELECT * FROM `jx_order` WHERE `uid` = 1  [ RunTime:0.0003s ]
SQL: SELECT * FROM `jx_order_product` WHERE `order_sn` = '20200226111603179084'  [ RunTime:0.0003s ]
SQL: SELECT `name` FROM `jx_product` WHERE `id` = 2 LIMIT 1   [ RunTime:0.0002s ]
SQL: SELECT * FROM `jx_order_product` WHERE `order_sn` = '20200226112049549734'  [ RunTime:0.0003s ]
SQL: SELECT `name` FROM `jx_product` WHERE `id` = 1 LIMIT 1   [ RunTime:0.0002s ]
SQL: SELECT `name` FROM `jx_product` WHERE `id` = 2 LIMIT 1   [ RunTime:0.0003s ]
INFO: [ view_parse ] --START--
INFO: [ template_filter ] --START--
INFO: Run Behavior\ContentReplaceBehavior [ RunTime:0.000034s ]
INFO: [ template_filter ] --END-- [ RunTime:0.000053s ]
INFO: Run Behavior\ParseTemplateBehavior [ RunTime:0.004851s ]
INFO: [ view_parse ] --END-- [ RunTime:0.004875s ]
INFO: [ view_filter ] --START--
INFO: Run Behavior\WriteHtmlCacheBehavior [ RunTime:0.000056s ]
INFO: [ view_filter ] --END-- [ RunTime:0.000063s ]
INFO: [ app_end ] --START--
INFO: Run Behavior\ShowPageTraceBehavior [ RunTime:0.000030s ]
INFO: [ app_end ] --END-- [ RunTime:0.000036s ]

[ 2020-02-29T20:41:15+08:00 ] 127.0.0.1 /mobileShop/index.php/Home/User/order
INFO: [ app_init ] --START--
INFO: Run Behavior\BuildLiteBehavior [ RunTime:0.000005s ]
INFO: [ app_init ] --END-- [ RunTime:0.000048s ]
INFO: [ app_begin ] --START--
INFO: Run Behavior\ReadHtmlCacheBehavior [ RunTime:0.000038s ]
INFO: [ app_begin ] --END-- [ RunTime:0.000050s ]
SQL: SHOW COLUMNS FROM `jx_shopping_car` [ RunTime:0.0012s ]
SQL: SELECT COUNT(*) AS tp_count FROM `jx_shopping_car` WHERE `uid` = 1 LIMIT 1   [ RunTime:0.0003s ]
SQL: SHOW COLUMNS FROM `jx_order` [ RunTime:0.0009s ]
SQL: SHOW COLUMNS FROM `jx_order_product` [ RunTime:0.0014s ]
SQL: SHOW COLUMNS FROM `jx_product` [ RunTime:0.0016s ]
SQL: SELECT * FROM `jx_order` WHERE `uid` = 1  [ RunTime:0.0005s ]
SQL: SELECT * FROM `jx_order_product` WHERE `order_sn` = '20200226111603179084'  [ RunTime:0.0005s ]
SQL: SELECT `name` FROM `jx_product` WHERE `id` = 2 LIMIT 1   [ RunTime:0.0002s ]
SQL: SELECT * FROM `jx_order_product` WHERE `order_sn` = '20200226112049549734'  [ RunTime:0.0002s ]
SQL: SELECT `name` FROM `jx_product` WHERE `id` = 1 LIMIT 1   [ RunTime:0.0002s ]
SQL: SELECT `name` FROM `jx_product` WHERE `id` = 2 LIMIT 1   [ RunTime:0.0001s ]
INFO: [ view_parse ] --START--
INFO: [ template_filter ] --START--
INFO: Run Behavior\ContentReplaceBehavior [ RunTime:0.000032s ]
INFO: [ template_filter ] --END-- [ RunTime:0.000044s ]
INFO: Run Behavior\ParseTemplateBehavior [ RunTime:0.002721s ]
INFO: [ view_parse ] --END-- [ RunTime:0.002735s ]
INFO: [ view_filter ] --START--
INFO: Run Behavior\WriteHtmlCacheBehavior [ RunTime:0.000049s ]
INFO: [ view_filter ] --END-- [ RunTime:0.000056s ]
INFO: [ app_end ] --START--
INFO: Run Behavior\ShowPageTraceBehavior [ RunTime:0.000041s ]
INFO: [ app_end ] --END-- [ RunTime:0.000048s ]

[ 2020-02-29T21:18:59+08:00 ] 127.0.0.1 /mobileShop/index.php/Home/User/order
INFO: [ app_init ] --START--
INFO: Run Behavior\BuildLiteBehavior [ RunTime:0.000004s ]
INFO: [ app_init ] --END-- [ RunTime:0.000036s ]
INFO: [ app_begin ] --START--
INFO: Run Behavior\ReadHtmlCacheBehavior [ RunTime:0.000029s ]
INFO: [ app_begin ] --END-- [ RunTime:0.000039s ]
SQL: SHOW COLUMNS FROM `jx_shopping_car` [ RunTime:0.0009s ]
SQL: SELECT COUNT(*) AS tp_count FROM `jx_shopping_car` WHERE `uid` = 1 LIMIT 1   [ RunTime:0.0003s ]
SQL: SHOW COLUMNS FROM `jx_order` [ RunTime:0.0007s ]
SQL: SHOW COLUMNS FROM `jx_order_product` [ RunTime:0.0006s ]
SQL: SHOW COLUMNS FROM `jx_product` [ RunTime:0.0007s ]
SQL: SELECT * FROM `jx_order` WHERE `uid` = 1  [ RunTime:0.0002s ]
SQL: SELECT * FROM `jx_order_product` WHERE `order_sn` = '20200226111603179084'  [ RunTime:0.0001s ]
SQL: SELECT `name` FROM `jx_product` WHERE `id` = 2 LIMIT 1   [ RunTime:0.0001s ]
SQL: SELECT * FROM `jx_order_product` WHERE `order_sn` = '20200226112049549734'  [ RunTime:0.0002s ]
SQL: SELECT `name` FROM `jx_product` WHERE `id` = 1 LIMIT 1   [ RunTime:0.0002s ]
SQL: SELECT `name` FROM `jx_product` WHERE `id` = 2 LIMIT 1   [ RunTime:0.0001s ]
INFO: [ view_parse ] --START--
INFO: [ template_filter ] --START--
INFO: Run Behavior\ContentReplaceBehavior [ RunTime:0.000032s ]
INFO: [ template_filter ] --END-- [ RunTime:0.000050s ]
INFO: Run Behavior\ParseTemplateBehavior [ RunTime:0.004922s ]
INFO: [ view_parse ] --END-- [ RunTime:0.004942s ]
INFO: [ view_filter ] --START--
INFO: Run Behavior\WriteHtmlCacheBehavior [ RunTime:0.000065s ]
INFO: [ view_filter ] --END-- [ RunTime:0.000074s ]
INFO: [ app_end ] --START--
INFO: Run Behavior\ShowPageTraceBehavior [ RunTime:0.000049s ]
INFO: [ app_end ] --END-- [ RunTime:0.000059s ]

[ 2020-02-29T21:19:05+08:00 ] 127.0.0.1 /mobileShop/index.php/Home/User/order
INFO: [ app_init ] --START--
INFO: Run Behavior\BuildLiteBehavior [ RunTime:0.000005s ]
INFO: [ app_init ] --END-- [ RunTime:0.000059s ]
INFO: [ app_begin ] --START--
INFO: Run Behavior\ReadHtmlCacheBehavior [ RunTime:0.000049s ]
INFO: [ app_begin ] --END-- [ RunTime:0.000062s ]
SQL: SHOW COLUMNS FROM `jx_shopping_car` [ RunTime:0.0010s ]
SQL: SELECT COUNT(*) AS tp_count FROM `jx_shopping_car` WHERE `uid` = 1 LIMIT 1   [ RunTime:0.0003s ]
SQL: SHOW COLUMNS FROM `jx_order` [ RunTime:0.0008s ]
SQL: SHOW COLUMNS FROM `jx_order_product` [ RunTime:0.0007s ]
SQL: SHOW COLUMNS FROM `jx_product` [ RunTime:0.0008s ]
SQL: SELECT * FROM `jx_order` WHERE `uid` = 1  [ RunTime:0.0002s ]
SQL: SELECT * FROM `jx_order_product` WHERE `order_sn` = '20200226111603179084'  [ RunTime:0.0002s ]
SQL: SELECT `name` FROM `jx_product` WHERE `id` = 2 LIMIT 1   [ RunTime:0.0001s ]
SQL: SELECT * FROM `jx_order_product` WHERE `order_sn` = '20200226112049549734'  [ RunTime:0.0002s ]
SQL: SELECT `name` FROM `jx_product` WHERE `id` = 1 LIMIT 1   [ RunTime:0.0001s ]
SQL: SELECT `name` FROM `jx_product` WHERE `id` = 2 LIMIT 1   [ RunTime:0.0002s ]
INFO: [ view_parse ] --START--
INFO: [ template_filter ] --START--
INFO: Run Behavior\ContentReplaceBehavior [ RunTime:0.000035s ]
INFO: [ template_filter ] --END-- [ RunTime:0.000052s ]
INFO: Run Behavior\ParseTemplateBehavior [ RunTime:0.003420s ]
INFO: [ view_parse ] --END-- [ RunTime:0.003435s ]
INFO: [ view_filter ] --START--
INFO: Run Behavior\WriteHtmlCacheBehavior [ RunTime:0.000065s ]
INFO: [ view_filter ] --END-- [ RunTime:0.000074s ]
INFO: [ app_end ] --START--
INFO: Run Behavior\ShowPageTraceBehavior [ RunTime:0.000039s ]
INFO: [ app_end ] --END-- [ RunTime:0.000045s ]

[ 2020-02-29T21:19:06+08:00 ] 127.0.0.1 /mobileShop/index.php/Home/User/order
INFO: [ app_init ] --START--
INFO: Run Behavior\BuildLiteBehavior [ RunTime:0.000005s ]
INFO: [ app_init ] --END-- [ RunTime:0.000033s ]
INFO: [ app_begin ] --START--
INFO: Run Behavior\ReadHtmlCacheBehavior [ RunTime:0.000029s ]
INFO: [ app_begin ] --END-- [ RunTime:0.000040s ]
SQL: SHOW COLUMNS FROM `jx_shopping_car` [ RunTime:0.0011s ]
SQL: SELECT COUNT(*) AS tp_count FROM `jx_shopping_car` WHERE `uid` = 1 LIMIT 1   [ RunTime:0.0003s ]
SQL: SHOW COLUMNS FROM `jx_order` [ RunTime:0.0009s ]
SQL: SHOW COLUMNS FROM `jx_order_product` [ RunTime:0.0008s ]
SQL: SHOW COLUMNS FROM `jx_product` [ RunTime:0.0007s ]
SQL: SELECT * FROM `jx_order` WHERE `uid` = 1  [ RunTime:0.0002s ]
SQL: SELECT * FROM `jx_order_product` WHERE `order_sn` = '20200226111603179084'  [ RunTime:0.0002s ]
SQL: SELECT `name` FROM `jx_product` WHERE `id` = 2 LIMIT 1   [ RunTime:0.0001s ]
SQL: SELECT * FROM `jx_order_product` WHERE `order_sn` = '20200226112049549734'  [ RunTime:0.0002s ]
SQL: SELECT `name` FROM `jx_product` WHERE `id` = 1 LIMIT 1   [ RunTime:0.0001s ]
SQL: SELECT `name` FROM `jx_product` WHERE `id` = 2 LIMIT 1   [ RunTime:0.0002s ]
INFO: [ view_parse ] --START--
INFO: [ template_filter ] --START--
INFO: Run Behavior\ContentReplaceBehavior [ RunTime:0.000035s ]
INFO: [ template_filter ] --END-- [ RunTime:0.000047s ]
INFO: Run Behavior\ParseTemplateBehavior [ RunTime:0.003088s ]
INFO: [ view_parse ] --END-- [ RunTime:0.003105s ]
INFO: [ view_filter ] --START--
INFO: Run Behavior\WriteHtmlCacheBehavior [ RunTime:0.000042s ]
INFO: [ view_filter ] --END-- [ RunTime:0.000049s ]
INFO: [ app_end ] --START--
INFO: Run Behavior\ShowPageTraceBehavior [ RunTime:0.000024s ]
INFO: [ app_end ] --END-- [ RunTime:0.000030s ]

[ 2020-02-29T21:19:27+08:00 ] 127.0.0.1 /mobileShop/index.php/Home/User/order
INFO: [ app_init ] --START--
INFO: Run Behavior\BuildLiteBehavior [ RunTime:0.000005s ]
INFO: [ app_init ] --END-- [ RunTime:0.000048s ]
INFO: [ app_begin ] --START--
INFO: Run Behavior\ReadHtmlCacheBehavior [ RunTime:0.000041s ]
INFO: [ app_begin ] --END-- [ RunTime:0.000054s ]
SQL: SHOW COLUMNS FROM `jx_shopping_car` [ RunTime:0.0010s ]
SQL: SELECT COUNT(*) AS tp_count FROM `jx_shopping_car` WHERE `uid` = 1 LIMIT 1   [ RunTime:0.0003s ]
SQL: SHOW COLUMNS FROM `jx_order` [ RunTime:0.0009s ]
SQL: SHOW COLUMNS FROM `jx_order_product` [ RunTime:0.0008s ]
SQL: SHOW COLUMNS FROM `jx_product` [ RunTime:0.0009s ]
SQL: SELECT * FROM `jx_order` WHERE `uid` = 1  [ RunTime:0.0013s ]
SQL: SELECT * FROM `jx_order_product` WHERE `order_sn` = '20200226111603179084'  [ RunTime:0.0003s ]
SQL: SELECT `name` FROM `jx_product` WHERE `id` = 2 LIMIT 1   [ RunTime:0.0002s ]
SQL: SELECT * FROM `jx_order_product` WHERE `order_sn` = '20200226112049549734'  [ RunTime:0.0001s ]
SQL: SELECT `name` FROM `jx_product` WHERE `id` = 1 LIMIT 1   [ RunTime:0.0002s ]
SQL: SELECT `name` FROM `jx_product` WHERE `id` = 2 LIMIT 1   [ RunTime:0.0002s ]
INFO: [ view_parse ] --START--
INFO: [ template_filter ] --START--
INFO: Run Behavior\ContentReplaceBehavior [ RunTime:0.000033s ]
INFO: [ template_filter ] --END-- [ RunTime:0.000048s ]
INFO: Run Behavior\ParseTemplateBehavior [ RunTime:0.002960s ]
INFO: [ view_parse ] --END-- [ RunTime:0.002975s ]
INFO: [ view_filter ] --START--
INFO: Run Behavior\WriteHtmlCacheBehavior [ RunTime:0.000041s ]
INFO: [ view_filter ] --END-- [ RunTime:0.000048s ]
INFO: [ app_end ] --START--
INFO: Run Behavior\ShowPageTraceBehavior [ RunTime:0.000031s ]
INFO: [ app_end ] --END-- [ RunTime:0.000037s ]

[ 2020-02-29T21:19:59+08:00 ] 127.0.0.1 /mobileShop/index.php/Home/User/cancel_order?order_sn=20200226111603179084
INFO: [ app_init ] --START--
INFO: Run Behavior\BuildLiteBehavior [ RunTime:0.000006s ]
INFO: [ app_init ] --END-- [ RunTime:0.000061s ]
INFO: [ app_begin ] --START--
INFO: Run Behavior\ReadHtmlCacheBehavior [ RunTime:0.000150s ]
INFO: [ app_begin ] --END-- [ RunTime:0.000169s ]
SQL: SHOW COLUMNS FROM `jx_shopping_car` [ RunTime:0.0010s ]
SQL: SELECT COUNT(*) AS tp_count FROM `jx_shopping_car` WHERE `uid` = 1 LIMIT 1   [ RunTime:0.0003s ]
SQL: SHOW COLUMNS FROM `jx_order` [ RunTime:0.0010s ]
SQL: UPDATE `jx_order` SET `status`='3' WHERE `order_sn` = '20200226111603179084' [ RunTime:0.0011s ]
INFO: [ view_parse ] --START--
INFO: [ template_filter ] --START--
INFO: Run Behavior\ContentReplaceBehavior [ RunTime:0.000019s ]
INFO: [ template_filter ] --END-- [ RunTime:0.000036s ]
INFO: Run Behavior\ParseTemplateBehavior [ RunTime:0.002539s ]
INFO: [ view_parse ] --END-- [ RunTime:0.002563s ]
INFO: [ view_filter ] --START--
INFO: Run Behavior\WriteHtmlCacheBehavior [ RunTime:0.000065s ]
INFO: [ view_filter ] --END-- [ RunTime:0.000074s ]
INFO: [ app_end ] --START--
INFO: Run Behavior\ShowPageTraceBehavior [ RunTime:0.000044s ]
INFO: [ app_end ] --END-- [ RunTime:0.000052s ]

[ 2020-02-29T21:20:00+08:00 ] 127.0.0.1 /mobileShop/index.php/Home/User/order
INFO: [ app_init ] --START--
INFO: Run Behavior\BuildLiteBehavior [ RunTime:0.000004s ]
INFO: [ app_init ] --END-- [ RunTime:0.000029s ]
INFO: [ app_begin ] --START--
INFO: Run Behavior\ReadHtmlCacheBehavior [ RunTime:0.000029s ]
INFO: [ app_begin ] --END-- [ RunTime:0.000043s ]
SQL: SHOW COLUMNS FROM `jx_shopping_car` [ RunTime:0.0009s ]
SQL: SELECT COUNT(*) AS tp_count FROM `jx_shopping_car` WHERE `uid` = 1 LIMIT 1   [ RunTime:0.0003s ]
SQL: SHOW COLUMNS FROM `jx_order` [ RunTime:0.0009s ]
SQL: SHOW COLUMNS FROM `jx_order_product` [ RunTime:0.0011s ]
SQL: SHOW COLUMNS FROM `jx_product` [ RunTime:0.0010s ]
SQL: SELECT * FROM `jx_order` WHERE `uid` = 1  [ RunTime:0.0002s ]
SQL: SELECT * FROM `jx_order_product` WHERE `order_sn` = '20200226111603179084'  [ RunTime:0.0002s ]
SQL: SELECT `name` FROM `jx_product` WHERE `id` = 2 LIMIT 1   [ RunTime:0.0001s ]
SQL: SELECT * FROM `jx_order_product` WHERE `order_sn` = '20200226112049549734'  [ RunTime:0.0001s ]
SQL: SELECT `name` FROM `jx_product` WHERE `id` = 1 LIMIT 1   [ RunTime:0.0001s ]
SQL: SELECT `name` FROM `jx_product` WHERE `id` = 2 LIMIT 1   [ RunTime:0.0001s ]
INFO: [ view_parse ] --START--
INFO: [ template_filter ] --START--
INFO: Run Behavior\ContentReplaceBehavior [ RunTime:0.000040s ]
INFO: [ template_filter ] --END-- [ RunTime:0.000079s ]
INFO: Run Behavior\ParseTemplateBehavior [ RunTime:0.003168s ]
INFO: [ view_parse ] --END-- [ RunTime:0.003187s ]
INFO: [ view_filter ] --START--
INFO: Run Behavior\WriteHtmlCacheBehavior [ RunTime:0.000073s ]
INFO: [ view_filter ] --END-- [ RunTime:0.000081s ]
INFO: [ app_end ] --START--
INFO: Run Behavior\ShowPageTraceBehavior [ RunTime:0.000026s ]
INFO: [ app_end ] --END-- [ RunTime:0.000032s ]

[ 2020-02-29T21:20:11+08:00 ] 127.0.0.1 /mobileShop/index.php/Home/User/order
INFO: [ app_init ] --START--
INFO: Run Behavior\BuildLiteBehavior [ RunTime:0.000005s ]
INFO: [ app_init ] --END-- [ RunTime:0.000049s ]
INFO: [ app_begin ] --START--
INFO: Run Behavior\ReadHtmlCacheBehavior [ RunTime:0.000040s ]
INFO: [ app_begin ] --END-- [ RunTime:0.000053s ]
SQL: SHOW COLUMNS FROM `jx_shopping_car` [ RunTime:0.0011s ]
SQL: SELECT COUNT(*) AS tp_count FROM `jx_shopping_car` WHERE `uid` = 1 LIMIT 1   [ RunTime:0.0003s ]
SQL: SHOW COLUMNS FROM `jx_order` [ RunTime:0.0012s ]
SQL: SHOW COLUMNS FROM `jx_order_product` [ RunTime:0.0010s ]
SQL: SHOW COLUMNS FROM `jx_product` [ RunTime:0.0009s ]
SQL: SELECT * FROM `jx_order` WHERE `uid` = 1  [ RunTime:0.0001s ]
SQL: SELECT * FROM `jx_order_product` WHERE `order_sn` = '20200226111603179084'  [ RunTime:0.0002s ]
SQL: SELECT `name` FROM `jx_product` WHERE `id` = 2 LIMIT 1   [ RunTime:0.0002s ]
SQL: SELECT * FROM `jx_order_product` WHERE `order_sn` = '20200226112049549734'  [ RunTime:0.0001s ]
SQL: SELECT `name` FROM `jx_product` WHERE `id` = 1 LIMIT 1   [ RunTime:0.0001s ]
SQL: SELECT `name` FROM `jx_product` WHERE `id` = 2 LIMIT 1   [ RunTime:0.0001s ]
INFO: [ view_parse ] --START--
INFO: [ template_filter ] --START--
INFO: Run Behavior\ContentReplaceBehavior [ RunTime:0.000031s ]
INFO: [ template_filter ] --END-- [ RunTime:0.000042s ]
INFO: Run Behavior\ParseTemplateBehavior [ RunTime:0.003203s ]
INFO: [ view_parse ] --END-- [ RunTime:0.003216s ]
INFO: [ view_filter ] --START--
INFO: Run Behavior\WriteHtmlCacheBehavior [ RunTime:0.000047s ]
INFO: [ view_filter ] --END-- [ RunTime:0.000054s ]
INFO: [ app_end ] --START--
INFO: Run Behavior\ShowPageTraceBehavior [ RunTime:0.000031s ]
INFO: [ app_end ] --END-- [ RunTime:0.000037s ]

