[ 2020-02-29T20:14:47+08:00 ] 127.0.0.1 /mobileShop/Uploads/images/avatar/images/avatar/2020-02-23/5e527eb74b44c.jpg
INFO: [ app_init ] --START--
INFO: Run Behavior\BuildLiteBehavior [ RunTime:0.000003s ]
INFO: [ app_init ] --END-- [ RunTime:0.000021s ]
ERR: 无法加载模块:Uploads

[ 2020-02-29T20:14:47+08:00 ] 127.0.0.1 /mobileShop/Uploads/images/avatar/images/avatar/2020-02-26/5e566f3cca065.jpg
INFO: [ app_init ] --START--
INFO: Run Behavior\BuildLiteBehavior [ RunTime:0.000004s ]
INFO: [ app_init ] --END-- [ RunTime:0.000024s ]
ERR: 无法加载模块:Uploads

[ 2020-02-29T20:14:49+08:00 ] 127.0.0.1 /mobileShop/Uploads/images/avatar/images/avatar/2020-02-26/5e566f3cca065.jpg
INFO: [ app_init ] --START--
INFO: Run Behavior\BuildLiteBehavior [ RunTime:0.000007s ]
INFO: [ app_init ] --END-- [ RunTime:0.000045s ]
ERR: 无法加载模块:Uploads

[ 2020-02-29T20:14:49+08:00 ] 127.0.0.1 /mobileShop/Uploads/images/avatar/images/avatar/2020-02-23/5e527eb74b44c.jpg
INFO: [ app_init ] --START--
INFO: Run Behavior\BuildLiteBehavior [ RunTime:0.000004s ]
INFO: [ app_init ] --END-- [ RunTime:0.000028s ]
ERR: 无法加载模块:Uploads

[ 2020-02-29T20:15:37+08:00 ] 127.0.0.1 /mobileShop/Uploads/images/avatar/images/avatar/2020-02-26/5e566f3cca065.jpg
INFO: [ app_init ] --START--
INFO: Run Behavior\BuildLiteBehavior [ RunTime:0.000007s ]
INFO: [ app_init ] --END-- [ RunTime:0.000051s ]
ERR: 无法加载模块:Uploads

[ 2020-02-29T20:15:37+08:00 ] 127.0.0.1 /mobileShop/Uploads/images/avatar/images/avatar/2020-02-23/5e527eb74b44c.jpg
INFO: [ app_init ] --START--
INFO: Run Behavior\BuildLiteBehavior [ RunTime:0.000005s ]
INFO: [ app_init ] --END-- [ RunTime:0.000037s ]
ERR: 无法加载模块:Uploads

[ 2020-02-29T20:15:42+08:00 ] 127.0.0.1 /mobileShop/Uploads/images/avatar/images/avatar/2020-02-23/5e527eb74b44c.jpg
INFO: [ app_init ] --START--
INFO: Run Behavior\BuildLiteBehavior [ RunTime:0.000005s ]
INFO: [ app_init ] --END-- [ RunTime:0.000032s ]
ERR: 无法加载模块:Uploads

[ 2020-02-29T20:15:42+08:00 ] 127.0.0.1 /mobileShop/Uploads/images/avatar/images/avatar/2020-02-26/5e566f3cca065.jpg
INFO: [ app_init ] --START--
INFO: Run Behavior\BuildLiteBehavior [ RunTime:0.000003s ]
INFO: [ app_init ] --END-- [ RunTime:0.000025s ]
ERR: 无法加载模块:Uploads

[ 2020-02-29T20:15:44+08:00 ] 127.0.0.1 /mobileShop/Uploads/images/avatar/images/avatar/2020-02-26/5e566f3cca065.jpg
INFO: [ app_init ] --START--
INFO: Run Behavior\BuildLiteBehavior [ RunTime:0.000005s ]
INFO: [ app_init ] --END-- [ RunTime:0.000032s ]
ERR: 无法加载模块:Uploads

