[ 2020-02-17T20:56:32+08:00 ] 127.0.0.1 /mobileShop/Uploads/images/cover/2020-02-17/5e4a4a7138aed.jpg,
INFO: [ app_init ] --START--
INFO: Run Behavior\BuildLiteBehavior [ RunTime:0.000005s ]
INFO: [ app_init ] --END-- [ RunTime:0.000036s ]
ERR: 无法加载模块:Uploads

[ 2020-02-17T20:56:32+08:00 ] 127.0.0.1 /mobileShop/Uploads/images/cover/2020-02-17/5e4a4a040f7df.jpg,
INFO: [ app_init ] --START--
INFO: Run Behavior\BuildLiteBehavior [ RunTime:0.000004s ]
INFO: [ app_init ] --END-- [ RunTime:0.000026s ]
ERR: 无法加载模块:Uploads

[ 2020-02-17T21:31:38+08:00 ] 127.0.0.1 /mobileShop/Uploads/0
INFO: [ app_init ] --START--
INFO: Run Behavior\BuildLiteBehavior [ RunTime:0.000004s ]
INFO: [ app_init ] --END-- [ RunTime:0.000031s ]
ERR: 无法加载模块:Uploads

[ 2020-02-17T21:32:51+08:00 ] 127.0.0.1 /mobileShop/Uploads/0
INFO: [ app_init ] --START--
INFO: Run Behavior\BuildLiteBehavior [ RunTime:0.000005s ]
INFO: [ app_init ] --END-- [ RunTime:0.000028s ]
ERR: 无法加载模块:Uploads

[ 2020-02-17T21:33:33+08:00 ] 127.0.0.1 /mobileShop/Uploads/0
INFO: [ app_init ] --START--
INFO: Run Behavior\BuildLiteBehavior [ RunTime:0.000004s ]
INFO: [ app_init ] --END-- [ RunTime:0.000040s ]
ERR: 无法加载模块:Uploads

[ 2020-02-17T21:34:27+08:00 ] 127.0.0.1 /mobileShop/Uploads/0
INFO: [ app_init ] --START--
INFO: Run Behavior\BuildLiteBehavior [ RunTime:0.000004s ]
INFO: [ app_init ] --END-- [ RunTime:0.000025s ]
ERR: 无法加载模块:Uploads

[ 2020-02-17T21:35:37+08:00 ] 127.0.0.1 /mobileShop/Uploads/0
INFO: [ app_init ] --START--
INFO: Run Behavior\BuildLiteBehavior [ RunTime:0.000005s ]
INFO: [ app_init ] --END-- [ RunTime:0.000052s ]
ERR: 无法加载模块:Uploads

