[ 2020-03-01T00:00:09+08:00 ] 127.0.0.1 /mobileShop/index.php/Admin/Product/brand
INFO: [ app_init ] --START--
INFO: Run Behavior\BuildLiteBehavior [ RunTime:0.000005s ]
INFO: [ app_init ] --END-- [ RunTime:0.000052s ]
INFO: [ app_begin ] --START--
INFO: Run Behavior\ReadHtmlCacheBehavior [ RunTime:0.000055s ]
INFO: [ app_begin ] --END-- [ RunTime:0.000071s ]
INFO: [ view_parse ] --START--
INFO: [ template_filter ] --START--
INFO: Run Behavior\ContentReplaceBehavior [ RunTime:0.000042s ]
INFO: [ template_filter ] --END-- [ RunTime:0.000055s ]
NOTIC: [8] Undefined variable: Think /usr/local/var/www/mobileShop/Application/Runtime/Cache/Admin/3bd377f8f74e7ebd0c10e39e10b0e466.php 第 20 行.
NOTIC: [8] Undefined variable: Think /usr/local/var/www/mobileShop/Application/Runtime/Cache/Admin/3bd377f8f74e7ebd0c10e39e10b0e466.php 第 21 行.
NOTIC: [8] Undefined variable: Think /usr/local/var/www/mobileShop/Application/Runtime/Cache/Admin/3bd377f8f74e7ebd0c10e39e10b0e466.php 第 24 行.
NOTIC: [8] Undefined variable: Think /usr/local/var/www/mobileShop/Application/Runtime/Cache/Admin/3bd377f8f74e7ebd0c10e39e10b0e466.php 第 25 行.
NOTIC: [8] Undefined variable: Think /usr/local/var/www/mobileShop/Application/Runtime/Cache/Admin/3bd377f8f74e7ebd0c10e39e10b0e466.php 第 26 行.
NOTIC: [8] Undefined variable: Think /usr/local/var/www/mobileShop/Application/Runtime/Cache/Admin/3bd377f8f74e7ebd0c10e39e10b0e466.php 第 27 行.
NOTIC: [8] Undefined variable: Think /usr/local/var/www/mobileShop/Application/Runtime/Cache/Admin/3bd377f8f74e7ebd0c10e39e10b0e466.php 第 30 行.
NOTIC: [8] Undefined variable: Think /usr/local/var/www/mobileShop/Application/Runtime/Cache/Admin/3bd377f8f74e7ebd0c10e39e10b0e466.php 第 33 行.
NOTIC: [8] Undefined variable: Think /usr/local/var/www/mobileShop/Application/Runtime/Cache/Admin/3bd377f8f74e7ebd0c10e39e10b0e466.php 第 34 行.
NOTIC: [8] Undefined variable: Think /usr/local/var/www/mobileShop/Application/Runtime/Cache/Admin/3bd377f8f74e7ebd0c10e39e10b0e466.php 第 55 行.
NOTIC: [8] Undefined variable: Think /usr/local/var/www/mobileShop/Application/Runtime/Cache/Admin/3bd377f8f74e7ebd0c10e39e10b0e466.php 第 56 行.
NOTIC: [8] Undefined variable: Think /usr/local/var/www/mobileShop/Application/Runtime/Cache/Admin/3bd377f8f74e7ebd0c10e39e10b0e466.php 第 59 行.
NOTIC: [8] Undefined variable: Think /usr/local/var/www/mobileShop/Application/Runtime/Cache/Admin/3bd377f8f74e7ebd0c10e39e10b0e466.php 第 60 行.
NOTIC: [8] Undefined variable: Think /usr/local/var/www/mobileShop/Application/Runtime/Cache/Admin/3bd377f8f74e7ebd0c10e39e10b0e466.php 第 61 行.
NOTIC: [8] Undefined variable: Think /usr/local/var/www/mobileShop/Application/Runtime/Cache/Admin/3bd377f8f74e7ebd0c10e39e10b0e466.php 第 62 行.
NOTIC: [8] Undefined variable: Think /usr/local/var/www/mobileShop/Application/Runtime/Cache/Admin/3bd377f8f74e7ebd0c10e39e10b0e466.php 第 65 行.
NOTIC: [8] Undefined variable: Think /usr/local/var/www/mobileShop/Application/Runtime/Cache/Admin/3bd377f8f74e7ebd0c10e39e10b0e466.php 第 68 行.
NOTIC: [8] Undefined variable: Think /usr/local/var/www/mobileShop/Application/Runtime/Cache/Admin/3bd377f8f74e7ebd0c10e39e10b0e466.php 第 69 行.
INFO: Run Behavior\ParseTemplateBehavior [ RunTime:0.003282s ]
INFO: [ view_parse ] --END-- [ RunTime:0.003294s ]
INFO: [ view_filter ] --START--
INFO: Run Behavior\WriteHtmlCacheBehavior [ RunTime:0.000041s ]
INFO: [ view_filter ] --END-- [ RunTime:0.000071s ]
INFO: [ app_end ] --START--
INFO: Run Behavior\ShowPageTraceBehavior [ RunTime:0.000057s ]
INFO: [ app_end ] --END-- [ RunTime:0.000068s ]

[ 2020-03-01T00:00:09+08:00 ] 127.0.0.1 /mobileShop/index.php/Admin/Product/get_brand_list?page=1&limit=10
INFO: [ app_init ] --START--
INFO: Run Behavior\BuildLiteBehavior [ RunTime:0.000004s ]
INFO: [ app_init ] --END-- [ RunTime:0.000026s ]
INFO: [ app_begin ] --START--
INFO: Run Behavior\ReadHtmlCacheBehavior [ RunTime:0.000028s ]
INFO: [ app_begin ] --END-- [ RunTime:0.000038s ]
SQL: SHOW COLUMNS FROM `jx_brand` [ RunTime:0.0008s ]
SQL: SELECT * FROM `jx_brand` ORDER BY addtime desc LIMIT 0,10   [ RunTime:0.0002s ]
SQL: SELECT COUNT(*) AS tp_count FROM `jx_brand` LIMIT 1   [ RunTime:0.0003s ]

[ 2020-03-01T00:01:21+08:00 ] 127.0.0.1 /mobileShop/index.php/Admin/User/member
INFO: [ app_init ] --START--
INFO: Run Behavior\BuildLiteBehavior [ RunTime:0.000005s ]
INFO: [ app_init ] --END-- [ RunTime:0.000051s ]
INFO: [ app_begin ] --START--
INFO: Run Behavior\ReadHtmlCacheBehavior [ RunTime:0.000129s ]
INFO: [ app_begin ] --END-- [ RunTime:0.000146s ]
INFO: [ view_parse ] --START--
INFO: [ template_filter ] --START--
INFO: Run Behavior\ContentReplaceBehavior [ RunTime:0.000055s ]
INFO: [ template_filter ] --END-- [ RunTime:0.000081s ]
NOTIC: [8] Undefined variable: Think /usr/local/var/www/mobileShop/Application/Runtime/Cache/Admin/58ee3479f0655594ab7d5bd94e642cc1.php 第 20 行.
NOTIC: [8] Undefined variable: Think /usr/local/var/www/mobileShop/Application/Runtime/Cache/Admin/58ee3479f0655594ab7d5bd94e642cc1.php 第 21 行.
NOTIC: [8] Undefined variable: Think /usr/local/var/www/mobileShop/Application/Runtime/Cache/Admin/58ee3479f0655594ab7d5bd94e642cc1.php 第 24 行.
NOTIC: [8] Undefined variable: Think /usr/local/var/www/mobileShop/Application/Runtime/Cache/Admin/58ee3479f0655594ab7d5bd94e642cc1.php 第 25 行.
NOTIC: [8] Undefined variable: Think /usr/local/var/www/mobileShop/Application/Runtime/Cache/Admin/58ee3479f0655594ab7d5bd94e642cc1.php 第 26 行.
NOTIC: [8] Undefined variable: Think /usr/local/var/www/mobileShop/Application/Runtime/Cache/Admin/58ee3479f0655594ab7d5bd94e642cc1.php 第 27 行.
NOTIC: [8] Undefined variable: Think /usr/local/var/www/mobileShop/Application/Runtime/Cache/Admin/58ee3479f0655594ab7d5bd94e642cc1.php 第 30 行.
NOTIC: [8] Undefined variable: Think /usr/local/var/www/mobileShop/Application/Runtime/Cache/Admin/58ee3479f0655594ab7d5bd94e642cc1.php 第 33 行.
NOTIC: [8] Undefined variable: Think /usr/local/var/www/mobileShop/Application/Runtime/Cache/Admin/58ee3479f0655594ab7d5bd94e642cc1.php 第 34 行.
NOTIC: [8] Undefined variable: Think /usr/local/var/www/mobileShop/Application/Runtime/Cache/Admin/58ee3479f0655594ab7d5bd94e642cc1.php 第 55 行.
NOTIC: [8] Undefined variable: Think /usr/local/var/www/mobileShop/Application/Runtime/Cache/Admin/58ee3479f0655594ab7d5bd94e642cc1.php 第 56 行.
NOTIC: [8] Undefined variable: Think /usr/local/var/www/mobileShop/Application/Runtime/Cache/Admin/58ee3479f0655594ab7d5bd94e642cc1.php 第 59 行.
NOTIC: [8] Undefined variable: Think /usr/local/var/www/mobileShop/Application/Runtime/Cache/Admin/58ee3479f0655594ab7d5bd94e642cc1.php 第 60 行.
NOTIC: [8] Undefined variable: Think /usr/local/var/www/mobileShop/Application/Runtime/Cache/Admin/58ee3479f0655594ab7d5bd94e642cc1.php 第 61 行.
NOTIC: [8] Undefined variable: Think /usr/local/var/www/mobileShop/Application/Runtime/Cache/Admin/58ee3479f0655594ab7d5bd94e642cc1.php 第 62 行.
NOTIC: [8] Undefined variable: Think /usr/local/var/www/mobileShop/Application/Runtime/Cache/Admin/58ee3479f0655594ab7d5bd94e642cc1.php 第 65 行.
NOTIC: [8] Undefined variable: Think /usr/local/var/www/mobileShop/Application/Runtime/Cache/Admin/58ee3479f0655594ab7d5bd94e642cc1.php 第 68 行.
NOTIC: [8] Undefined variable: Think /usr/local/var/www/mobileShop/Application/Runtime/Cache/Admin/58ee3479f0655594ab7d5bd94e642cc1.php 第 69 行.
INFO: Run Behavior\ParseTemplateBehavior [ RunTime:0.003556s ]
INFO: [ view_parse ] --END-- [ RunTime:0.003572s ]
INFO: [ view_filter ] --START--
INFO: Run Behavior\WriteHtmlCacheBehavior [ RunTime:0.000080s ]
INFO: [ view_filter ] --END-- [ RunTime:0.000088s ]
INFO: [ app_end ] --START--
INFO: Run Behavior\ShowPageTraceBehavior [ RunTime:0.000044s ]
INFO: [ app_end ] --END-- [ RunTime:0.000052s ]

[ 2020-03-01T00:01:21+08:00 ] 127.0.0.1 /mobileShop/index.php/Admin/User/get_user_list?page=1&limit=10
INFO: [ app_init ] --START--
INFO: Run Behavior\BuildLiteBehavior [ RunTime:0.000004s ]
INFO: [ app_init ] --END-- [ RunTime:0.000023s ]
INFO: [ app_begin ] --START--
INFO: Run Behavior\ReadHtmlCacheBehavior [ RunTime:0.000018s ]
INFO: [ app_begin ] --END-- [ RunTime:0.000026s ]
SQL: SHOW COLUMNS FROM `jx_user` [ RunTime:0.0008s ]
SQL: SELECT * FROM `jx_user` ORDER BY addtime desc LIMIT 0,10   [ RunTime:0.0002s ]
SQL: SELECT COUNT(*) AS tp_count FROM `jx_user` LIMIT 1   [ RunTime:0.0002s ]

[ 2020-03-01T00:02:47+08:00 ] 127.0.0.1 /mobileShop/index.php/Admin/User/admin
INFO: [ app_init ] --START--
INFO: Run Behavior\BuildLiteBehavior [ RunTime:0.000005s ]
INFO: [ app_init ] --END-- [ RunTime:0.000047s ]
INFO: [ app_begin ] --START--
INFO: Run Behavior\ReadHtmlCacheBehavior [ RunTime:0.000042s ]
INFO: [ app_begin ] --END-- [ RunTime:0.000057s ]
INFO: [ view_parse ] --START--
INFO: [ template_filter ] --START--
INFO: Run Behavior\ContentReplaceBehavior [ RunTime:0.000050s ]
INFO: [ template_filter ] --END-- [ RunTime:0.000076s ]
NOTIC: [8] Undefined variable: Think /usr/local/var/www/mobileShop/Application/Runtime/Cache/Admin/970b359eab7c3067a5e3a02a7c838fa8.php 第 20 行.
NOTIC: [8] Undefined variable: Think /usr/local/var/www/mobileShop/Application/Runtime/Cache/Admin/970b359eab7c3067a5e3a02a7c838fa8.php 第 21 行.
NOTIC: [8] Undefined variable: Think /usr/local/var/www/mobileShop/Application/Runtime/Cache/Admin/970b359eab7c3067a5e3a02a7c838fa8.php 第 24 行.
NOTIC: [8] Undefined variable: Think /usr/local/var/www/mobileShop/Application/Runtime/Cache/Admin/970b359eab7c3067a5e3a02a7c838fa8.php 第 25 行.
NOTIC: [8] Undefined variable: Think /usr/local/var/www/mobileShop/Application/Runtime/Cache/Admin/970b359eab7c3067a5e3a02a7c838fa8.php 第 26 行.
NOTIC: [8] Undefined variable: Think /usr/local/var/www/mobileShop/Application/Runtime/Cache/Admin/970b359eab7c3067a5e3a02a7c838fa8.php 第 27 行.
NOTIC: [8] Undefined variable: Think /usr/local/var/www/mobileShop/Application/Runtime/Cache/Admin/970b359eab7c3067a5e3a02a7c838fa8.php 第 30 行.
NOTIC: [8] Undefined variable: Think /usr/local/var/www/mobileShop/Application/Runtime/Cache/Admin/970b359eab7c3067a5e3a02a7c838fa8.php 第 33 行.
NOTIC: [8] Undefined variable: Think /usr/local/var/www/mobileShop/Application/Runtime/Cache/Admin/970b359eab7c3067a5e3a02a7c838fa8.php 第 34 行.
NOTIC: [8] Undefined variable: Think /usr/local/var/www/mobileShop/Application/Runtime/Cache/Admin/970b359eab7c3067a5e3a02a7c838fa8.php 第 55 行.
NOTIC: [8] Undefined variable: Think /usr/local/var/www/mobileShop/Application/Runtime/Cache/Admin/970b359eab7c3067a5e3a02a7c838fa8.php 第 56 行.
NOTIC: [8] Undefined variable: Think /usr/local/var/www/mobileShop/Application/Runtime/Cache/Admin/970b359eab7c3067a5e3a02a7c838fa8.php 第 59 行.
NOTIC: [8] Undefined variable: Think /usr/local/var/www/mobileShop/Application/Runtime/Cache/Admin/970b359eab7c3067a5e3a02a7c838fa8.php 第 60 行.
NOTIC: [8] Undefined variable: Think /usr/local/var/www/mobileShop/Application/Runtime/Cache/Admin/970b359eab7c3067a5e3a02a7c838fa8.php 第 61 行.
NOTIC: [8] Undefined variable: Think /usr/local/var/www/mobileShop/Application/Runtime/Cache/Admin/970b359eab7c3067a5e3a02a7c838fa8.php 第 62 行.
NOTIC: [8] Undefined variable: Think /usr/local/var/www/mobileShop/Application/Runtime/Cache/Admin/970b359eab7c3067a5e3a02a7c838fa8.php 第 65 行.
NOTIC: [8] Undefined variable: Think /usr/local/var/www/mobileShop/Application/Runtime/Cache/Admin/970b359eab7c3067a5e3a02a7c838fa8.php 第 68 行.
NOTIC: [8] Undefined variable: Think /usr/local/var/www/mobileShop/Application/Runtime/Cache/Admin/970b359eab7c3067a5e3a02a7c838fa8.php 第 69 行.
INFO: Run Behavior\ParseTemplateBehavior [ RunTime:0.005462s ]
INFO: [ view_parse ] --END-- [ RunTime:0.005513s ]
INFO: [ view_filter ] --START--
INFO: Run Behavior\WriteHtmlCacheBehavior [ RunTime:0.000106s ]
INFO: [ view_filter ] --END-- [ RunTime:0.000114s ]
INFO: [ app_end ] --START--
INFO: Run Behavior\ShowPageTraceBehavior [ RunTime:0.000041s ]
INFO: [ app_end ] --END-- [ RunTime:0.000050s ]

[ 2020-03-01T00:02:48+08:00 ] 127.0.0.1 /mobileShop/index.php/Admin/User/get_admin_list?page=1&limit=10
INFO: [ app_init ] --START--
INFO: Run Behavior\BuildLiteBehavior [ RunTime:0.000004s ]
INFO: [ app_init ] --END-- [ RunTime:0.000031s ]
INFO: [ app_begin ] --START--
INFO: Run Behavior\ReadHtmlCacheBehavior [ RunTime:0.000022s ]
INFO: [ app_begin ] --END-- [ RunTime:0.000030s ]
SQL: SHOW COLUMNS FROM `jx_admin_user` [ RunTime:0.0008s ]
SQL: SELECT * FROM `jx_admin_user` ORDER BY addtime desc LIMIT 0,10   [ RunTime:0.0004s ]
SQL: SELECT COUNT(*) AS tp_count FROM `jx_admin_user` LIMIT 1   [ RunTime:0.0002s ]

[ 2020-03-01T00:02:48+08:00 ] 127.0.0.1 /mobileShop/index.php/Admin/User/member
INFO: [ app_init ] --START--
INFO: Run Behavior\BuildLiteBehavior [ RunTime:0.000005s ]
INFO: [ app_init ] --END-- [ RunTime:0.000034s ]
INFO: [ app_begin ] --START--
INFO: Run Behavior\ReadHtmlCacheBehavior [ RunTime:0.000031s ]
INFO: [ app_begin ] --END-- [ RunTime:0.000043s ]
INFO: [ view_parse ] --START--
INFO: [ template_filter ] --START--
INFO: Run Behavior\ContentReplaceBehavior [ RunTime:0.000046s ]
INFO: [ template_filter ] --END-- [ RunTime:0.000068s ]
NOTIC: [8] Undefined variable: Think /usr/local/var/www/mobileShop/Application/Runtime/Cache/Admin/58ee3479f0655594ab7d5bd94e642cc1.php 第 20 行.
NOTIC: [8] Undefined variable: Think /usr/local/var/www/mobileShop/Application/Runtime/Cache/Admin/58ee3479f0655594ab7d5bd94e642cc1.php 第 21 行.
NOTIC: [8] Undefined variable: Think /usr/local/var/www/mobileShop/Application/Runtime/Cache/Admin/58ee3479f0655594ab7d5bd94e642cc1.php 第 24 行.
NOTIC: [8] Undefined variable: Think /usr/local/var/www/mobileShop/Application/Runtime/Cache/Admin/58ee3479f0655594ab7d5bd94e642cc1.php 第 25 行.
NOTIC: [8] Undefined variable: Think /usr/local/var/www/mobileShop/Application/Runtime/Cache/Admin/58ee3479f0655594ab7d5bd94e642cc1.php 第 26 行.
NOTIC: [8] Undefined variable: Think /usr/local/var/www/mobileShop/Application/Runtime/Cache/Admin/58ee3479f0655594ab7d5bd94e642cc1.php 第 27 行.
NOTIC: [8] Undefined variable: Think /usr/local/var/www/mobileShop/Application/Runtime/Cache/Admin/58ee3479f0655594ab7d5bd94e642cc1.php 第 30 行.
NOTIC: [8] Undefined variable: Think /usr/local/var/www/mobileShop/Application/Runtime/Cache/Admin/58ee3479f0655594ab7d5bd94e642cc1.php 第 33 行.
NOTIC: [8] Undefined variable: Think /usr/local/var/www/mobileShop/Application/Runtime/Cache/Admin/58ee3479f0655594ab7d5bd94e642cc1.php 第 34 行.
NOTIC: [8] Undefined variable: Think /usr/local/var/www/mobileShop/Application/Runtime/Cache/Admin/58ee3479f0655594ab7d5bd94e642cc1.php 第 55 行.
NOTIC: [8] Undefined variable: Think /usr/local/var/www/mobileShop/Application/Runtime/Cache/Admin/58ee3479f0655594ab7d5bd94e642cc1.php 第 56 行.
NOTIC: [8] Undefined variable: Think /usr/local/var/www/mobileShop/Application/Runtime/Cache/Admin/58ee3479f0655594ab7d5bd94e642cc1.php 第 59 行.
NOTIC: [8] Undefined variable: Think /usr/local/var/www/mobileShop/Application/Runtime/Cache/Admin/58ee3479f0655594ab7d5bd94e642cc1.php 第 60 行.
NOTIC: [8] Undefined variable: Think /usr/local/var/www/mobileShop/Application/Runtime/Cache/Admin/58ee3479f0655594ab7d5bd94e642cc1.php 第 61 行.
NOTIC: [8] Undefined variable: Think /usr/local/var/www/mobileShop/Application/Runtime/Cache/Admin/58ee3479f0655594ab7d5bd94e642cc1.php 第 62 行.
NOTIC: [8] Undefined variable: Think /usr/local/var/www/mobileShop/Application/Runtime/Cache/Admin/58ee3479f0655594ab7d5bd94e642cc1.php 第 65 行.
NOTIC: [8] Undefined variable: Think /usr/local/var/www/mobileShop/Application/Runtime/Cache/Admin/58ee3479f0655594ab7d5bd94e642cc1.php 第 68 行.
NOTIC: [8] Undefined variable: Think /usr/local/var/www/mobileShop/Application/Runtime/Cache/Admin/58ee3479f0655594ab7d5bd94e642cc1.php 第 69 行.
INFO: Run Behavior\ParseTemplateBehavior [ RunTime:0.004063s ]
INFO: [ view_parse ] --END-- [ RunTime:0.004079s ]
INFO: [ view_filter ] --START--
INFO: Run Behavior\WriteHtmlCacheBehavior [ RunTime:0.000053s ]
INFO: [ view_filter ] --END-- [ RunTime:0.000061s ]
INFO: [ app_end ] --START--
INFO: Run Behavior\ShowPageTraceBehavior [ RunTime:0.000026s ]
INFO: [ app_end ] --END-- [ RunTime:0.000032s ]

[ 2020-03-01T00:02:48+08:00 ] 127.0.0.1 /mobileShop/index.php/Admin/User/get_user_list?page=1&limit=10
INFO: [ app_init ] --START--
INFO: Run Behavior\BuildLiteBehavior [ RunTime:0.000004s ]
INFO: [ app_init ] --END-- [ RunTime:0.000028s ]
INFO: [ app_begin ] --START--
INFO: Run Behavior\ReadHtmlCacheBehavior [ RunTime:0.000047s ]
INFO: [ app_begin ] --END-- [ RunTime:0.000061s ]
SQL: SHOW COLUMNS FROM `jx_user` [ RunTime:0.0011s ]
SQL: SELECT * FROM `jx_user` ORDER BY addtime desc LIMIT 0,10   [ RunTime:0.0002s ]
SQL: SELECT COUNT(*) AS tp_count FROM `jx_user` LIMIT 1   [ RunTime:0.0002s ]

[ 2020-03-01T00:04:02+08:00 ] 127.0.0.1 /mobileShop/index.php/Admin/User/member
INFO: [ app_init ] --START--
INFO: Run Behavior\BuildLiteBehavior [ RunTime:0.000006s ]
INFO: [ app_init ] --END-- [ RunTime:0.000061s ]
INFO: [ app_begin ] --START--
INFO: Run Behavior\ReadHtmlCacheBehavior [ RunTime:0.000117s ]
INFO: [ app_begin ] --END-- [ RunTime:0.000135s ]
INFO: [ view_parse ] --START--
INFO: [ template_filter ] --START--
INFO: Run Behavior\ContentReplaceBehavior [ RunTime:0.000047s ]
INFO: [ template_filter ] --END-- [ RunTime:0.000086s ]
NOTIC: [8] Undefined variable: Think /usr/local/var/www/mobileShop/Application/Runtime/Cache/Admin/58ee3479f0655594ab7d5bd94e642cc1.php 第 20 行.
NOTIC: [8] Undefined variable: Think /usr/local/var/www/mobileShop/Application/Runtime/Cache/Admin/58ee3479f0655594ab7d5bd94e642cc1.php 第 21 行.
NOTIC: [8] Undefined variable: Think /usr/local/var/www/mobileShop/Application/Runtime/Cache/Admin/58ee3479f0655594ab7d5bd94e642cc1.php 第 24 行.
NOTIC: [8] Undefined variable: Think /usr/local/var/www/mobileShop/Application/Runtime/Cache/Admin/58ee3479f0655594ab7d5bd94e642cc1.php 第 25 行.
NOTIC: [8] Undefined variable: Think /usr/local/var/www/mobileShop/Application/Runtime/Cache/Admin/58ee3479f0655594ab7d5bd94e642cc1.php 第 26 行.
NOTIC: [8] Undefined variable: Think /usr/local/var/www/mobileShop/Application/Runtime/Cache/Admin/58ee3479f0655594ab7d5bd94e642cc1.php 第 27 行.
NOTIC: [8] Undefined variable: Think /usr/local/var/www/mobileShop/Application/Runtime/Cache/Admin/58ee3479f0655594ab7d5bd94e642cc1.php 第 30 行.
NOTIC: [8] Undefined variable: Think /usr/local/var/www/mobileShop/Application/Runtime/Cache/Admin/58ee3479f0655594ab7d5bd94e642cc1.php 第 33 行.
NOTIC: [8] Undefined variable: Think /usr/local/var/www/mobileShop/Application/Runtime/Cache/Admin/58ee3479f0655594ab7d5bd94e642cc1.php 第 34 行.
NOTIC: [8] Undefined variable: Think /usr/local/var/www/mobileShop/Application/Runtime/Cache/Admin/58ee3479f0655594ab7d5bd94e642cc1.php 第 55 行.
NOTIC: [8] Undefined variable: Think /usr/local/var/www/mobileShop/Application/Runtime/Cache/Admin/58ee3479f0655594ab7d5bd94e642cc1.php 第 56 行.
NOTIC: [8] Undefined variable: Think /usr/local/var/www/mobileShop/Application/Runtime/Cache/Admin/58ee3479f0655594ab7d5bd94e642cc1.php 第 59 行.
NOTIC: [8] Undefined variable: Think /usr/local/var/www/mobileShop/Application/Runtime/Cache/Admin/58ee3479f0655594ab7d5bd94e642cc1.php 第 60 行.
NOTIC: [8] Undefined variable: Think /usr/local/var/www/mobileShop/Application/Runtime/Cache/Admin/58ee3479f0655594ab7d5bd94e642cc1.php 第 61 行.
NOTIC: [8] Undefined variable: Think /usr/local/var/www/mobileShop/Application/Runtime/Cache/Admin/58ee3479f0655594ab7d5bd94e642cc1.php 第 62 行.
NOTIC: [8] Undefined variable: Think /usr/local/var/www/mobileShop/Application/Runtime/Cache/Admin/58ee3479f0655594ab7d5bd94e642cc1.php 第 65 行.
NOTIC: [8] Undefined variable: Think /usr/local/var/www/mobileShop/Application/Runtime/Cache/Admin/58ee3479f0655594ab7d5bd94e642cc1.php 第 68 行.
NOTIC: [8] Undefined variable: Think /usr/local/var/www/mobileShop/Application/Runtime/Cache/Admin/58ee3479f0655594ab7d5bd94e642cc1.php 第 69 行.
INFO: Run Behavior\ParseTemplateBehavior [ RunTime:0.003957s ]
INFO: [ view_parse ] --END-- [ RunTime:0.003974s ]
INFO: [ view_filter ] --START--
INFO: Run Behavior\WriteHtmlCacheBehavior [ RunTime:0.000081s ]
INFO: [ view_filter ] --END-- [ RunTime:0.000090s ]
INFO: [ app_end ] --START--
INFO: Run Behavior\ShowPageTraceBehavior [ RunTime:0.000050s ]
INFO: [ app_end ] --END-- [ RunTime:0.000058s ]

[ 2020-03-01T00:04:02+08:00 ] 127.0.0.1 /mobileShop/index.php/Admin/User/get_user_list?page=1&limit=10
INFO: [ app_init ] --START--
INFO: Run Behavior\BuildLiteBehavior [ RunTime:0.000004s ]
INFO: [ app_init ] --END-- [ RunTime:0.000024s ]
INFO: [ app_begin ] --START--
INFO: Run Behavior\ReadHtmlCacheBehavior [ RunTime:0.000019s ]
INFO: [ app_begin ] --END-- [ RunTime:0.000026s ]
SQL: SHOW COLUMNS FROM `jx_user` [ RunTime:0.0009s ]
SQL: SELECT * FROM `jx_user` ORDER BY addtime desc LIMIT 0,10   [ RunTime:0.0002s ]
SQL: SELECT COUNT(*) AS tp_count FROM `jx_user` LIMIT 1   [ RunTime:0.0002s ]

[ 2020-03-01T10:39:32+08:00 ] 127.0.0.1 /mobileShop/index.php/Admin/Order/index
INFO: [ app_init ] --START--
INFO: Run Behavior\BuildLiteBehavior [ RunTime:0.000005s ]
INFO: [ app_init ] --END-- [ RunTime:0.000062s ]
INFO: [ app_begin ] --START--
INFO: Run Behavior\ReadHtmlCacheBehavior [ RunTime:0.000047s ]
INFO: [ app_begin ] --END-- [ RunTime:0.000062s ]

[ 2020-03-01T10:39:32+08:00 ] 127.0.0.1 /mobileShop/index.php/Admin/Login/index
INFO: [ app_init ] --START--
INFO: Run Behavior\BuildLiteBehavior [ RunTime:0.000005s ]
INFO: [ app_init ] --END-- [ RunTime:0.000028s ]
INFO: [ app_begin ] --START--
INFO: Run Behavior\ReadHtmlCacheBehavior [ RunTime:0.000037s ]
INFO: [ app_begin ] --END-- [ RunTime:0.000053s ]
INFO: [ view_parse ] --START--
INFO: [ template_filter ] --START--
INFO: Run Behavior\ContentReplaceBehavior [ RunTime:0.000024s ]
INFO: [ template_filter ] --END-- [ RunTime:0.000045s ]
INFO: Run Behavior\ParseTemplateBehavior [ RunTime:0.001935s ]
INFO: [ view_parse ] --END-- [ RunTime:0.001955s ]
INFO: [ view_filter ] --START--
INFO: Run Behavior\WriteHtmlCacheBehavior [ RunTime:0.000062s ]
INFO: [ view_filter ] --END-- [ RunTime:0.000068s ]
INFO: [ app_end ] --START--
INFO: Run Behavior\ShowPageTraceBehavior [ RunTime:0.000034s ]
INFO: [ app_end ] --END-- [ RunTime:0.000038s ]

[ 2020-03-01T10:39:32+08:00 ] 127.0.0.1 /mobileShop/index.php/Admin/Login/get_captcha
INFO: [ app_init ] --START--
INFO: Run Behavior\BuildLiteBehavior [ RunTime:0.000006s ]
INFO: [ app_init ] --END-- [ RunTime:0.000039s ]
INFO: [ app_begin ] --START--
INFO: Run Behavior\ReadHtmlCacheBehavior [ RunTime:0.000038s ]
INFO: [ app_begin ] --END-- [ RunTime:0.000053s ]
INFO: [ app_end ] --START--
INFO: Run Behavior\ShowPageTraceBehavior [ RunTime:0.000207s ]
INFO: [ app_end ] --END-- [ RunTime:0.000280s ]

[ 2020-03-01T10:39:44+08:00 ] 127.0.0.1 /mobileShop/index.php/Admin/Login/do
INFO: [ app_init ] --START--
INFO: Run Behavior\BuildLiteBehavior [ RunTime:0.000004s ]
INFO: [ app_init ] --END-- [ RunTime:0.000046s ]
INFO: [ app_begin ] --START--
INFO: Run Behavior\ReadHtmlCacheBehavior [ RunTime:0.000043s ]
INFO: [ app_begin ] --END-- [ RunTime:0.000055s ]
SQL: SHOW COLUMNS FROM `jx_admin_user` [ RunTime:0.0015s ]
SQL: SELECT * FROM `jx_admin_user` WHERE `account` = 'admin' LIMIT 1   [ RunTime:0.0004s ]
INFO: [ view_parse ] --START--
INFO: [ template_filter ] --START--
INFO: Run Behavior\ContentReplaceBehavior [ RunTime:0.000016s ]
INFO: [ template_filter ] --END-- [ RunTime:0.000028s ]
INFO: Run Behavior\ParseTemplateBehavior [ RunTime:0.001601s ]
INFO: [ view_parse ] --END-- [ RunTime:0.001618s ]
INFO: [ view_filter ] --START--
INFO: Run Behavior\WriteHtmlCacheBehavior [ RunTime:0.000038s ]
INFO: [ view_filter ] --END-- [ RunTime:0.000044s ]
INFO: [ app_end ] --START--
INFO: Run Behavior\ShowPageTraceBehavior [ RunTime:0.000030s ]
INFO: [ app_end ] --END-- [ RunTime:0.000034s ]

[ 2020-03-01T10:39:45+08:00 ] 127.0.0.1 /mobileShop/index.php/Admin/Order/index
INFO: [ app_init ] --START--
INFO: Run Behavior\BuildLiteBehavior [ RunTime:0.000005s ]
INFO: [ app_init ] --END-- [ RunTime:0.000031s ]
INFO: [ app_begin ] --START--
INFO: Run Behavior\ReadHtmlCacheBehavior [ RunTime:0.000027s ]
INFO: [ app_begin ] --END-- [ RunTime:0.000038s ]
INFO: [ view_parse ] --START--
INFO: [ template_filter ] --START--
INFO: Run Behavior\ContentReplaceBehavior [ RunTime:0.000035s ]
INFO: [ template_filter ] --END-- [ RunTime:0.000052s ]
NOTIC: [8] Undefined variable: Think /usr/local/var/www/mobileShop/Application/Runtime/Cache/Admin/18bc66a7b6334412ab8e61a2539ecfbd.php 第 20 行.
NOTIC: [8] Undefined variable: Think /usr/local/var/www/mobileShop/Application/Runtime/Cache/Admin/18bc66a7b6334412ab8e61a2539ecfbd.php 第 21 行.
NOTIC: [8] Undefined variable: Think /usr/local/var/www/mobileShop/Application/Runtime/Cache/Admin/18bc66a7b6334412ab8e61a2539ecfbd.php 第 24 行.
NOTIC: [8] Undefined variable: Think /usr/local/var/www/mobileShop/Application/Runtime/Cache/Admin/18bc66a7b6334412ab8e61a2539ecfbd.php 第 25 行.
NOTIC: [8] Undefined variable: Think /usr/local/var/www/mobileShop/Application/Runtime/Cache/Admin/18bc66a7b6334412ab8e61a2539ecfbd.php 第 26 行.
NOTIC: [8] Undefined variable: Think /usr/local/var/www/mobileShop/Application/Runtime/Cache/Admin/18bc66a7b6334412ab8e61a2539ecfbd.php 第 27 行.
NOTIC: [8] Undefined variable: Think /usr/local/var/www/mobileShop/Application/Runtime/Cache/Admin/18bc66a7b6334412ab8e61a2539ecfbd.php 第 30 行.
NOTIC: [8] Undefined variable: Think /usr/local/var/www/mobileShop/Application/Runtime/Cache/Admin/18bc66a7b6334412ab8e61a2539ecfbd.php 第 33 行.
NOTIC: [8] Undefined variable: Think /usr/local/var/www/mobileShop/Application/Runtime/Cache/Admin/18bc66a7b6334412ab8e61a2539ecfbd.php 第 34 行.
NOTIC: [8] Undefined variable: Think /usr/local/var/www/mobileShop/Application/Runtime/Cache/Admin/18bc66a7b6334412ab8e61a2539ecfbd.php 第 55 行.
NOTIC: [8] Undefined variable: Think /usr/local/var/www/mobileShop/Application/Runtime/Cache/Admin/18bc66a7b6334412ab8e61a2539ecfbd.php 第 56 行.
NOTIC: [8] Undefined variable: Think /usr/local/var/www/mobileShop/Application/Runtime/Cache/Admin/18bc66a7b6334412ab8e61a2539ecfbd.php 第 59 行.
NOTIC: [8] Undefined variable: Think /usr/local/var/www/mobileShop/Application/Runtime/Cache/Admin/18bc66a7b6334412ab8e61a2539ecfbd.php 第 60 行.
NOTIC: [8] Undefined variable: Think /usr/local/var/www/mobileShop/Application/Runtime/Cache/Admin/18bc66a7b6334412ab8e61a2539ecfbd.php 第 61 行.
NOTIC: [8] Undefined variable: Think /usr/local/var/www/mobileShop/Application/Runtime/Cache/Admin/18bc66a7b6334412ab8e61a2539ecfbd.php 第 62 行.
NOTIC: [8] Undefined variable: Think /usr/local/var/www/mobileShop/Application/Runtime/Cache/Admin/18bc66a7b6334412ab8e61a2539ecfbd.php 第 65 行.
NOTIC: [8] Undefined variable: Think /usr/local/var/www/mobileShop/Application/Runtime/Cache/Admin/18bc66a7b6334412ab8e61a2539ecfbd.php 第 68 行.
NOTIC: [8] Undefined variable: Think /usr/local/var/www/mobileShop/Application/Runtime/Cache/Admin/18bc66a7b6334412ab8e61a2539ecfbd.php 第 69 行.
INFO: Run Behavior\ParseTemplateBehavior [ RunTime:0.005755s ]
INFO: [ view_parse ] --END-- [ RunTime:0.005767s ]
INFO: [ view_filter ] --START--
INFO: Run Behavior\WriteHtmlCacheBehavior [ RunTime:0.000032s ]
INFO: [ view_filter ] --END-- [ RunTime:0.000039s ]
INFO: [ app_end ] --START--
INFO: Run Behavior\ShowPageTraceBehavior [ RunTime:0.000023s ]
INFO: [ app_end ] --END-- [ RunTime:0.000029s ]

[ 2020-03-01T10:39:45+08:00 ] 127.0.0.1 /mobileShop/index.php/Admin/Order/get_order_list?page=1&limit=10
INFO: [ app_init ] --START--
INFO: Run Behavior\BuildLiteBehavior [ RunTime:0.000004s ]
INFO: [ app_init ] --END-- [ RunTime:0.000023s ]
INFO: [ app_begin ] --START--
INFO: Run Behavior\ReadHtmlCacheBehavior [ RunTime:0.000020s ]
INFO: [ app_begin ] --END-- [ RunTime:0.000027s ]
SQL: SHOW COLUMNS FROM `jx_order` [ RunTime:0.0014s ]
SQL: SHOW COLUMNS FROM `jx_order_product` [ RunTime:0.0010s ]
SQL: SHOW COLUMNS FROM `jx_product` [ RunTime:0.0014s ]
SQL: SHOW COLUMNS FROM `jx_user` [ RunTime:0.0015s ]
SQL: SELECT * FROM `jx_order`  [ RunTime:0.0004s ]
SQL: SHOW COLUMNS FROM `jx_user_address` [ RunTime:0.0014s ]
SQL: SELECT `name` FROM `jx_user` WHERE `id` = 1 LIMIT 1   [ RunTime:0.0006s ]
SQL: SELECT * FROM `jx_order_product` WHERE `order_sn` = '20200226111603179084'  [ RunTime:0.0005s ]
SQL: SELECT `name` FROM `jx_product` WHERE `id` = 2 LIMIT 1   [ RunTime:0.0003s ]
SQL: SELECT * FROM `jx_user_address` WHERE `uid` = 1 LIMIT 1   [ RunTime:0.0004s ]
SQL: SELECT `name` FROM `jx_user` WHERE `id` = 1 LIMIT 1   [ RunTime:0.0004s ]
SQL: SELECT * FROM `jx_order_product` WHERE `order_sn` = '20200226112049549734'  [ RunTime:0.0004s ]
SQL: SELECT `name` FROM `jx_product` WHERE `id` = 1 LIMIT 1   [ RunTime:0.0002s ]
SQL: SELECT `name` FROM `jx_product` WHERE `id` = 2 LIMIT 1   [ RunTime:0.0002s ]
SQL: SELECT * FROM `jx_user_address` WHERE `uid` = 1 LIMIT 1   [ RunTime:0.0005s ]
SQL: SELECT `name` FROM `jx_user` WHERE `id` = 1 LIMIT 1   [ RunTime:0.0003s ]
SQL: SELECT * FROM `jx_order_product` WHERE `order_sn` = '20200229233224988631'  [ RunTime:0.0002s ]
SQL: SELECT `name` FROM `jx_product` WHERE `id` = 4 LIMIT 1   [ RunTime:0.0001s ]
SQL: SELECT `name` FROM `jx_product` WHERE `id` = 1 LIMIT 1   [ RunTime:0.0001s ]
SQL: SELECT * FROM `jx_user_address` WHERE `uid` = 1 LIMIT 1   [ RunTime:0.0001s ]
SQL: SELECT COUNT(*) AS tp_count FROM `jx_order` LIMIT 1   [ RunTime:0.0013s ]

[ 2020-03-01T10:42:52+08:00 ] 127.0.0.1 /mobileShop/index.php/Admin/Product/brand
INFO: [ app_init ] --START--
INFO: Run Behavior\BuildLiteBehavior [ RunTime:0.000006s ]
INFO: [ app_init ] --END-- [ RunTime:0.000060s ]
INFO: [ app_begin ] --START--
INFO: Run Behavior\ReadHtmlCacheBehavior [ RunTime:0.000047s ]
INFO: [ app_begin ] --END-- [ RunTime:0.000062s ]
INFO: [ view_parse ] --START--
INFO: [ template_filter ] --START--
INFO: Run Behavior\ContentReplaceBehavior [ RunTime:0.000050s ]
INFO: [ template_filter ] --END-- [ RunTime:0.000067s ]
NOTIC: [8] Undefined variable: Think /usr/local/var/www/mobileShop/Application/Runtime/Cache/Admin/3bd377f8f74e7ebd0c10e39e10b0e466.php 第 20 行.
NOTIC: [8] Undefined variable: Think /usr/local/var/www/mobileShop/Application/Runtime/Cache/Admin/3bd377f8f74e7ebd0c10e39e10b0e466.php 第 21 行.
NOTIC: [8] Undefined variable: Think /usr/local/var/www/mobileShop/Application/Runtime/Cache/Admin/3bd377f8f74e7ebd0c10e39e10b0e466.php 第 24 行.
NOTIC: [8] Undefined variable: Think /usr/local/var/www/mobileShop/Application/Runtime/Cache/Admin/3bd377f8f74e7ebd0c10e39e10b0e466.php 第 25 行.
NOTIC: [8] Undefined variable: Think /usr/local/var/www/mobileShop/Application/Runtime/Cache/Admin/3bd377f8f74e7ebd0c10e39e10b0e466.php 第 26 行.
NOTIC: [8] Undefined variable: Think /usr/local/var/www/mobileShop/Application/Runtime/Cache/Admin/3bd377f8f74e7ebd0c10e39e10b0e466.php 第 27 行.
NOTIC: [8] Undefined variable: Think /usr/local/var/www/mobileShop/Application/Runtime/Cache/Admin/3bd377f8f74e7ebd0c10e39e10b0e466.php 第 30 行.
NOTIC: [8] Undefined variable: Think /usr/local/var/www/mobileShop/Application/Runtime/Cache/Admin/3bd377f8f74e7ebd0c10e39e10b0e466.php 第 33 行.
NOTIC: [8] Undefined variable: Think /usr/local/var/www/mobileShop/Application/Runtime/Cache/Admin/3bd377f8f74e7ebd0c10e39e10b0e466.php 第 34 行.
NOTIC: [8] Undefined variable: Think /usr/local/var/www/mobileShop/Application/Runtime/Cache/Admin/3bd377f8f74e7ebd0c10e39e10b0e466.php 第 55 行.
NOTIC: [8] Undefined variable: Think /usr/local/var/www/mobileShop/Application/Runtime/Cache/Admin/3bd377f8f74e7ebd0c10e39e10b0e466.php 第 56 行.
NOTIC: [8] Undefined variable: Think /usr/local/var/www/mobileShop/Application/Runtime/Cache/Admin/3bd377f8f74e7ebd0c10e39e10b0e466.php 第 59 行.
NOTIC: [8] Undefined variable: Think /usr/local/var/www/mobileShop/Application/Runtime/Cache/Admin/3bd377f8f74e7ebd0c10e39e10b0e466.php 第 60 行.
NOTIC: [8] Undefined variable: Think /usr/local/var/www/mobileShop/Application/Runtime/Cache/Admin/3bd377f8f74e7ebd0c10e39e10b0e466.php 第 61 行.
NOTIC: [8] Undefined variable: Think /usr/local/var/www/mobileShop/Application/Runtime/Cache/Admin/3bd377f8f74e7ebd0c10e39e10b0e466.php 第 62 行.
NOTIC: [8] Undefined variable: Think /usr/local/var/www/mobileShop/Application/Runtime/Cache/Admin/3bd377f8f74e7ebd0c10e39e10b0e466.php 第 65 行.
NOTIC: [8] Undefined variable: Think /usr/local/var/www/mobileShop/Application/Runtime/Cache/Admin/3bd377f8f74e7ebd0c10e39e10b0e466.php 第 68 行.
NOTIC: [8] Undefined variable: Think /usr/local/var/www/mobileShop/Application/Runtime/Cache/Admin/3bd377f8f74e7ebd0c10e39e10b0e466.php 第 69 行.
INFO: Run Behavior\ParseTemplateBehavior [ RunTime:0.004772s ]
INFO: [ view_parse ] --END-- [ RunTime:0.004789s ]
INFO: [ view_filter ] --START--
INFO: Run Behavior\WriteHtmlCacheBehavior [ RunTime:0.000081s ]
INFO: [ view_filter ] --END-- [ RunTime:0.000090s ]
INFO: [ app_end ] --START--
INFO: Run Behavior\ShowPageTraceBehavior [ RunTime:0.000148s ]
INFO: [ app_end ] --END-- [ RunTime:0.000160s ]

[ 2020-03-01T10:42:52+08:00 ] 127.0.0.1 /mobileShop/index.php/Admin/Product/get_brand_list?page=1&limit=10
INFO: [ app_init ] --START--
INFO: Run Behavior\BuildLiteBehavior [ RunTime:0.000004s ]
INFO: [ app_init ] --END-- [ RunTime:0.000022s ]
INFO: [ app_begin ] --START--
INFO: Run Behavior\ReadHtmlCacheBehavior [ RunTime:0.000019s ]
INFO: [ app_begin ] --END-- [ RunTime:0.000026s ]
SQL: SHOW COLUMNS FROM `jx_brand` [ RunTime:0.0011s ]
SQL: SELECT * FROM `jx_brand` ORDER BY addtime desc LIMIT 0,10   [ RunTime:0.0002s ]
SQL: SELECT COUNT(*) AS tp_count FROM `jx_brand` LIMIT 1   [ RunTime:0.0003s ]

[ 2020-03-01T10:43:13+08:00 ] 127.0.0.1 /mobileShop/index.php/Admin/Product/list
INFO: [ app_init ] --START--
INFO: Run Behavior\BuildLiteBehavior [ RunTime:0.000008s ]
INFO: [ app_init ] --END-- [ RunTime:0.000150s ]
INFO: [ app_begin ] --START--
INFO: Run Behavior\ReadHtmlCacheBehavior [ RunTime:0.000051s ]
INFO: [ app_begin ] --END-- [ RunTime:0.000067s ]
SQL: SHOW COLUMNS FROM `jx_category` [ RunTime:0.0015s ]
SQL: SHOW COLUMNS FROM `jx_brand` [ RunTime:0.0013s ]
SQL: SELECT * FROM `jx_category` ORDER BY addtime desc  [ RunTime:0.0004s ]
SQL: SELECT * FROM `jx_brand` ORDER BY addtime desc  [ RunTime:0.0003s ]
INFO: [ view_parse ] --START--
INFO: [ template_filter ] --START--
INFO: Run Behavior\ContentReplaceBehavior [ RunTime:0.000055s ]
INFO: [ template_filter ] --END-- [ RunTime:0.000072s ]
NOTIC: [8] Undefined variable: Think /usr/local/var/www/mobileShop/Application/Runtime/Cache/Admin/2511cfa6573b3bef5398eba0a47759a0.php 第 20 行.
NOTIC: [8] Undefined variable: Think /usr/local/var/www/mobileShop/Application/Runtime/Cache/Admin/2511cfa6573b3bef5398eba0a47759a0.php 第 21 行.
NOTIC: [8] Undefined variable: Think /usr/local/var/www/mobileShop/Application/Runtime/Cache/Admin/2511cfa6573b3bef5398eba0a47759a0.php 第 24 行.
NOTIC: [8] Undefined variable: Think /usr/local/var/www/mobileShop/Application/Runtime/Cache/Admin/2511cfa6573b3bef5398eba0a47759a0.php 第 25 行.
NOTIC: [8] Undefined variable: Think /usr/local/var/www/mobileShop/Application/Runtime/Cache/Admin/2511cfa6573b3bef5398eba0a47759a0.php 第 26 行.
NOTIC: [8] Undefined variable: Think /usr/local/var/www/mobileShop/Application/Runtime/Cache/Admin/2511cfa6573b3bef5398eba0a47759a0.php 第 27 行.
NOTIC: [8] Undefined variable: Think /usr/local/var/www/mobileShop/Application/Runtime/Cache/Admin/2511cfa6573b3bef5398eba0a47759a0.php 第 30 行.
NOTIC: [8] Undefined variable: Think /usr/local/var/www/mobileShop/Application/Runtime/Cache/Admin/2511cfa6573b3bef5398eba0a47759a0.php 第 33 行.
NOTIC: [8] Undefined variable: Think /usr/local/var/www/mobileShop/Application/Runtime/Cache/Admin/2511cfa6573b3bef5398eba0a47759a0.php 第 34 行.
NOTIC: [8] Undefined variable: Think /usr/local/var/www/mobileShop/Application/Runtime/Cache/Admin/2511cfa6573b3bef5398eba0a47759a0.php 第 55 行.
NOTIC: [8] Undefined variable: Think /usr/local/var/www/mobileShop/Application/Runtime/Cache/Admin/2511cfa6573b3bef5398eba0a47759a0.php 第 56 行.
NOTIC: [8] Undefined variable: Think /usr/local/var/www/mobileShop/Application/Runtime/Cache/Admin/2511cfa6573b3bef5398eba0a47759a0.php 第 59 行.
NOTIC: [8] Undefined variable: Think /usr/local/var/www/mobileShop/Application/Runtime/Cache/Admin/2511cfa6573b3bef5398eba0a47759a0.php 第 60 行.
NOTIC: [8] Undefined variable: Think /usr/local/var/www/mobileShop/Application/Runtime/Cache/Admin/2511cfa6573b3bef5398eba0a47759a0.php 第 61 行.
NOTIC: [8] Undefined variable: Think /usr/local/var/www/mobileShop/Application/Runtime/Cache/Admin/2511cfa6573b3bef5398eba0a47759a0.php 第 62 行.
NOTIC: [8] Undefined variable: Think /usr/local/var/www/mobileShop/Application/Runtime/Cache/Admin/2511cfa6573b3bef5398eba0a47759a0.php 第 65 行.
NOTIC: [8] Undefined variable: Think /usr/local/var/www/mobileShop/Application/Runtime/Cache/Admin/2511cfa6573b3bef5398eba0a47759a0.php 第 68 行.
NOTIC: [8] Undefined variable: Think /usr/local/var/www/mobileShop/Application/Runtime/Cache/Admin/2511cfa6573b3bef5398eba0a47759a0.php 第 69 行.
INFO: Run Behavior\ParseTemplateBehavior [ RunTime:0.004381s ]
INFO: [ view_parse ] --END-- [ RunTime:0.004394s ]
INFO: [ view_filter ] --START--
INFO: Run Behavior\WriteHtmlCacheBehavior [ RunTime:0.000050s ]
INFO: [ view_filter ] --END-- [ RunTime:0.000057s ]
INFO: [ app_end ] --START--
INFO: Run Behavior\ShowPageTraceBehavior [ RunTime:0.000034s ]
INFO: [ app_end ] --END-- [ RunTime:0.000041s ]

[ 2020-03-01T10:43:14+08:00 ] 127.0.0.1 /mobileShop/index.php/Admin/Product/get_product_list?page=1&limit=10
INFO: [ app_init ] --START--
INFO: Run Behavior\BuildLiteBehavior [ RunTime:0.000004s ]
INFO: [ app_init ] --END-- [ RunTime:0.000029s ]
INFO: [ app_begin ] --START--
INFO: Run Behavior\ReadHtmlCacheBehavior [ RunTime:0.000024s ]
INFO: [ app_begin ] --END-- [ RunTime:0.000034s ]
SQL: SHOW COLUMNS FROM `jx_product` [ RunTime:0.0013s ]
SQL: SELECT * FROM `jx_product` ORDER BY addtime desc LIMIT 0,10   [ RunTime:0.0003s ]
SQL: SHOW COLUMNS FROM `jx_brand` [ RunTime:0.0007s ]
SQL: SHOW COLUMNS FROM `jx_category` [ RunTime:0.0007s ]
SQL: SELECT `name` FROM `jx_category` WHERE `id` = 1 LIMIT 1   [ RunTime:0.0003s ]
SQL: SELECT `name` FROM `jx_brand` WHERE `id` = 1 LIMIT 1   [ RunTime:0.0002s ]
SQL: SELECT `name` FROM `jx_category` WHERE `id` = 1 LIMIT 1   [ RunTime:0.0001s ]
SQL: SELECT `name` FROM `jx_brand` WHERE `id` = 1 LIMIT 1   [ RunTime:0.0001s ]
SQL: SELECT `name` FROM `jx_category` WHERE `id` = 1 LIMIT 1   [ RunTime:0.0002s ]
SQL: SELECT `name` FROM `jx_brand` WHERE `id` = 1 LIMIT 1   [ RunTime:0.0002s ]
SQL: SELECT `name` FROM `jx_category` WHERE `id` = 1 LIMIT 1   [ RunTime:0.0002s ]
SQL: SELECT `name` FROM `jx_brand` WHERE `id` = 1 LIMIT 1   [ RunTime:0.0003s ]
SQL: SELECT `name` FROM `jx_category` WHERE `id` = 1 LIMIT 1   [ RunTime:0.0003s ]
SQL: SELECT `name` FROM `jx_brand` WHERE `id` = 1 LIMIT 1   [ RunTime:0.0002s ]
SQL: SELECT `name` FROM `jx_category` WHERE `id` = 1 LIMIT 1   [ RunTime:0.0003s ]
SQL: SELECT `name` FROM `jx_brand` WHERE `id` = 1 LIMIT 1   [ RunTime:0.0001s ]
SQL: SELECT `name` FROM `jx_category` WHERE `id` = 1 LIMIT 1   [ RunTime:0.0001s ]
SQL: SELECT `name` FROM `jx_brand` WHERE `id` = 1 LIMIT 1   [ RunTime:0.0001s ]
SQL: SELECT `name` FROM `jx_category` WHERE `id` = 1 LIMIT 1   [ RunTime:0.0003s ]
SQL: SELECT `name` FROM `jx_brand` WHERE `id` = 1 LIMIT 1   [ RunTime:0.0001s ]
SQL: SELECT `name` FROM `jx_category` WHERE `id` = 1 LIMIT 1   [ RunTime:0.0001s ]
SQL: SELECT `name` FROM `jx_brand` WHERE `id` = 1 LIMIT 1   [ RunTime:0.0004s ]
SQL: SELECT `name` FROM `jx_category` WHERE `id` = 1 LIMIT 1   [ RunTime:0.0003s ]
SQL: SELECT `name` FROM `jx_brand` WHERE `id` = 1 LIMIT 1   [ RunTime:0.0002s ]
SQL: SELECT COUNT(*) AS tp_count FROM `jx_product` LIMIT 1   [ RunTime:0.0003s ]

[ 2020-03-01T10:43:25+08:00 ] 127.0.0.1 /mobileShop/index.php/Admin/User/member
INFO: [ app_init ] --START--
INFO: Run Behavior\BuildLiteBehavior [ RunTime:0.000005s ]
INFO: [ app_init ] --END-- [ RunTime:0.000046s ]
INFO: [ app_begin ] --START--
INFO: Run Behavior\ReadHtmlCacheBehavior [ RunTime:0.000037s ]
INFO: [ app_begin ] --END-- [ RunTime:0.000048s ]
INFO: [ view_parse ] --START--
INFO: [ template_filter ] --START--
INFO: Run Behavior\ContentReplaceBehavior [ RunTime:0.000045s ]
INFO: [ template_filter ] --END-- [ RunTime:0.000062s ]
NOTIC: [8] Undefined variable: Think /usr/local/var/www/mobileShop/Application/Runtime/Cache/Admin/58ee3479f0655594ab7d5bd94e642cc1.php 第 20 行.
NOTIC: [8] Undefined variable: Think /usr/local/var/www/mobileShop/Application/Runtime/Cache/Admin/58ee3479f0655594ab7d5bd94e642cc1.php 第 21 行.
NOTIC: [8] Undefined variable: Think /usr/local/var/www/mobileShop/Application/Runtime/Cache/Admin/58ee3479f0655594ab7d5bd94e642cc1.php 第 24 行.
NOTIC: [8] Undefined variable: Think /usr/local/var/www/mobileShop/Application/Runtime/Cache/Admin/58ee3479f0655594ab7d5bd94e642cc1.php 第 25 行.
NOTIC: [8] Undefined variable: Think /usr/local/var/www/mobileShop/Application/Runtime/Cache/Admin/58ee3479f0655594ab7d5bd94e642cc1.php 第 26 行.
NOTIC: [8] Undefined variable: Think /usr/local/var/www/mobileShop/Application/Runtime/Cache/Admin/58ee3479f0655594ab7d5bd94e642cc1.php 第 27 行.
NOTIC: [8] Undefined variable: Think /usr/local/var/www/mobileShop/Application/Runtime/Cache/Admin/58ee3479f0655594ab7d5bd94e642cc1.php 第 30 行.
NOTIC: [8] Undefined variable: Think /usr/local/var/www/mobileShop/Application/Runtime/Cache/Admin/58ee3479f0655594ab7d5bd94e642cc1.php 第 33 行.
NOTIC: [8] Undefined variable: Think /usr/local/var/www/mobileShop/Application/Runtime/Cache/Admin/58ee3479f0655594ab7d5bd94e642cc1.php 第 34 行.
NOTIC: [8] Undefined variable: Think /usr/local/var/www/mobileShop/Application/Runtime/Cache/Admin/58ee3479f0655594ab7d5bd94e642cc1.php 第 55 行.
NOTIC: [8] Undefined variable: Think /usr/local/var/www/mobileShop/Application/Runtime/Cache/Admin/58ee3479f0655594ab7d5bd94e642cc1.php 第 56 行.
NOTIC: [8] Undefined variable: Think /usr/local/var/www/mobileShop/Application/Runtime/Cache/Admin/58ee3479f0655594ab7d5bd94e642cc1.php 第 59 行.
NOTIC: [8] Undefined variable: Think /usr/local/var/www/mobileShop/Application/Runtime/Cache/Admin/58ee3479f0655594ab7d5bd94e642cc1.php 第 60 行.
NOTIC: [8] Undefined variable: Think /usr/local/var/www/mobileShop/Application/Runtime/Cache/Admin/58ee3479f0655594ab7d5bd94e642cc1.php 第 61 行.
NOTIC: [8] Undefined variable: Think /usr/local/var/www/mobileShop/Application/Runtime/Cache/Admin/58ee3479f0655594ab7d5bd94e642cc1.php 第 62 行.
NOTIC: [8] Undefined variable: Think /usr/local/var/www/mobileShop/Application/Runtime/Cache/Admin/58ee3479f0655594ab7d5bd94e642cc1.php 第 65 行.
NOTIC: [8] Undefined variable: Think /usr/local/var/www/mobileShop/Application/Runtime/Cache/Admin/58ee3479f0655594ab7d5bd94e642cc1.php 第 68 行.
NOTIC: [8] Undefined variable: Think /usr/local/var/www/mobileShop/Application/Runtime/Cache/Admin/58ee3479f0655594ab7d5bd94e642cc1.php 第 69 行.
INFO: Run Behavior\ParseTemplateBehavior [ RunTime:0.005434s ]
INFO: [ view_parse ] --END-- [ RunTime:0.005449s ]
INFO: [ view_filter ] --START--
INFO: Run Behavior\WriteHtmlCacheBehavior [ RunTime:0.000054s ]
INFO: [ view_filter ] --END-- [ RunTime:0.000063s ]
INFO: [ app_end ] --START--
INFO: Run Behavior\ShowPageTraceBehavior [ RunTime:0.000040s ]
INFO: [ app_end ] --END-- [ RunTime:0.000048s ]

[ 2020-03-01T10:43:25+08:00 ] 127.0.0.1 /mobileShop/index.php/Admin/User/get_user_list?page=1&limit=10
INFO: [ app_init ] --START--
INFO: Run Behavior\BuildLiteBehavior [ RunTime:0.000004s ]
INFO: [ app_init ] --END-- [ RunTime:0.000025s ]
INFO: [ app_begin ] --START--
INFO: Run Behavior\ReadHtmlCacheBehavior [ RunTime:0.000020s ]
INFO: [ app_begin ] --END-- [ RunTime:0.000028s ]
SQL: SHOW COLUMNS FROM `jx_user` [ RunTime:0.0012s ]
SQL: SELECT * FROM `jx_user` ORDER BY addtime desc LIMIT 0,10   [ RunTime:0.0004s ]
SQL: SELECT COUNT(*) AS tp_count FROM `jx_user` LIMIT 1   [ RunTime:0.0003s ]

[ 2020-03-01T10:43:30+08:00 ] 127.0.0.1 /mobileShop/index.php/Admin/User/admin
INFO: [ app_init ] --START--
INFO: Run Behavior\BuildLiteBehavior [ RunTime:0.000007s ]
INFO: [ app_init ] --END-- [ RunTime:0.000063s ]
INFO: [ app_begin ] --START--
INFO: Run Behavior\ReadHtmlCacheBehavior [ RunTime:0.000055s ]
INFO: [ app_begin ] --END-- [ RunTime:0.000073s ]
INFO: [ view_parse ] --START--
INFO: [ template_filter ] --START--
INFO: Run Behavior\ContentReplaceBehavior [ RunTime:0.000043s ]
INFO: [ template_filter ] --END-- [ RunTime:0.000059s ]
NOTIC: [8] Undefined variable: Think /usr/local/var/www/mobileShop/Application/Runtime/Cache/Admin/970b359eab7c3067a5e3a02a7c838fa8.php 第 20 行.
NOTIC: [8] Undefined variable: Think /usr/local/var/www/mobileShop/Application/Runtime/Cache/Admin/970b359eab7c3067a5e3a02a7c838fa8.php 第 21 行.
NOTIC: [8] Undefined variable: Think /usr/local/var/www/mobileShop/Application/Runtime/Cache/Admin/970b359eab7c3067a5e3a02a7c838fa8.php 第 24 行.
NOTIC: [8] Undefined variable: Think /usr/local/var/www/mobileShop/Application/Runtime/Cache/Admin/970b359eab7c3067a5e3a02a7c838fa8.php 第 25 行.
NOTIC: [8] Undefined variable: Think /usr/local/var/www/mobileShop/Application/Runtime/Cache/Admin/970b359eab7c3067a5e3a02a7c838fa8.php 第 26 行.
NOTIC: [8] Undefined variable: Think /usr/local/var/www/mobileShop/Application/Runtime/Cache/Admin/970b359eab7c3067a5e3a02a7c838fa8.php 第 27 行.
NOTIC: [8] Undefined variable: Think /usr/local/var/www/mobileShop/Application/Runtime/Cache/Admin/970b359eab7c3067a5e3a02a7c838fa8.php 第 30 行.
NOTIC: [8] Undefined variable: Think /usr/local/var/www/mobileShop/Application/Runtime/Cache/Admin/970b359eab7c3067a5e3a02a7c838fa8.php 第 33 行.
NOTIC: [8] Undefined variable: Think /usr/local/var/www/mobileShop/Application/Runtime/Cache/Admin/970b359eab7c3067a5e3a02a7c838fa8.php 第 34 行.
NOTIC: [8] Undefined variable: Think /usr/local/var/www/mobileShop/Application/Runtime/Cache/Admin/970b359eab7c3067a5e3a02a7c838fa8.php 第 55 行.
NOTIC: [8] Undefined variable: Think /usr/local/var/www/mobileShop/Application/Runtime/Cache/Admin/970b359eab7c3067a5e3a02a7c838fa8.php 第 56 行.
NOTIC: [8] Undefined variable: Think /usr/local/var/www/mobileShop/Application/Runtime/Cache/Admin/970b359eab7c3067a5e3a02a7c838fa8.php 第 59 行.
NOTIC: [8] Undefined variable: Think /usr/local/var/www/mobileShop/Application/Runtime/Cache/Admin/970b359eab7c3067a5e3a02a7c838fa8.php 第 60 行.
NOTIC: [8] Undefined variable: Think /usr/local/var/www/mobileShop/Application/Runtime/Cache/Admin/970b359eab7c3067a5e3a02a7c838fa8.php 第 61 行.
NOTIC: [8] Undefined variable: Think /usr/local/var/www/mobileShop/Application/Runtime/Cache/Admin/970b359eab7c3067a5e3a02a7c838fa8.php 第 62 行.
NOTIC: [8] Undefined variable: Think /usr/local/var/www/mobileShop/Application/Runtime/Cache/Admin/970b359eab7c3067a5e3a02a7c838fa8.php 第 65 行.
NOTIC: [8] Undefined variable: Think /usr/local/var/www/mobileShop/Application/Runtime/Cache/Admin/970b359eab7c3067a5e3a02a7c838fa8.php 第 68 行.
NOTIC: [8] Undefined variable: Think /usr/local/var/www/mobileShop/Application/Runtime/Cache/Admin/970b359eab7c3067a5e3a02a7c838fa8.php 第 69 行.
INFO: Run Behavior\ParseTemplateBehavior [ RunTime:0.003802s ]
INFO: [ view_parse ] --END-- [ RunTime:0.003817s ]
INFO: [ view_filter ] --START--
INFO: Run Behavior\WriteHtmlCacheBehavior [ RunTime:0.000045s ]
INFO: [ view_filter ] --END-- [ RunTime:0.000052s ]
INFO: [ app_end ] --START--
INFO: Run Behavior\ShowPageTraceBehavior [ RunTime:0.000034s ]
INFO: [ app_end ] --END-- [ RunTime:0.000041s ]

[ 2020-03-01T10:43:30+08:00 ] 127.0.0.1 /mobileShop/index.php/Admin/User/get_admin_list?page=1&limit=10
INFO: [ app_init ] --START--
INFO: Run Behavior\BuildLiteBehavior [ RunTime:0.000003s ]
INFO: [ app_init ] --END-- [ RunTime:0.000025s ]
INFO: [ app_begin ] --START--
INFO: Run Behavior\ReadHtmlCacheBehavior [ RunTime:0.000022s ]
INFO: [ app_begin ] --END-- [ RunTime:0.000033s ]
SQL: SHOW COLUMNS FROM `jx_admin_user` [ RunTime:0.0018s ]
SQL: SELECT * FROM `jx_admin_user` ORDER BY addtime desc LIMIT 0,10   [ RunTime:0.0039s ]
SQL: SELECT COUNT(*) AS tp_count FROM `jx_admin_user` LIMIT 1   [ RunTime:0.0004s ]

[ 2020-03-01T10:43:30+08:00 ] 127.0.0.1 /mobileShop/index.php/Admin/User/member
INFO: [ app_init ] --START--
INFO: Run Behavior\BuildLiteBehavior [ RunTime:0.000003s ]
INFO: [ app_init ] --END-- [ RunTime:0.000026s ]
INFO: [ app_begin ] --START--
INFO: Run Behavior\ReadHtmlCacheBehavior [ RunTime:0.000022s ]
INFO: [ app_begin ] --END-- [ RunTime:0.000031s ]
INFO: [ view_parse ] --START--
INFO: [ template_filter ] --START--
INFO: Run Behavior\ContentReplaceBehavior [ RunTime:0.000039s ]
INFO: [ template_filter ] --END-- [ RunTime:0.000061s ]
NOTIC: [8] Undefined variable: Think /usr/local/var/www/mobileShop/Application/Runtime/Cache/Admin/58ee3479f0655594ab7d5bd94e642cc1.php 第 20 行.
NOTIC: [8] Undefined variable: Think /usr/local/var/www/mobileShop/Application/Runtime/Cache/Admin/58ee3479f0655594ab7d5bd94e642cc1.php 第 21 行.
NOTIC: [8] Undefined variable: Think /usr/local/var/www/mobileShop/Application/Runtime/Cache/Admin/58ee3479f0655594ab7d5bd94e642cc1.php 第 24 行.
NOTIC: [8] Undefined variable: Think /usr/local/var/www/mobileShop/Application/Runtime/Cache/Admin/58ee3479f0655594ab7d5bd94e642cc1.php 第 25 行.
NOTIC: [8] Undefined variable: Think /usr/local/var/www/mobileShop/Application/Runtime/Cache/Admin/58ee3479f0655594ab7d5bd94e642cc1.php 第 26 行.
NOTIC: [8] Undefined variable: Think /usr/local/var/www/mobileShop/Application/Runtime/Cache/Admin/58ee3479f0655594ab7d5bd94e642cc1.php 第 27 行.
NOTIC: [8] Undefined variable: Think /usr/local/var/www/mobileShop/Application/Runtime/Cache/Admin/58ee3479f0655594ab7d5bd94e642cc1.php 第 30 行.
NOTIC: [8] Undefined variable: Think /usr/local/var/www/mobileShop/Application/Runtime/Cache/Admin/58ee3479f0655594ab7d5bd94e642cc1.php 第 33 行.
NOTIC: [8] Undefined variable: Think /usr/local/var/www/mobileShop/Application/Runtime/Cache/Admin/58ee3479f0655594ab7d5bd94e642cc1.php 第 34 行.
NOTIC: [8] Undefined variable: Think /usr/local/var/www/mobileShop/Application/Runtime/Cache/Admin/58ee3479f0655594ab7d5bd94e642cc1.php 第 55 行.
NOTIC: [8] Undefined variable: Think /usr/local/var/www/mobileShop/Application/Runtime/Cache/Admin/58ee3479f0655594ab7d5bd94e642cc1.php 第 56 行.
NOTIC: [8] Undefined variable: Think /usr/local/var/www/mobileShop/Application/Runtime/Cache/Admin/58ee3479f0655594ab7d5bd94e642cc1.php 第 59 行.
NOTIC: [8] Undefined variable: Think /usr/local/var/www/mobileShop/Application/Runtime/Cache/Admin/58ee3479f0655594ab7d5bd94e642cc1.php 第 60 行.
NOTIC: [8] Undefined variable: Think /usr/local/var/www/mobileShop/Application/Runtime/Cache/Admin/58ee3479f0655594ab7d5bd94e642cc1.php 第 61 行.
NOTIC: [8] Undefined variable: Think /usr/local/var/www/mobileShop/Application/Runtime/Cache/Admin/58ee3479f0655594ab7d5bd94e642cc1.php 第 62 行.
NOTIC: [8] Undefined variable: Think /usr/local/var/www/mobileShop/Application/Runtime/Cache/Admin/58ee3479f0655594ab7d5bd94e642cc1.php 第 65 行.
NOTIC: [8] Undefined variable: Think /usr/local/var/www/mobileShop/Application/Runtime/Cache/Admin/58ee3479f0655594ab7d5bd94e642cc1.php 第 68 行.
NOTIC: [8] Undefined variable: Think /usr/local/var/www/mobileShop/Application/Runtime/Cache/Admin/58ee3479f0655594ab7d5bd94e642cc1.php 第 69 行.
INFO: Run Behavior\ParseTemplateBehavior [ RunTime:0.003341s ]
INFO: [ view_parse ] --END-- [ RunTime:0.003372s ]
INFO: [ view_filter ] --START--
INFO: Run Behavior\WriteHtmlCacheBehavior [ RunTime:0.000081s ]
INFO: [ view_filter ] --END-- [ RunTime:0.000086s ]
INFO: [ app_end ] --START--
INFO: Run Behavior\ShowPageTraceBehavior [ RunTime:0.000021s ]
INFO: [ app_end ] --END-- [ RunTime:0.000027s ]

[ 2020-03-01T10:43:30+08:00 ] 127.0.0.1 /mobileShop/index.php/Admin/User/get_user_list?page=1&limit=10
INFO: [ app_init ] --START--
INFO: Run Behavior\BuildLiteBehavior [ RunTime:0.000005s ]
INFO: [ app_init ] --END-- [ RunTime:0.000026s ]
INFO: [ app_begin ] --START--
INFO: Run Behavior\ReadHtmlCacheBehavior [ RunTime:0.000021s ]
INFO: [ app_begin ] --END-- [ RunTime:0.000029s ]
SQL: SHOW COLUMNS FROM `jx_user` [ RunTime:0.0014s ]
SQL: SELECT * FROM `jx_user` ORDER BY addtime desc LIMIT 0,10   [ RunTime:0.0003s ]
SQL: SELECT COUNT(*) AS tp_count FROM `jx_user` LIMIT 1   [ RunTime:0.0003s ]

[ 2020-03-01T10:44:48+08:00 ] 127.0.0.1 /mobileShop/index.php/Admin/User/admin
INFO: [ app_init ] --START--
INFO: Run Behavior\BuildLiteBehavior [ RunTime:0.000006s ]
INFO: [ app_init ] --END-- [ RunTime:0.000054s ]
INFO: [ app_begin ] --START--
INFO: Run Behavior\ReadHtmlCacheBehavior [ RunTime:0.000090s ]
INFO: [ app_begin ] --END-- [ RunTime:0.000108s ]
INFO: [ view_parse ] --START--
INFO: [ template_filter ] --START--
INFO: Run Behavior\ContentReplaceBehavior [ RunTime:0.000046s ]
INFO: [ template_filter ] --END-- [ RunTime:0.000065s ]
NOTIC: [8] Undefined variable: Think /usr/local/var/www/mobileShop/Application/Runtime/Cache/Admin/970b359eab7c3067a5e3a02a7c838fa8.php 第 20 行.
NOTIC: [8] Undefined variable: Think /usr/local/var/www/mobileShop/Application/Runtime/Cache/Admin/970b359eab7c3067a5e3a02a7c838fa8.php 第 21 行.
NOTIC: [8] Undefined variable: Think /usr/local/var/www/mobileShop/Application/Runtime/Cache/Admin/970b359eab7c3067a5e3a02a7c838fa8.php 第 24 行.
NOTIC: [8] Undefined variable: Think /usr/local/var/www/mobileShop/Application/Runtime/Cache/Admin/970b359eab7c3067a5e3a02a7c838fa8.php 第 25 行.
NOTIC: [8] Undefined variable: Think /usr/local/var/www/mobileShop/Application/Runtime/Cache/Admin/970b359eab7c3067a5e3a02a7c838fa8.php 第 26 行.
NOTIC: [8] Undefined variable: Think /usr/local/var/www/mobileShop/Application/Runtime/Cache/Admin/970b359eab7c3067a5e3a02a7c838fa8.php 第 27 行.
NOTIC: [8] Undefined variable: Think /usr/local/var/www/mobileShop/Application/Runtime/Cache/Admin/970b359eab7c3067a5e3a02a7c838fa8.php 第 30 行.
NOTIC: [8] Undefined variable: Think /usr/local/var/www/mobileShop/Application/Runtime/Cache/Admin/970b359eab7c3067a5e3a02a7c838fa8.php 第 33 行.
NOTIC: [8] Undefined variable: Think /usr/local/var/www/mobileShop/Application/Runtime/Cache/Admin/970b359eab7c3067a5e3a02a7c838fa8.php 第 34 行.
NOTIC: [8] Undefined variable: Think /usr/local/var/www/mobileShop/Application/Runtime/Cache/Admin/970b359eab7c3067a5e3a02a7c838fa8.php 第 55 行.
NOTIC: [8] Undefined variable: Think /usr/local/var/www/mobileShop/Application/Runtime/Cache/Admin/970b359eab7c3067a5e3a02a7c838fa8.php 第 56 行.
NOTIC: [8] Undefined variable: Think /usr/local/var/www/mobileShop/Application/Runtime/Cache/Admin/970b359eab7c3067a5e3a02a7c838fa8.php 第 59 行.
NOTIC: [8] Undefined variable: Think /usr/local/var/www/mobileShop/Application/Runtime/Cache/Admin/970b359eab7c3067a5e3a02a7c838fa8.php 第 60 行.
NOTIC: [8] Undefined variable: Think /usr/local/var/www/mobileShop/Application/Runtime/Cache/Admin/970b359eab7c3067a5e3a02a7c838fa8.php 第 61 行.
NOTIC: [8] Undefined variable: Think /usr/local/var/www/mobileShop/Application/Runtime/Cache/Admin/970b359eab7c3067a5e3a02a7c838fa8.php 第 62 行.
NOTIC: [8] Undefined variable: Think /usr/local/var/www/mobileShop/Application/Runtime/Cache/Admin/970b359eab7c3067a5e3a02a7c838fa8.php 第 65 行.
NOTIC: [8] Undefined variable: Think /usr/local/var/www/mobileShop/Application/Runtime/Cache/Admin/970b359eab7c3067a5e3a02a7c838fa8.php 第 68 行.
NOTIC: [8] Undefined variable: Think /usr/local/var/www/mobileShop/Application/Runtime/Cache/Admin/970b359eab7c3067a5e3a02a7c838fa8.php 第 69 行.
INFO: Run Behavior\ParseTemplateBehavior [ RunTime:0.003781s ]
INFO: [ view_parse ] --END-- [ RunTime:0.003798s ]
INFO: [ view_filter ] --START--
INFO: Run Behavior\WriteHtmlCacheBehavior [ RunTime:0.000063s ]
INFO: [ view_filter ] --END-- [ RunTime:0.000072s ]
INFO: [ app_end ] --START--
INFO: Run Behavior\ShowPageTraceBehavior [ RunTime:0.000036s ]
INFO: [ app_end ] --END-- [ RunTime:0.000043s ]

[ 2020-03-01T10:44:48+08:00 ] 127.0.0.1 /mobileShop/index.php/Admin/User/get_admin_list?page=1&limit=10
INFO: [ app_init ] --START--
INFO: Run Behavior\BuildLiteBehavior [ RunTime:0.000003s ]
INFO: [ app_init ] --END-- [ RunTime:0.000022s ]
INFO: [ app_begin ] --START--
INFO: Run Behavior\ReadHtmlCacheBehavior [ RunTime:0.000019s ]
INFO: [ app_begin ] --END-- [ RunTime:0.000027s ]
SQL: SHOW COLUMNS FROM `jx_admin_user` [ RunTime:0.0012s ]
SQL: SELECT * FROM `jx_admin_user` ORDER BY addtime desc LIMIT 0,10   [ RunTime:0.0005s ]
SQL: SELECT COUNT(*) AS tp_count FROM `jx_admin_user` LIMIT 1   [ RunTime:0.0004s ]

[ 2020-03-01T10:47:01+08:00 ] 127.0.0.1 /mobileShop/index.php/Admin/User/member
INFO: [ app_init ] --START--
INFO: Run Behavior\BuildLiteBehavior [ RunTime:0.000009s ]
INFO: [ app_init ] --END-- [ RunTime:0.000092s ]
INFO: [ app_begin ] --START--
INFO: Run Behavior\ReadHtmlCacheBehavior [ RunTime:0.000057s ]
INFO: [ app_begin ] --END-- [ RunTime:0.000072s ]
INFO: [ view_parse ] --START--
INFO: [ template_filter ] --START--
INFO: Run Behavior\ContentReplaceBehavior [ RunTime:0.000048s ]
INFO: [ template_filter ] --END-- [ RunTime:0.000070s ]
NOTIC: [8] Undefined variable: Think /usr/local/var/www/mobileShop/Application/Runtime/Cache/Admin/58ee3479f0655594ab7d5bd94e642cc1.php 第 20 行.
NOTIC: [8] Undefined variable: Think /usr/local/var/www/mobileShop/Application/Runtime/Cache/Admin/58ee3479f0655594ab7d5bd94e642cc1.php 第 21 行.
NOTIC: [8] Undefined variable: Think /usr/local/var/www/mobileShop/Application/Runtime/Cache/Admin/58ee3479f0655594ab7d5bd94e642cc1.php 第 24 行.
NOTIC: [8] Undefined variable: Think /usr/local/var/www/mobileShop/Application/Runtime/Cache/Admin/58ee3479f0655594ab7d5bd94e642cc1.php 第 25 行.
NOTIC: [8] Undefined variable: Think /usr/local/var/www/mobileShop/Application/Runtime/Cache/Admin/58ee3479f0655594ab7d5bd94e642cc1.php 第 26 行.
NOTIC: [8] Undefined variable: Think /usr/local/var/www/mobileShop/Application/Runtime/Cache/Admin/58ee3479f0655594ab7d5bd94e642cc1.php 第 27 行.
NOTIC: [8] Undefined variable: Think /usr/local/var/www/mobileShop/Application/Runtime/Cache/Admin/58ee3479f0655594ab7d5bd94e642cc1.php 第 30 行.
NOTIC: [8] Undefined variable: Think /usr/local/var/www/mobileShop/Application/Runtime/Cache/Admin/58ee3479f0655594ab7d5bd94e642cc1.php 第 33 行.
NOTIC: [8] Undefined variable: Think /usr/local/var/www/mobileShop/Application/Runtime/Cache/Admin/58ee3479f0655594ab7d5bd94e642cc1.php 第 34 行.
NOTIC: [8] Undefined variable: Think /usr/local/var/www/mobileShop/Application/Runtime/Cache/Admin/58ee3479f0655594ab7d5bd94e642cc1.php 第 55 行.
NOTIC: [8] Undefined variable: Think /usr/local/var/www/mobileShop/Application/Runtime/Cache/Admin/58ee3479f0655594ab7d5bd94e642cc1.php 第 56 行.
NOTIC: [8] Undefined variable: Think /usr/local/var/www/mobileShop/Application/Runtime/Cache/Admin/58ee3479f0655594ab7d5bd94e642cc1.php 第 59 行.
NOTIC: [8] Undefined variable: Think /usr/local/var/www/mobileShop/Application/Runtime/Cache/Admin/58ee3479f0655594ab7d5bd94e642cc1.php 第 60 行.
NOTIC: [8] Undefined variable: Think /usr/local/var/www/mobileShop/Application/Runtime/Cache/Admin/58ee3479f0655594ab7d5bd94e642cc1.php 第 61 行.
NOTIC: [8] Undefined variable: Think /usr/local/var/www/mobileShop/Application/Runtime/Cache/Admin/58ee3479f0655594ab7d5bd94e642cc1.php 第 62 行.
NOTIC: [8] Undefined variable: Think /usr/local/var/www/mobileShop/Application/Runtime/Cache/Admin/58ee3479f0655594ab7d5bd94e642cc1.php 第 65 行.
NOTIC: [8] Undefined variable: Think /usr/local/var/www/mobileShop/Application/Runtime/Cache/Admin/58ee3479f0655594ab7d5bd94e642cc1.php 第 68 行.
NOTIC: [8] Undefined variable: Think /usr/local/var/www/mobileShop/Application/Runtime/Cache/Admin/58ee3479f0655594ab7d5bd94e642cc1.php 第 69 行.
INFO: Run Behavior\ParseTemplateBehavior [ RunTime:0.003685s ]
INFO: [ view_parse ] --END-- [ RunTime:0.003703s ]
INFO: [ view_filter ] --START--
INFO: Run Behavior\WriteHtmlCacheBehavior [ RunTime:0.000082s ]
INFO: [ view_filter ] --END-- [ RunTime:0.000090s ]
INFO: [ app_end ] --START--
INFO: Run Behavior\ShowPageTraceBehavior [ RunTime:0.000033s ]
INFO: [ app_end ] --END-- [ RunTime:0.000040s ]

[ 2020-03-01T10:47:01+08:00 ] 127.0.0.1 /mobileShop/index.php/Admin/User/get_user_list?page=1&limit=10
INFO: [ app_init ] --START--
INFO: Run Behavior\BuildLiteBehavior [ RunTime:0.000004s ]
INFO: [ app_init ] --END-- [ RunTime:0.000024s ]
INFO: [ app_begin ] --START--
INFO: Run Behavior\ReadHtmlCacheBehavior [ RunTime:0.000020s ]
INFO: [ app_begin ] --END-- [ RunTime:0.000027s ]
SQL: SHOW COLUMNS FROM `jx_user` [ RunTime:0.0008s ]
SQL: SELECT * FROM `jx_user` ORDER BY addtime desc LIMIT 0,10   [ RunTime:0.0002s ]
SQL: SELECT COUNT(*) AS tp_count FROM `jx_user` LIMIT 1   [ RunTime:0.0002s ]

[ 2020-03-01T10:47:02+08:00 ] 127.0.0.1 /mobileShop/index.php/Admin/User/admin
INFO: [ app_init ] --START--
INFO: Run Behavior\BuildLiteBehavior [ RunTime:0.000005s ]
INFO: [ app_init ] --END-- [ RunTime:0.000036s ]
INFO: [ app_begin ] --START--
INFO: Run Behavior\ReadHtmlCacheBehavior [ RunTime:0.000053s ]
INFO: [ app_begin ] --END-- [ RunTime:0.000073s ]
INFO: [ view_parse ] --START--
INFO: [ template_filter ] --START--
INFO: Run Behavior\ContentReplaceBehavior [ RunTime:0.000046s ]
INFO: [ template_filter ] --END-- [ RunTime:0.000066s ]
NOTIC: [8] Undefined variable: Think /usr/local/var/www/mobileShop/Application/Runtime/Cache/Admin/970b359eab7c3067a5e3a02a7c838fa8.php 第 20 行.
NOTIC: [8] Undefined variable: Think /usr/local/var/www/mobileShop/Application/Runtime/Cache/Admin/970b359eab7c3067a5e3a02a7c838fa8.php 第 21 行.
NOTIC: [8] Undefined variable: Think /usr/local/var/www/mobileShop/Application/Runtime/Cache/Admin/970b359eab7c3067a5e3a02a7c838fa8.php 第 24 行.
NOTIC: [8] Undefined variable: Think /usr/local/var/www/mobileShop/Application/Runtime/Cache/Admin/970b359eab7c3067a5e3a02a7c838fa8.php 第 25 行.
NOTIC: [8] Undefined variable: Think /usr/local/var/www/mobileShop/Application/Runtime/Cache/Admin/970b359eab7c3067a5e3a02a7c838fa8.php 第 26 行.
NOTIC: [8] Undefined variable: Think /usr/local/var/www/mobileShop/Application/Runtime/Cache/Admin/970b359eab7c3067a5e3a02a7c838fa8.php 第 27 行.
NOTIC: [8] Undefined variable: Think /usr/local/var/www/mobileShop/Application/Runtime/Cache/Admin/970b359eab7c3067a5e3a02a7c838fa8.php 第 30 行.
NOTIC: [8] Undefined variable: Think /usr/local/var/www/mobileShop/Application/Runtime/Cache/Admin/970b359eab7c3067a5e3a02a7c838fa8.php 第 33 行.
NOTIC: [8] Undefined variable: Think /usr/local/var/www/mobileShop/Application/Runtime/Cache/Admin/970b359eab7c3067a5e3a02a7c838fa8.php 第 34 行.
NOTIC: [8] Undefined variable: Think /usr/local/var/www/mobileShop/Application/Runtime/Cache/Admin/970b359eab7c3067a5e3a02a7c838fa8.php 第 55 行.
NOTIC: [8] Undefined variable: Think /usr/local/var/www/mobileShop/Application/Runtime/Cache/Admin/970b359eab7c3067a5e3a02a7c838fa8.php 第 56 行.
NOTIC: [8] Undefined variable: Think /usr/local/var/www/mobileShop/Application/Runtime/Cache/Admin/970b359eab7c3067a5e3a02a7c838fa8.php 第 59 行.
NOTIC: [8] Undefined variable: Think /usr/local/var/www/mobileShop/Application/Runtime/Cache/Admin/970b359eab7c3067a5e3a02a7c838fa8.php 第 60 行.
NOTIC: [8] Undefined variable: Think /usr/local/var/www/mobileShop/Application/Runtime/Cache/Admin/970b359eab7c3067a5e3a02a7c838fa8.php 第 61 行.
NOTIC: [8] Undefined variable: Think /usr/local/var/www/mobileShop/Application/Runtime/Cache/Admin/970b359eab7c3067a5e3a02a7c838fa8.php 第 62 行.
NOTIC: [8] Undefined variable: Think /usr/local/var/www/mobileShop/Application/Runtime/Cache/Admin/970b359eab7c3067a5e3a02a7c838fa8.php 第 65 行.
NOTIC: [8] Undefined variable: Think /usr/local/var/www/mobileShop/Application/Runtime/Cache/Admin/970b359eab7c3067a5e3a02a7c838fa8.php 第 68 行.
NOTIC: [8] Undefined variable: Think /usr/local/var/www/mobileShop/Application/Runtime/Cache/Admin/970b359eab7c3067a5e3a02a7c838fa8.php 第 69 行.
INFO: Run Behavior\ParseTemplateBehavior [ RunTime:0.003606s ]
INFO: [ view_parse ] --END-- [ RunTime:0.003626s ]
INFO: [ view_filter ] --START--
INFO: Run Behavior\WriteHtmlCacheBehavior [ RunTime:0.000053s ]
INFO: [ view_filter ] --END-- [ RunTime:0.000060s ]
INFO: [ app_end ] --START--
INFO: Run Behavior\ShowPageTraceBehavior [ RunTime:0.000025s ]
INFO: [ app_end ] --END-- [ RunTime:0.000032s ]

[ 2020-03-01T10:47:02+08:00 ] 127.0.0.1 /mobileShop/index.php/Admin/User/get_admin_list?page=1&limit=10
INFO: [ app_init ] --START--
INFO: Run Behavior\BuildLiteBehavior [ RunTime:0.000004s ]
INFO: [ app_init ] --END-- [ RunTime:0.000023s ]
INFO: [ app_begin ] --START--
INFO: Run Behavior\ReadHtmlCacheBehavior [ RunTime:0.000022s ]
INFO: [ app_begin ] --END-- [ RunTime:0.000030s ]
SQL: SHOW COLUMNS FROM `jx_admin_user` [ RunTime:0.0018s ]
SQL: SELECT * FROM `jx_admin_user` ORDER BY addtime desc LIMIT 0,10   [ RunTime:0.0004s ]
SQL: SELECT COUNT(*) AS tp_count FROM `jx_admin_user` LIMIT 1   [ RunTime:0.0008s ]

[ 2020-03-01T10:47:14+08:00 ] 127.0.0.1 /mobileShop/index.php/Admin/User/edit_admin
INFO: [ app_init ] --START--
INFO: Run Behavior\BuildLiteBehavior [ RunTime:0.000005s ]
INFO: [ app_init ] --END-- [ RunTime:0.000037s ]
INFO: [ app_begin ] --START--
INFO: Run Behavior\ReadHtmlCacheBehavior [ RunTime:0.000031s ]
INFO: [ app_begin ] --END-- [ RunTime:0.000040s ]
SQL: SHOW COLUMNS FROM `jx_admin_user` [ RunTime:0.0009s ]
SQL: UPDATE `jx_admin_user` SET `name`='测试3',`status`='1' WHERE `id` = 4 [ RunTime:0.0031s ]

[ 2020-03-01T10:47:16+08:00 ] 127.0.0.1 /mobileShop/index.php/Admin/User/admin
INFO: [ app_init ] --START--
INFO: Run Behavior\BuildLiteBehavior [ RunTime:0.000007s ]
INFO: [ app_init ] --END-- [ RunTime:0.000048s ]
INFO: [ app_begin ] --START--
INFO: Run Behavior\ReadHtmlCacheBehavior [ RunTime:0.000048s ]
INFO: [ app_begin ] --END-- [ RunTime:0.000065s ]
INFO: [ view_parse ] --START--
INFO: [ template_filter ] --START--
INFO: Run Behavior\ContentReplaceBehavior [ RunTime:0.000048s ]
INFO: [ template_filter ] --END-- [ RunTime:0.000076s ]
NOTIC: [8] Undefined variable: Think /usr/local/var/www/mobileShop/Application/Runtime/Cache/Admin/970b359eab7c3067a5e3a02a7c838fa8.php 第 20 行.
NOTIC: [8] Undefined variable: Think /usr/local/var/www/mobileShop/Application/Runtime/Cache/Admin/970b359eab7c3067a5e3a02a7c838fa8.php 第 21 行.
NOTIC: [8] Undefined variable: Think /usr/local/var/www/mobileShop/Application/Runtime/Cache/Admin/970b359eab7c3067a5e3a02a7c838fa8.php 第 24 行.
NOTIC: [8] Undefined variable: Think /usr/local/var/www/mobileShop/Application/Runtime/Cache/Admin/970b359eab7c3067a5e3a02a7c838fa8.php 第 25 行.
NOTIC: [8] Undefined variable: Think /usr/local/var/www/mobileShop/Application/Runtime/Cache/Admin/970b359eab7c3067a5e3a02a7c838fa8.php 第 26 行.
NOTIC: [8] Undefined variable: Think /usr/local/var/www/mobileShop/Application/Runtime/Cache/Admin/970b359eab7c3067a5e3a02a7c838fa8.php 第 27 行.
NOTIC: [8] Undefined variable: Think /usr/local/var/www/mobileShop/Application/Runtime/Cache/Admin/970b359eab7c3067a5e3a02a7c838fa8.php 第 30 行.
NOTIC: [8] Undefined variable: Think /usr/local/var/www/mobileShop/Application/Runtime/Cache/Admin/970b359eab7c3067a5e3a02a7c838fa8.php 第 33 行.
NOTIC: [8] Undefined variable: Think /usr/local/var/www/mobileShop/Application/Runtime/Cache/Admin/970b359eab7c3067a5e3a02a7c838fa8.php 第 34 行.
NOTIC: [8] Undefined variable: Think /usr/local/var/www/mobileShop/Application/Runtime/Cache/Admin/970b359eab7c3067a5e3a02a7c838fa8.php 第 55 行.
NOTIC: [8] Undefined variable: Think /usr/local/var/www/mobileShop/Application/Runtime/Cache/Admin/970b359eab7c3067a5e3a02a7c838fa8.php 第 56 行.
NOTIC: [8] Undefined variable: Think /usr/local/var/www/mobileShop/Application/Runtime/Cache/Admin/970b359eab7c3067a5e3a02a7c838fa8.php 第 59 行.
NOTIC: [8] Undefined variable: Think /usr/local/var/www/mobileShop/Application/Runtime/Cache/Admin/970b359eab7c3067a5e3a02a7c838fa8.php 第 60 行.
NOTIC: [8] Undefined variable: Think /usr/local/var/www/mobileShop/Application/Runtime/Cache/Admin/970b359eab7c3067a5e3a02a7c838fa8.php 第 61 行.
NOTIC: [8] Undefined variable: Think /usr/local/var/www/mobileShop/Application/Runtime/Cache/Admin/970b359eab7c3067a5e3a02a7c838fa8.php 第 62 行.
NOTIC: [8] Undefined variable: Think /usr/local/var/www/mobileShop/Application/Runtime/Cache/Admin/970b359eab7c3067a5e3a02a7c838fa8.php 第 65 行.
NOTIC: [8] Undefined variable: Think /usr/local/var/www/mobileShop/Application/Runtime/Cache/Admin/970b359eab7c3067a5e3a02a7c838fa8.php 第 68 行.
NOTIC: [8] Undefined variable: Think /usr/local/var/www/mobileShop/Application/Runtime/Cache/Admin/970b359eab7c3067a5e3a02a7c838fa8.php 第 69 行.
INFO: Run Behavior\ParseTemplateBehavior [ RunTime:0.003972s ]
INFO: [ view_parse ] --END-- [ RunTime:0.003986s ]
INFO: [ view_filter ] --START--
INFO: Run Behavior\WriteHtmlCacheBehavior [ RunTime:0.000060s ]
INFO: [ view_filter ] --END-- [ RunTime:0.000068s ]
INFO: [ app_end ] --START--
INFO: Run Behavior\ShowPageTraceBehavior [ RunTime:0.000035s ]
INFO: [ app_end ] --END-- [ RunTime:0.000041s ]

[ 2020-03-01T10:47:16+08:00 ] 127.0.0.1 /mobileShop/index.php/Admin/User/get_admin_list?page=1&limit=10
INFO: [ app_init ] --START--
INFO: Run Behavior\BuildLiteBehavior [ RunTime:0.000004s ]
INFO: [ app_init ] --END-- [ RunTime:0.000023s ]
INFO: [ app_begin ] --START--
INFO: Run Behavior\ReadHtmlCacheBehavior [ RunTime:0.000019s ]
INFO: [ app_begin ] --END-- [ RunTime:0.000027s ]
SQL: SHOW COLUMNS FROM `jx_admin_user` [ RunTime:0.0023s ]
SQL: SELECT * FROM `jx_admin_user` ORDER BY addtime desc LIMIT 0,10   [ RunTime:0.0003s ]
SQL: SELECT COUNT(*) AS tp_count FROM `jx_admin_user` LIMIT 1   [ RunTime:0.0004s ]

[ 2020-03-01T10:59:02+08:00 ] 127.0.0.1 /mobileShop/index.php/Admin/User/admin
INFO: [ app_init ] --START--
INFO: Run Behavior\BuildLiteBehavior [ RunTime:0.000004s ]
INFO: [ app_init ] --END-- [ RunTime:0.000050s ]
INFO: [ app_begin ] --START--
INFO: Run Behavior\ReadHtmlCacheBehavior [ RunTime:0.000042s ]
INFO: [ app_begin ] --END-- [ RunTime:0.000053s ]
INFO: [ view_parse ] --START--
INFO: [ template_filter ] --START--
INFO: Run Behavior\ContentReplaceBehavior [ RunTime:0.000046s ]
INFO: [ template_filter ] --END-- [ RunTime:0.000067s ]
NOTIC: [8] Undefined variable: Think /usr/local/var/www/mobileShop/Application/Runtime/Cache/Admin/970b359eab7c3067a5e3a02a7c838fa8.php 第 20 行.
NOTIC: [8] Undefined variable: Think /usr/local/var/www/mobileShop/Application/Runtime/Cache/Admin/970b359eab7c3067a5e3a02a7c838fa8.php 第 21 行.
NOTIC: [8] Undefined variable: Think /usr/local/var/www/mobileShop/Application/Runtime/Cache/Admin/970b359eab7c3067a5e3a02a7c838fa8.php 第 24 行.
NOTIC: [8] Undefined variable: Think /usr/local/var/www/mobileShop/Application/Runtime/Cache/Admin/970b359eab7c3067a5e3a02a7c838fa8.php 第 25 行.
NOTIC: [8] Undefined variable: Think /usr/local/var/www/mobileShop/Application/Runtime/Cache/Admin/970b359eab7c3067a5e3a02a7c838fa8.php 第 26 行.
NOTIC: [8] Undefined variable: Think /usr/local/var/www/mobileShop/Application/Runtime/Cache/Admin/970b359eab7c3067a5e3a02a7c838fa8.php 第 27 行.
NOTIC: [8] Undefined variable: Think /usr/local/var/www/mobileShop/Application/Runtime/Cache/Admin/970b359eab7c3067a5e3a02a7c838fa8.php 第 30 行.
NOTIC: [8] Undefined variable: Think /usr/local/var/www/mobileShop/Application/Runtime/Cache/Admin/970b359eab7c3067a5e3a02a7c838fa8.php 第 33 行.
NOTIC: [8] Undefined variable: Think /usr/local/var/www/mobileShop/Application/Runtime/Cache/Admin/970b359eab7c3067a5e3a02a7c838fa8.php 第 34 行.
NOTIC: [8] Undefined variable: Think /usr/local/var/www/mobileShop/Application/Runtime/Cache/Admin/970b359eab7c3067a5e3a02a7c838fa8.php 第 55 行.
NOTIC: [8] Undefined variable: Think /usr/local/var/www/mobileShop/Application/Runtime/Cache/Admin/970b359eab7c3067a5e3a02a7c838fa8.php 第 56 行.
NOTIC: [8] Undefined variable: Think /usr/local/var/www/mobileShop/Application/Runtime/Cache/Admin/970b359eab7c3067a5e3a02a7c838fa8.php 第 59 行.
NOTIC: [8] Undefined variable: Think /usr/local/var/www/mobileShop/Application/Runtime/Cache/Admin/970b359eab7c3067a5e3a02a7c838fa8.php 第 60 行.
NOTIC: [8] Undefined variable: Think /usr/local/var/www/mobileShop/Application/Runtime/Cache/Admin/970b359eab7c3067a5e3a02a7c838fa8.php 第 61 行.
NOTIC: [8] Undefined variable: Think /usr/local/var/www/mobileShop/Application/Runtime/Cache/Admin/970b359eab7c3067a5e3a02a7c838fa8.php 第 62 行.
NOTIC: [8] Undefined variable: Think /usr/local/var/www/mobileShop/Application/Runtime/Cache/Admin/970b359eab7c3067a5e3a02a7c838fa8.php 第 65 行.
NOTIC: [8] Undefined variable: Think /usr/local/var/www/mobileShop/Application/Runtime/Cache/Admin/970b359eab7c3067a5e3a02a7c838fa8.php 第 68 行.
NOTIC: [8] Undefined variable: Think /usr/local/var/www/mobileShop/Application/Runtime/Cache/Admin/970b359eab7c3067a5e3a02a7c838fa8.php 第 69 行.
INFO: Run Behavior\ParseTemplateBehavior [ RunTime:0.004024s ]
INFO: [ view_parse ] --END-- [ RunTime:0.004039s ]
INFO: [ view_filter ] --START--
INFO: Run Behavior\WriteHtmlCacheBehavior [ RunTime:0.000069s ]
INFO: [ view_filter ] --END-- [ RunTime:0.000078s ]
INFO: [ app_end ] --START--
INFO: Run Behavior\ShowPageTraceBehavior [ RunTime:0.000043s ]
INFO: [ app_end ] --END-- [ RunTime:0.000049s ]

[ 2020-03-01T10:59:02+08:00 ] 127.0.0.1 /mobileShop/index.php/Admin/User/get_admin_list?page=1&limit=10
INFO: [ app_init ] --START--
INFO: Run Behavior\BuildLiteBehavior [ RunTime:0.000004s ]
INFO: [ app_init ] --END-- [ RunTime:0.000024s ]
INFO: [ app_begin ] --START--
INFO: Run Behavior\ReadHtmlCacheBehavior [ RunTime:0.000019s ]
INFO: [ app_begin ] --END-- [ RunTime:0.000027s ]
SQL: SHOW COLUMNS FROM `jx_admin_user` [ RunTime:0.0010s ]
SQL: SELECT * FROM `jx_admin_user` ORDER BY addtime desc LIMIT 0,10   [ RunTime:0.0005s ]
SQL: SELECT COUNT(*) AS tp_count FROM `jx_admin_user` LIMIT 1   [ RunTime:0.0004s ]

