[ 2020-02-22T19:16:56+08:00 ] 127.0.0.1 /mobileShop/index.php/Admin/Order/index
INFO: [ app_init ] --START--
INFO: Run Behavior\BuildLiteBehavior [ RunTime:0.000007s ]
INFO: [ app_init ] --END-- [ RunTime:0.000098s ]
INFO: [ app_begin ] --START--
INFO: Run Behavior\ReadHtmlCacheBehavior [ RunTime:0.000089s ]
INFO: [ app_begin ] --END-- [ RunTime:0.000099s ]
INFO: [ view_parse ] --START--
INFO: [ template_filter ] --START--
INFO: Run Behavior\ContentReplaceBehavior [ RunTime:0.000067s ]
INFO: [ template_filter ] --END-- [ RunTime:0.000087s ]
NOTIC: [8] Undefined variable: Think /usr/local/var/www/mobileShop/Application/Runtime/Cache/Admin/18bc66a7b6334412ab8e61a2539ecfbd.php 第 20 行.
NOTIC: [8] Undefined variable: Think /usr/local/var/www/mobileShop/Application/Runtime/Cache/Admin/18bc66a7b6334412ab8e61a2539ecfbd.php 第 21 行.
NOTIC: [8] Undefined variable: Think /usr/local/var/www/mobileShop/Application/Runtime/Cache/Admin/18bc66a7b6334412ab8e61a2539ecfbd.php 第 24 行.
NOTIC: [8] Undefined variable: Think /usr/local/var/www/mobileShop/Application/Runtime/Cache/Admin/18bc66a7b6334412ab8e61a2539ecfbd.php 第 25 行.
NOTIC: [8] Undefined variable: Think /usr/local/var/www/mobileShop/Application/Runtime/Cache/Admin/18bc66a7b6334412ab8e61a2539ecfbd.php 第 26 行.
NOTIC: [8] Undefined variable: Think /usr/local/var/www/mobileShop/Application/Runtime/Cache/Admin/18bc66a7b6334412ab8e61a2539ecfbd.php 第 27 行.
NOTIC: [8] Undefined variable: Think /usr/local/var/www/mobileShop/Application/Runtime/Cache/Admin/18bc66a7b6334412ab8e61a2539ecfbd.php 第 30 行.
NOTIC: [8] Undefined variable: Think /usr/local/var/www/mobileShop/Application/Runtime/Cache/Admin/18bc66a7b6334412ab8e61a2539ecfbd.php 第 33 行.
NOTIC: [8] Undefined variable: Think /usr/local/var/www/mobileShop/Application/Runtime/Cache/Admin/18bc66a7b6334412ab8e61a2539ecfbd.php 第 34 行.
NOTIC: [8] Undefined variable: Think /usr/local/var/www/mobileShop/Application/Runtime/Cache/Admin/18bc66a7b6334412ab8e61a2539ecfbd.php 第 55 行.
NOTIC: [8] Undefined variable: Think /usr/local/var/www/mobileShop/Application/Runtime/Cache/Admin/18bc66a7b6334412ab8e61a2539ecfbd.php 第 56 行.
NOTIC: [8] Undefined variable: Think /usr/local/var/www/mobileShop/Application/Runtime/Cache/Admin/18bc66a7b6334412ab8e61a2539ecfbd.php 第 59 行.
NOTIC: [8] Undefined variable: Think /usr/local/var/www/mobileShop/Application/Runtime/Cache/Admin/18bc66a7b6334412ab8e61a2539ecfbd.php 第 60 行.
NOTIC: [8] Undefined variable: Think /usr/local/var/www/mobileShop/Application/Runtime/Cache/Admin/18bc66a7b6334412ab8e61a2539ecfbd.php 第 61 行.
NOTIC: [8] Undefined variable: Think /usr/local/var/www/mobileShop/Application/Runtime/Cache/Admin/18bc66a7b6334412ab8e61a2539ecfbd.php 第 62 行.
NOTIC: [8] Undefined variable: Think /usr/local/var/www/mobileShop/Application/Runtime/Cache/Admin/18bc66a7b6334412ab8e61a2539ecfbd.php 第 65 行.
NOTIC: [8] Undefined variable: Think /usr/local/var/www/mobileShop/Application/Runtime/Cache/Admin/18bc66a7b6334412ab8e61a2539ecfbd.php 第 68 行.
NOTIC: [8] Undefined variable: Think /usr/local/var/www/mobileShop/Application/Runtime/Cache/Admin/18bc66a7b6334412ab8e61a2539ecfbd.php 第 69 行.
INFO: Run Behavior\ParseTemplateBehavior [ RunTime:0.005969s ]
INFO: [ view_parse ] --END-- [ RunTime:0.005984s ]
INFO: [ view_filter ] --START--
INFO: Run Behavior\WriteHtmlCacheBehavior [ RunTime:0.000099s ]
INFO: [ view_filter ] --END-- [ RunTime:0.000105s ]
INFO: [ app_end ] --START--
INFO: Run Behavior\ShowPageTraceBehavior [ RunTime:0.000051s ]
INFO: [ app_end ] --END-- [ RunTime:0.000057s ]

[ 2020-02-22T19:16:59+08:00 ] 127.0.0.1 /mobileShop/index.php/Admin/Product/publish
INFO: [ app_init ] --START--
INFO: Run Behavior\BuildLiteBehavior [ RunTime:0.000008s ]
INFO: [ app_init ] --END-- [ RunTime:0.000092s ]
INFO: [ app_begin ] --START--
INFO: Run Behavior\ReadHtmlCacheBehavior [ RunTime:0.000073s ]
INFO: [ app_begin ] --END-- [ RunTime:0.000112s ]
SQL: SHOW COLUMNS FROM `jx_category` [ RunTime:0.0583s ]
SQL: SHOW COLUMNS FROM `jx_brand` [ RunTime:0.0011s ]
SQL: SELECT * FROM `jx_category` ORDER BY addtime desc  [ RunTime:0.0020s ]
SQL: SELECT * FROM `jx_brand` ORDER BY addtime desc  [ RunTime:0.0004s ]
INFO: [ view_parse ] --START--
INFO: [ template_filter ] --START--
INFO: Run Behavior\ContentReplaceBehavior [ RunTime:0.000081s ]
INFO: [ template_filter ] --END-- [ RunTime:0.000161s ]
NOTIC: [8] Undefined variable: Think /usr/local/var/www/mobileShop/Application/Runtime/Cache/Admin/6b5ca78d7df3ba55085fbe991a40b1a2.php 第 20 行.
NOTIC: [8] Undefined variable: Think /usr/local/var/www/mobileShop/Application/Runtime/Cache/Admin/6b5ca78d7df3ba55085fbe991a40b1a2.php 第 21 行.
NOTIC: [8] Undefined variable: Think /usr/local/var/www/mobileShop/Application/Runtime/Cache/Admin/6b5ca78d7df3ba55085fbe991a40b1a2.php 第 24 行.
NOTIC: [8] Undefined variable: Think /usr/local/var/www/mobileShop/Application/Runtime/Cache/Admin/6b5ca78d7df3ba55085fbe991a40b1a2.php 第 25 行.
NOTIC: [8] Undefined variable: Think /usr/local/var/www/mobileShop/Application/Runtime/Cache/Admin/6b5ca78d7df3ba55085fbe991a40b1a2.php 第 26 行.
NOTIC: [8] Undefined variable: Think /usr/local/var/www/mobileShop/Application/Runtime/Cache/Admin/6b5ca78d7df3ba55085fbe991a40b1a2.php 第 27 行.
NOTIC: [8] Undefined variable: Think /usr/local/var/www/mobileShop/Application/Runtime/Cache/Admin/6b5ca78d7df3ba55085fbe991a40b1a2.php 第 30 行.
NOTIC: [8] Undefined variable: Think /usr/local/var/www/mobileShop/Application/Runtime/Cache/Admin/6b5ca78d7df3ba55085fbe991a40b1a2.php 第 33 行.
NOTIC: [8] Undefined variable: Think /usr/local/var/www/mobileShop/Application/Runtime/Cache/Admin/6b5ca78d7df3ba55085fbe991a40b1a2.php 第 34 行.
NOTIC: [8] Undefined variable: Think /usr/local/var/www/mobileShop/Application/Runtime/Cache/Admin/6b5ca78d7df3ba55085fbe991a40b1a2.php 第 55 行.
NOTIC: [8] Undefined variable: Think /usr/local/var/www/mobileShop/Application/Runtime/Cache/Admin/6b5ca78d7df3ba55085fbe991a40b1a2.php 第 56 行.
NOTIC: [8] Undefined variable: Think /usr/local/var/www/mobileShop/Application/Runtime/Cache/Admin/6b5ca78d7df3ba55085fbe991a40b1a2.php 第 59 行.
NOTIC: [8] Undefined variable: Think /usr/local/var/www/mobileShop/Application/Runtime/Cache/Admin/6b5ca78d7df3ba55085fbe991a40b1a2.php 第 60 行.
NOTIC: [8] Undefined variable: Think /usr/local/var/www/mobileShop/Application/Runtime/Cache/Admin/6b5ca78d7df3ba55085fbe991a40b1a2.php 第 61 行.
NOTIC: [8] Undefined variable: Think /usr/local/var/www/mobileShop/Application/Runtime/Cache/Admin/6b5ca78d7df3ba55085fbe991a40b1a2.php 第 62 行.
NOTIC: [8] Undefined variable: Think /usr/local/var/www/mobileShop/Application/Runtime/Cache/Admin/6b5ca78d7df3ba55085fbe991a40b1a2.php 第 65 行.
NOTIC: [8] Undefined variable: Think /usr/local/var/www/mobileShop/Application/Runtime/Cache/Admin/6b5ca78d7df3ba55085fbe991a40b1a2.php 第 68 行.
NOTIC: [8] Undefined variable: Think /usr/local/var/www/mobileShop/Application/Runtime/Cache/Admin/6b5ca78d7df3ba55085fbe991a40b1a2.php 第 69 行.
INFO: Run Behavior\ParseTemplateBehavior [ RunTime:0.005871s ]
INFO: [ view_parse ] --END-- [ RunTime:0.005885s ]
INFO: [ view_filter ] --START--
INFO: Run Behavior\WriteHtmlCacheBehavior [ RunTime:0.000078s ]
INFO: [ view_filter ] --END-- [ RunTime:0.000085s ]
INFO: [ app_end ] --START--
INFO: Run Behavior\ShowPageTraceBehavior [ RunTime:0.000048s ]
INFO: [ app_end ] --END-- [ RunTime:0.000055s ]

[ 2020-02-22T19:16:59+08:00 ] 127.0.0.1 /mobileShop/index.php/Admin/Product/list
INFO: [ app_init ] --START--
INFO: Run Behavior\BuildLiteBehavior [ RunTime:0.000018s ]
INFO: [ app_init ] --END-- [ RunTime:0.000098s ]
INFO: [ app_begin ] --START--
INFO: Run Behavior\ReadHtmlCacheBehavior [ RunTime:0.000046s ]
INFO: [ app_begin ] --END-- [ RunTime:0.000062s ]
SQL: SHOW COLUMNS FROM `jx_category` [ RunTime:0.0021s ]
SQL: SHOW COLUMNS FROM `jx_brand` [ RunTime:0.0010s ]
SQL: SELECT * FROM `jx_category` ORDER BY addtime desc  [ RunTime:0.0003s ]
SQL: SELECT * FROM `jx_brand` ORDER BY addtime desc  [ RunTime:0.0002s ]
INFO: [ view_parse ] --START--
INFO: [ template_filter ] --START--
INFO: Run Behavior\ContentReplaceBehavior [ RunTime:0.000062s ]
INFO: [ template_filter ] --END-- [ RunTime:0.000079s ]
NOTIC: [8] Undefined variable: Think /usr/local/var/www/mobileShop/Application/Runtime/Cache/Admin/2511cfa6573b3bef5398eba0a47759a0.php 第 20 行.
NOTIC: [8] Undefined variable: Think /usr/local/var/www/mobileShop/Application/Runtime/Cache/Admin/2511cfa6573b3bef5398eba0a47759a0.php 第 21 行.
NOTIC: [8] Undefined variable: Think /usr/local/var/www/mobileShop/Application/Runtime/Cache/Admin/2511cfa6573b3bef5398eba0a47759a0.php 第 24 行.
NOTIC: [8] Undefined variable: Think /usr/local/var/www/mobileShop/Application/Runtime/Cache/Admin/2511cfa6573b3bef5398eba0a47759a0.php 第 25 行.
NOTIC: [8] Undefined variable: Think /usr/local/var/www/mobileShop/Application/Runtime/Cache/Admin/2511cfa6573b3bef5398eba0a47759a0.php 第 26 行.
NOTIC: [8] Undefined variable: Think /usr/local/var/www/mobileShop/Application/Runtime/Cache/Admin/2511cfa6573b3bef5398eba0a47759a0.php 第 27 行.
NOTIC: [8] Undefined variable: Think /usr/local/var/www/mobileShop/Application/Runtime/Cache/Admin/2511cfa6573b3bef5398eba0a47759a0.php 第 30 行.
NOTIC: [8] Undefined variable: Think /usr/local/var/www/mobileShop/Application/Runtime/Cache/Admin/2511cfa6573b3bef5398eba0a47759a0.php 第 33 行.
NOTIC: [8] Undefined variable: Think /usr/local/var/www/mobileShop/Application/Runtime/Cache/Admin/2511cfa6573b3bef5398eba0a47759a0.php 第 34 行.
NOTIC: [8] Undefined variable: Think /usr/local/var/www/mobileShop/Application/Runtime/Cache/Admin/2511cfa6573b3bef5398eba0a47759a0.php 第 55 行.
NOTIC: [8] Undefined variable: Think /usr/local/var/www/mobileShop/Application/Runtime/Cache/Admin/2511cfa6573b3bef5398eba0a47759a0.php 第 56 行.
NOTIC: [8] Undefined variable: Think /usr/local/var/www/mobileShop/Application/Runtime/Cache/Admin/2511cfa6573b3bef5398eba0a47759a0.php 第 59 行.
NOTIC: [8] Undefined variable: Think /usr/local/var/www/mobileShop/Application/Runtime/Cache/Admin/2511cfa6573b3bef5398eba0a47759a0.php 第 60 行.
NOTIC: [8] Undefined variable: Think /usr/local/var/www/mobileShop/Application/Runtime/Cache/Admin/2511cfa6573b3bef5398eba0a47759a0.php 第 61 行.
NOTIC: [8] Undefined variable: Think /usr/local/var/www/mobileShop/Application/Runtime/Cache/Admin/2511cfa6573b3bef5398eba0a47759a0.php 第 62 行.
NOTIC: [8] Undefined variable: Think /usr/local/var/www/mobileShop/Application/Runtime/Cache/Admin/2511cfa6573b3bef5398eba0a47759a0.php 第 65 行.
NOTIC: [8] Undefined variable: Think /usr/local/var/www/mobileShop/Application/Runtime/Cache/Admin/2511cfa6573b3bef5398eba0a47759a0.php 第 68 行.
NOTIC: [8] Undefined variable: Think /usr/local/var/www/mobileShop/Application/Runtime/Cache/Admin/2511cfa6573b3bef5398eba0a47759a0.php 第 69 行.
INFO: Run Behavior\ParseTemplateBehavior [ RunTime:0.004836s ]
INFO: [ view_parse ] --END-- [ RunTime:0.004851s ]
INFO: [ view_filter ] --START--
INFO: Run Behavior\WriteHtmlCacheBehavior [ RunTime:0.000049s ]
INFO: [ view_filter ] --END-- [ RunTime:0.000057s ]
INFO: [ app_end ] --START--
INFO: Run Behavior\ShowPageTraceBehavior [ RunTime:0.000030s ]
INFO: [ app_end ] --END-- [ RunTime:0.000038s ]

[ 2020-02-22T19:16:59+08:00 ] 127.0.0.1 /mobileShop/index.php/Admin/Product/get_product_list?page=1&limit=10
INFO: [ app_init ] --START--
INFO: Run Behavior\BuildLiteBehavior [ RunTime:0.000005s ]
INFO: [ app_init ] --END-- [ RunTime:0.000035s ]
INFO: [ app_begin ] --START--
INFO: Run Behavior\ReadHtmlCacheBehavior [ RunTime:0.000022s ]
INFO: [ app_begin ] --END-- [ RunTime:0.000031s ]
SQL: SHOW COLUMNS FROM `jx_product` [ RunTime:0.0015s ]
SQL: SELECT * FROM `jx_product` ORDER BY addtime desc LIMIT 0,10   [ RunTime:0.0017s ]
SQL: SHOW COLUMNS FROM `jx_brand` [ RunTime:0.0008s ]
SQL: SHOW COLUMNS FROM `jx_category` [ RunTime:0.0007s ]
SQL: SELECT `name` FROM `jx_category` WHERE `id` = 1 LIMIT 1   [ RunTime:0.0005s ]
SQL: SELECT `name` FROM `jx_brand` WHERE `id` = 1 LIMIT 1   [ RunTime:0.0004s ]
SQL: SELECT `name` FROM `jx_category` WHERE `id` = 1 LIMIT 1   [ RunTime:0.0005s ]
SQL: SELECT `name` FROM `jx_brand` WHERE `id` = 1 LIMIT 1   [ RunTime:0.0002s ]
SQL: SELECT COUNT(*) AS tp_count FROM `jx_product` LIMIT 1   [ RunTime:0.0036s ]

[ 2020-02-22T19:17:00+08:00 ] 127.0.0.1 /mobileShop/index.php/Admin/Product/classify
INFO: [ app_init ] --START--
INFO: Run Behavior\BuildLiteBehavior [ RunTime:0.000005s ]
INFO: [ app_init ] --END-- [ RunTime:0.000033s ]
INFO: [ app_begin ] --START--
INFO: Run Behavior\ReadHtmlCacheBehavior [ RunTime:0.000044s ]
INFO: [ app_begin ] --END-- [ RunTime:0.000063s ]
INFO: [ view_parse ] --START--
INFO: [ template_filter ] --START--
INFO: Run Behavior\ContentReplaceBehavior [ RunTime:0.000051s ]
INFO: [ template_filter ] --END-- [ RunTime:0.000070s ]
NOTIC: [8] Undefined variable: Think /usr/local/var/www/mobileShop/Application/Runtime/Cache/Admin/6da5c6531d7018865e1be84925b23b5d.php 第 20 行.
NOTIC: [8] Undefined variable: Think /usr/local/var/www/mobileShop/Application/Runtime/Cache/Admin/6da5c6531d7018865e1be84925b23b5d.php 第 21 行.
NOTIC: [8] Undefined variable: Think /usr/local/var/www/mobileShop/Application/Runtime/Cache/Admin/6da5c6531d7018865e1be84925b23b5d.php 第 24 行.
NOTIC: [8] Undefined variable: Think /usr/local/var/www/mobileShop/Application/Runtime/Cache/Admin/6da5c6531d7018865e1be84925b23b5d.php 第 25 行.
NOTIC: [8] Undefined variable: Think /usr/local/var/www/mobileShop/Application/Runtime/Cache/Admin/6da5c6531d7018865e1be84925b23b5d.php 第 26 行.
NOTIC: [8] Undefined variable: Think /usr/local/var/www/mobileShop/Application/Runtime/Cache/Admin/6da5c6531d7018865e1be84925b23b5d.php 第 27 行.
NOTIC: [8] Undefined variable: Think /usr/local/var/www/mobileShop/Application/Runtime/Cache/Admin/6da5c6531d7018865e1be84925b23b5d.php 第 30 行.
NOTIC: [8] Undefined variable: Think /usr/local/var/www/mobileShop/Application/Runtime/Cache/Admin/6da5c6531d7018865e1be84925b23b5d.php 第 33 行.
NOTIC: [8] Undefined variable: Think /usr/local/var/www/mobileShop/Application/Runtime/Cache/Admin/6da5c6531d7018865e1be84925b23b5d.php 第 34 行.
NOTIC: [8] Undefined variable: Think /usr/local/var/www/mobileShop/Application/Runtime/Cache/Admin/6da5c6531d7018865e1be84925b23b5d.php 第 55 行.
NOTIC: [8] Undefined variable: Think /usr/local/var/www/mobileShop/Application/Runtime/Cache/Admin/6da5c6531d7018865e1be84925b23b5d.php 第 56 行.
NOTIC: [8] Undefined variable: Think /usr/local/var/www/mobileShop/Application/Runtime/Cache/Admin/6da5c6531d7018865e1be84925b23b5d.php 第 59 行.
NOTIC: [8] Undefined variable: Think /usr/local/var/www/mobileShop/Application/Runtime/Cache/Admin/6da5c6531d7018865e1be84925b23b5d.php 第 60 行.
NOTIC: [8] Undefined variable: Think /usr/local/var/www/mobileShop/Application/Runtime/Cache/Admin/6da5c6531d7018865e1be84925b23b5d.php 第 61 行.
NOTIC: [8] Undefined variable: Think /usr/local/var/www/mobileShop/Application/Runtime/Cache/Admin/6da5c6531d7018865e1be84925b23b5d.php 第 62 行.
NOTIC: [8] Undefined variable: Think /usr/local/var/www/mobileShop/Application/Runtime/Cache/Admin/6da5c6531d7018865e1be84925b23b5d.php 第 65 行.
NOTIC: [8] Undefined variable: Think /usr/local/var/www/mobileShop/Application/Runtime/Cache/Admin/6da5c6531d7018865e1be84925b23b5d.php 第 68 行.
NOTIC: [8] Undefined variable: Think /usr/local/var/www/mobileShop/Application/Runtime/Cache/Admin/6da5c6531d7018865e1be84925b23b5d.php 第 69 行.
INFO: Run Behavior\ParseTemplateBehavior [ RunTime:0.004570s ]
INFO: [ view_parse ] --END-- [ RunTime:0.004583s ]
INFO: [ view_filter ] --START--
INFO: Run Behavior\WriteHtmlCacheBehavior [ RunTime:0.000033s ]
INFO: [ view_filter ] --END-- [ RunTime:0.000040s ]
INFO: [ app_end ] --START--
INFO: Run Behavior\ShowPageTraceBehavior [ RunTime:0.000029s ]
INFO: [ app_end ] --END-- [ RunTime:0.000036s ]

[ 2020-02-22T19:17:00+08:00 ] 127.0.0.1 /mobileShop/index.php/Admin/Product/get_classify_list?page=1&limit=10
INFO: [ app_init ] --START--
INFO: Run Behavior\BuildLiteBehavior [ RunTime:0.000004s ]
INFO: [ app_init ] --END-- [ RunTime:0.000025s ]
INFO: [ app_begin ] --START--
INFO: Run Behavior\ReadHtmlCacheBehavior [ RunTime:0.000021s ]
INFO: [ app_begin ] --END-- [ RunTime:0.000029s ]
SQL: SHOW COLUMNS FROM `jx_category` [ RunTime:0.0012s ]
SQL: SELECT * FROM `jx_category` ORDER BY addtime desc LIMIT 0,10   [ RunTime:0.0004s ]
SQL: SELECT COUNT(*) AS tp_count FROM `jx_category` LIMIT 1   [ RunTime:0.0003s ]

[ 2020-02-22T19:17:01+08:00 ] 127.0.0.1 /mobileShop/index.php/Admin/Product/brand
INFO: [ app_init ] --START--
INFO: Run Behavior\BuildLiteBehavior [ RunTime:0.000007s ]
INFO: [ app_init ] --END-- [ RunTime:0.000072s ]
INFO: [ app_begin ] --START--
INFO: Run Behavior\ReadHtmlCacheBehavior [ RunTime:0.000046s ]
INFO: [ app_begin ] --END-- [ RunTime:0.000063s ]
INFO: [ view_parse ] --START--
INFO: [ template_filter ] --START--
INFO: Run Behavior\ContentReplaceBehavior [ RunTime:0.000057s ]
INFO: [ template_filter ] --END-- [ RunTime:0.000080s ]
NOTIC: [8] Undefined variable: Think /usr/local/var/www/mobileShop/Application/Runtime/Cache/Admin/3bd377f8f74e7ebd0c10e39e10b0e466.php 第 20 行.
NOTIC: [8] Undefined variable: Think /usr/local/var/www/mobileShop/Application/Runtime/Cache/Admin/3bd377f8f74e7ebd0c10e39e10b0e466.php 第 21 行.
NOTIC: [8] Undefined variable: Think /usr/local/var/www/mobileShop/Application/Runtime/Cache/Admin/3bd377f8f74e7ebd0c10e39e10b0e466.php 第 24 行.
NOTIC: [8] Undefined variable: Think /usr/local/var/www/mobileShop/Application/Runtime/Cache/Admin/3bd377f8f74e7ebd0c10e39e10b0e466.php 第 25 行.
NOTIC: [8] Undefined variable: Think /usr/local/var/www/mobileShop/Application/Runtime/Cache/Admin/3bd377f8f74e7ebd0c10e39e10b0e466.php 第 26 行.
NOTIC: [8] Undefined variable: Think /usr/local/var/www/mobileShop/Application/Runtime/Cache/Admin/3bd377f8f74e7ebd0c10e39e10b0e466.php 第 27 行.
NOTIC: [8] Undefined variable: Think /usr/local/var/www/mobileShop/Application/Runtime/Cache/Admin/3bd377f8f74e7ebd0c10e39e10b0e466.php 第 30 行.
NOTIC: [8] Undefined variable: Think /usr/local/var/www/mobileShop/Application/Runtime/Cache/Admin/3bd377f8f74e7ebd0c10e39e10b0e466.php 第 33 行.
NOTIC: [8] Undefined variable: Think /usr/local/var/www/mobileShop/Application/Runtime/Cache/Admin/3bd377f8f74e7ebd0c10e39e10b0e466.php 第 34 行.
NOTIC: [8] Undefined variable: Think /usr/local/var/www/mobileShop/Application/Runtime/Cache/Admin/3bd377f8f74e7ebd0c10e39e10b0e466.php 第 55 行.
NOTIC: [8] Undefined variable: Think /usr/local/var/www/mobileShop/Application/Runtime/Cache/Admin/3bd377f8f74e7ebd0c10e39e10b0e466.php 第 56 行.
NOTIC: [8] Undefined variable: Think /usr/local/var/www/mobileShop/Application/Runtime/Cache/Admin/3bd377f8f74e7ebd0c10e39e10b0e466.php 第 59 行.
NOTIC: [8] Undefined variable: Think /usr/local/var/www/mobileShop/Application/Runtime/Cache/Admin/3bd377f8f74e7ebd0c10e39e10b0e466.php 第 60 行.
NOTIC: [8] Undefined variable: Think /usr/local/var/www/mobileShop/Application/Runtime/Cache/Admin/3bd377f8f74e7ebd0c10e39e10b0e466.php 第 61 行.
NOTIC: [8] Undefined variable: Think /usr/local/var/www/mobileShop/Application/Runtime/Cache/Admin/3bd377f8f74e7ebd0c10e39e10b0e466.php 第 62 行.
NOTIC: [8] Undefined variable: Think /usr/local/var/www/mobileShop/Application/Runtime/Cache/Admin/3bd377f8f74e7ebd0c10e39e10b0e466.php 第 65 行.
NOTIC: [8] Undefined variable: Think /usr/local/var/www/mobileShop/Application/Runtime/Cache/Admin/3bd377f8f74e7ebd0c10e39e10b0e466.php 第 68 行.
NOTIC: [8] Undefined variable: Think /usr/local/var/www/mobileShop/Application/Runtime/Cache/Admin/3bd377f8f74e7ebd0c10e39e10b0e466.php 第 69 行.
INFO: Run Behavior\ParseTemplateBehavior [ RunTime:0.004092s ]
INFO: [ view_parse ] --END-- [ RunTime:0.004150s ]
INFO: [ view_filter ] --START--
INFO: Run Behavior\WriteHtmlCacheBehavior [ RunTime:0.000123s ]
INFO: [ view_filter ] --END-- [ RunTime:0.000157s ]
INFO: [ app_end ] --START--
INFO: Run Behavior\ShowPageTraceBehavior [ RunTime:0.000041s ]
INFO: [ app_end ] --END-- [ RunTime:0.000051s ]

[ 2020-02-22T19:17:01+08:00 ] 127.0.0.1 /mobileShop/index.php/Admin/Product/get_brand_list?page=1&limit=10
INFO: [ app_init ] --START--
INFO: Run Behavior\BuildLiteBehavior [ RunTime:0.000003s ]
INFO: [ app_init ] --END-- [ RunTime:0.000025s ]
INFO: [ app_begin ] --START--
INFO: Run Behavior\ReadHtmlCacheBehavior [ RunTime:0.000022s ]
INFO: [ app_begin ] --END-- [ RunTime:0.000030s ]
SQL: SHOW COLUMNS FROM `jx_brand` [ RunTime:0.0015s ]
SQL: SELECT * FROM `jx_brand` ORDER BY addtime desc LIMIT 0,10   [ RunTime:0.0003s ]
SQL: SELECT COUNT(*) AS tp_count FROM `jx_brand` LIMIT 1   [ RunTime:0.0003s ]

[ 2020-02-22T19:17:05+08:00 ] 127.0.0.1 /mobileShop/index.php/Admin/User/member
INFO: [ app_init ] --START--
INFO: Run Behavior\BuildLiteBehavior [ RunTime:0.000006s ]
INFO: [ app_init ] --END-- [ RunTime:0.000046s ]
INFO: [ app_begin ] --START--
INFO: Run Behavior\ReadHtmlCacheBehavior [ RunTime:0.000038s ]
INFO: [ app_begin ] --END-- [ RunTime:0.000050s ]
INFO: [ view_parse ] --START--
INFO: [ template_filter ] --START--
INFO: Run Behavior\ContentReplaceBehavior [ RunTime:0.000056s ]
INFO: [ template_filter ] --END-- [ RunTime:0.000089s ]
NOTIC: [8] Undefined variable: Think /usr/local/var/www/mobileShop/Application/Runtime/Cache/Admin/58ee3479f0655594ab7d5bd94e642cc1.php 第 20 行.
NOTIC: [8] Undefined variable: Think /usr/local/var/www/mobileShop/Application/Runtime/Cache/Admin/58ee3479f0655594ab7d5bd94e642cc1.php 第 21 行.
NOTIC: [8] Undefined variable: Think /usr/local/var/www/mobileShop/Application/Runtime/Cache/Admin/58ee3479f0655594ab7d5bd94e642cc1.php 第 24 行.
NOTIC: [8] Undefined variable: Think /usr/local/var/www/mobileShop/Application/Runtime/Cache/Admin/58ee3479f0655594ab7d5bd94e642cc1.php 第 25 行.
NOTIC: [8] Undefined variable: Think /usr/local/var/www/mobileShop/Application/Runtime/Cache/Admin/58ee3479f0655594ab7d5bd94e642cc1.php 第 26 行.
NOTIC: [8] Undefined variable: Think /usr/local/var/www/mobileShop/Application/Runtime/Cache/Admin/58ee3479f0655594ab7d5bd94e642cc1.php 第 27 行.
NOTIC: [8] Undefined variable: Think /usr/local/var/www/mobileShop/Application/Runtime/Cache/Admin/58ee3479f0655594ab7d5bd94e642cc1.php 第 30 行.
NOTIC: [8] Undefined variable: Think /usr/local/var/www/mobileShop/Application/Runtime/Cache/Admin/58ee3479f0655594ab7d5bd94e642cc1.php 第 33 行.
NOTIC: [8] Undefined variable: Think /usr/local/var/www/mobileShop/Application/Runtime/Cache/Admin/58ee3479f0655594ab7d5bd94e642cc1.php 第 34 行.
NOTIC: [8] Undefined variable: Think /usr/local/var/www/mobileShop/Application/Runtime/Cache/Admin/58ee3479f0655594ab7d5bd94e642cc1.php 第 55 行.
NOTIC: [8] Undefined variable: Think /usr/local/var/www/mobileShop/Application/Runtime/Cache/Admin/58ee3479f0655594ab7d5bd94e642cc1.php 第 56 行.
NOTIC: [8] Undefined variable: Think /usr/local/var/www/mobileShop/Application/Runtime/Cache/Admin/58ee3479f0655594ab7d5bd94e642cc1.php 第 59 行.
NOTIC: [8] Undefined variable: Think /usr/local/var/www/mobileShop/Application/Runtime/Cache/Admin/58ee3479f0655594ab7d5bd94e642cc1.php 第 60 行.
NOTIC: [8] Undefined variable: Think /usr/local/var/www/mobileShop/Application/Runtime/Cache/Admin/58ee3479f0655594ab7d5bd94e642cc1.php 第 61 行.
NOTIC: [8] Undefined variable: Think /usr/local/var/www/mobileShop/Application/Runtime/Cache/Admin/58ee3479f0655594ab7d5bd94e642cc1.php 第 62 行.
NOTIC: [8] Undefined variable: Think /usr/local/var/www/mobileShop/Application/Runtime/Cache/Admin/58ee3479f0655594ab7d5bd94e642cc1.php 第 65 行.
NOTIC: [8] Undefined variable: Think /usr/local/var/www/mobileShop/Application/Runtime/Cache/Admin/58ee3479f0655594ab7d5bd94e642cc1.php 第 68 行.
NOTIC: [8] Undefined variable: Think /usr/local/var/www/mobileShop/Application/Runtime/Cache/Admin/58ee3479f0655594ab7d5bd94e642cc1.php 第 69 行.
INFO: Run Behavior\ParseTemplateBehavior [ RunTime:0.003812s ]
INFO: [ view_parse ] --END-- [ RunTime:0.003828s ]
INFO: [ view_filter ] --START--
INFO: Run Behavior\WriteHtmlCacheBehavior [ RunTime:0.000058s ]
INFO: [ view_filter ] --END-- [ RunTime:0.000065s ]
INFO: [ app_end ] --START--
INFO: Run Behavior\ShowPageTraceBehavior [ RunTime:0.000032s ]
INFO: [ app_end ] --END-- [ RunTime:0.000038s ]

[ 2020-02-22T19:17:06+08:00 ] 127.0.0.1 /mobileShop/index.php/Admin/User/get_user_list?page=1&limit=10
INFO: [ app_init ] --START--
INFO: Run Behavior\BuildLiteBehavior [ RunTime:0.000004s ]
INFO: [ app_init ] --END-- [ RunTime:0.000023s ]
INFO: [ app_begin ] --START--
INFO: Run Behavior\ReadHtmlCacheBehavior [ RunTime:0.000020s ]
INFO: [ app_begin ] --END-- [ RunTime:0.000028s ]
SQL: SHOW COLUMNS FROM `jx_user` [ RunTime:0.0019s ]
SQL: SELECT * FROM `jx_user` ORDER BY addtime desc LIMIT 0,10   [ RunTime:0.0048s ]
SQL: SELECT COUNT(*) AS tp_count FROM `jx_user` LIMIT 1   [ RunTime:0.0007s ]

[ 2020-02-22T19:17:07+08:00 ] 127.0.0.1 /mobileShop/index.php/Admin/User/admin
INFO: [ app_init ] --START--
INFO: Run Behavior\BuildLiteBehavior [ RunTime:0.000006s ]
INFO: [ app_init ] --END-- [ RunTime:0.000039s ]
INFO: [ app_begin ] --START--
INFO: Run Behavior\ReadHtmlCacheBehavior [ RunTime:0.000038s ]
INFO: [ app_begin ] --END-- [ RunTime:0.000055s ]
INFO: [ view_parse ] --START--
INFO: [ template_filter ] --START--
INFO: Run Behavior\ContentReplaceBehavior [ RunTime:0.000080s ]
INFO: [ template_filter ] --END-- [ RunTime:0.000106s ]
NOTIC: [8] Undefined variable: Think /usr/local/var/www/mobileShop/Application/Runtime/Cache/Admin/970b359eab7c3067a5e3a02a7c838fa8.php 第 20 行.
NOTIC: [8] Undefined variable: Think /usr/local/var/www/mobileShop/Application/Runtime/Cache/Admin/970b359eab7c3067a5e3a02a7c838fa8.php 第 21 行.
NOTIC: [8] Undefined variable: Think /usr/local/var/www/mobileShop/Application/Runtime/Cache/Admin/970b359eab7c3067a5e3a02a7c838fa8.php 第 24 行.
NOTIC: [8] Undefined variable: Think /usr/local/var/www/mobileShop/Application/Runtime/Cache/Admin/970b359eab7c3067a5e3a02a7c838fa8.php 第 25 行.
NOTIC: [8] Undefined variable: Think /usr/local/var/www/mobileShop/Application/Runtime/Cache/Admin/970b359eab7c3067a5e3a02a7c838fa8.php 第 26 行.
NOTIC: [8] Undefined variable: Think /usr/local/var/www/mobileShop/Application/Runtime/Cache/Admin/970b359eab7c3067a5e3a02a7c838fa8.php 第 27 行.
NOTIC: [8] Undefined variable: Think /usr/local/var/www/mobileShop/Application/Runtime/Cache/Admin/970b359eab7c3067a5e3a02a7c838fa8.php 第 30 行.
NOTIC: [8] Undefined variable: Think /usr/local/var/www/mobileShop/Application/Runtime/Cache/Admin/970b359eab7c3067a5e3a02a7c838fa8.php 第 33 行.
NOTIC: [8] Undefined variable: Think /usr/local/var/www/mobileShop/Application/Runtime/Cache/Admin/970b359eab7c3067a5e3a02a7c838fa8.php 第 34 行.
NOTIC: [8] Undefined variable: Think /usr/local/var/www/mobileShop/Application/Runtime/Cache/Admin/970b359eab7c3067a5e3a02a7c838fa8.php 第 55 行.
NOTIC: [8] Undefined variable: Think /usr/local/var/www/mobileShop/Application/Runtime/Cache/Admin/970b359eab7c3067a5e3a02a7c838fa8.php 第 56 行.
NOTIC: [8] Undefined variable: Think /usr/local/var/www/mobileShop/Application/Runtime/Cache/Admin/970b359eab7c3067a5e3a02a7c838fa8.php 第 59 行.
NOTIC: [8] Undefined variable: Think /usr/local/var/www/mobileShop/Application/Runtime/Cache/Admin/970b359eab7c3067a5e3a02a7c838fa8.php 第 60 行.
NOTIC: [8] Undefined variable: Think /usr/local/var/www/mobileShop/Application/Runtime/Cache/Admin/970b359eab7c3067a5e3a02a7c838fa8.php 第 61 行.
NOTIC: [8] Undefined variable: Think /usr/local/var/www/mobileShop/Application/Runtime/Cache/Admin/970b359eab7c3067a5e3a02a7c838fa8.php 第 62 行.
NOTIC: [8] Undefined variable: Think /usr/local/var/www/mobileShop/Application/Runtime/Cache/Admin/970b359eab7c3067a5e3a02a7c838fa8.php 第 65 行.
NOTIC: [8] Undefined variable: Think /usr/local/var/www/mobileShop/Application/Runtime/Cache/Admin/970b359eab7c3067a5e3a02a7c838fa8.php 第 68 行.
NOTIC: [8] Undefined variable: Think /usr/local/var/www/mobileShop/Application/Runtime/Cache/Admin/970b359eab7c3067a5e3a02a7c838fa8.php 第 69 行.
INFO: Run Behavior\ParseTemplateBehavior [ RunTime:0.004586s ]
INFO: [ view_parse ] --END-- [ RunTime:0.004606s ]
INFO: [ view_filter ] --START--
INFO: Run Behavior\WriteHtmlCacheBehavior [ RunTime:0.000056s ]
INFO: [ view_filter ] --END-- [ RunTime:0.000067s ]
INFO: [ app_end ] --START--
INFO: Run Behavior\ShowPageTraceBehavior [ RunTime:0.000035s ]
INFO: [ app_end ] --END-- [ RunTime:0.000043s ]

[ 2020-02-22T19:17:07+08:00 ] 127.0.0.1 /mobileShop/index.php/Admin/User/get_admin_list?page=1&limit=10
INFO: [ app_init ] --START--
INFO: Run Behavior\BuildLiteBehavior [ RunTime:0.000003s ]
INFO: [ app_init ] --END-- [ RunTime:0.000023s ]
INFO: [ app_begin ] --START--
INFO: Run Behavior\ReadHtmlCacheBehavior [ RunTime:0.000031s ]
INFO: [ app_begin ] --END-- [ RunTime:0.000043s ]
SQL: SHOW COLUMNS FROM `jx_admin_user` [ RunTime:0.0022s ]
SQL: SELECT * FROM `jx_admin_user` ORDER BY addtime desc LIMIT 0,10   [ RunTime:0.0006s ]
SQL: SELECT COUNT(*) AS tp_count FROM `jx_admin_user` LIMIT 1   [ RunTime:0.0002s ]

[ 2020-02-22T19:17:10+08:00 ] 127.0.0.1 /mobileShop/index.php/Admin/Product/brand
INFO: [ app_init ] --START--
INFO: Run Behavior\BuildLiteBehavior [ RunTime:0.000006s ]
INFO: [ app_init ] --END-- [ RunTime:0.000147s ]
INFO: [ app_begin ] --START--
INFO: Run Behavior\ReadHtmlCacheBehavior [ RunTime:0.000078s ]
INFO: [ app_begin ] --END-- [ RunTime:0.000100s ]
INFO: [ view_parse ] --START--
INFO: [ template_filter ] --START--
INFO: Run Behavior\ContentReplaceBehavior [ RunTime:0.000053s ]
INFO: [ template_filter ] --END-- [ RunTime:0.000083s ]
NOTIC: [8] Undefined variable: Think /usr/local/var/www/mobileShop/Application/Runtime/Cache/Admin/3bd377f8f74e7ebd0c10e39e10b0e466.php 第 20 行.
NOTIC: [8] Undefined variable: Think /usr/local/var/www/mobileShop/Application/Runtime/Cache/Admin/3bd377f8f74e7ebd0c10e39e10b0e466.php 第 21 行.
NOTIC: [8] Undefined variable: Think /usr/local/var/www/mobileShop/Application/Runtime/Cache/Admin/3bd377f8f74e7ebd0c10e39e10b0e466.php 第 24 行.
NOTIC: [8] Undefined variable: Think /usr/local/var/www/mobileShop/Application/Runtime/Cache/Admin/3bd377f8f74e7ebd0c10e39e10b0e466.php 第 25 行.
NOTIC: [8] Undefined variable: Think /usr/local/var/www/mobileShop/Application/Runtime/Cache/Admin/3bd377f8f74e7ebd0c10e39e10b0e466.php 第 26 行.
NOTIC: [8] Undefined variable: Think /usr/local/var/www/mobileShop/Application/Runtime/Cache/Admin/3bd377f8f74e7ebd0c10e39e10b0e466.php 第 27 行.
NOTIC: [8] Undefined variable: Think /usr/local/var/www/mobileShop/Application/Runtime/Cache/Admin/3bd377f8f74e7ebd0c10e39e10b0e466.php 第 30 行.
NOTIC: [8] Undefined variable: Think /usr/local/var/www/mobileShop/Application/Runtime/Cache/Admin/3bd377f8f74e7ebd0c10e39e10b0e466.php 第 33 行.
NOTIC: [8] Undefined variable: Think /usr/local/var/www/mobileShop/Application/Runtime/Cache/Admin/3bd377f8f74e7ebd0c10e39e10b0e466.php 第 34 行.
NOTIC: [8] Undefined variable: Think /usr/local/var/www/mobileShop/Application/Runtime/Cache/Admin/3bd377f8f74e7ebd0c10e39e10b0e466.php 第 55 行.
NOTIC: [8] Undefined variable: Think /usr/local/var/www/mobileShop/Application/Runtime/Cache/Admin/3bd377f8f74e7ebd0c10e39e10b0e466.php 第 56 行.
NOTIC: [8] Undefined variable: Think /usr/local/var/www/mobileShop/Application/Runtime/Cache/Admin/3bd377f8f74e7ebd0c10e39e10b0e466.php 第 59 行.
NOTIC: [8] Undefined variable: Think /usr/local/var/www/mobileShop/Application/Runtime/Cache/Admin/3bd377f8f74e7ebd0c10e39e10b0e466.php 第 60 行.
NOTIC: [8] Undefined variable: Think /usr/local/var/www/mobileShop/Application/Runtime/Cache/Admin/3bd377f8f74e7ebd0c10e39e10b0e466.php 第 61 行.
NOTIC: [8] Undefined variable: Think /usr/local/var/www/mobileShop/Application/Runtime/Cache/Admin/3bd377f8f74e7ebd0c10e39e10b0e466.php 第 62 行.
NOTIC: [8] Undefined variable: Think /usr/local/var/www/mobileShop/Application/Runtime/Cache/Admin/3bd377f8f74e7ebd0c10e39e10b0e466.php 第 65 行.
NOTIC: [8] Undefined variable: Think /usr/local/var/www/mobileShop/Application/Runtime/Cache/Admin/3bd377f8f74e7ebd0c10e39e10b0e466.php 第 68 行.
NOTIC: [8] Undefined variable: Think /usr/local/var/www/mobileShop/Application/Runtime/Cache/Admin/3bd377f8f74e7ebd0c10e39e10b0e466.php 第 69 行.
INFO: Run Behavior\ParseTemplateBehavior [ RunTime:0.003935s ]
INFO: [ view_parse ] --END-- [ RunTime:0.003953s ]
INFO: [ view_filter ] --START--
INFO: Run Behavior\WriteHtmlCacheBehavior [ RunTime:0.000066s ]
INFO: [ view_filter ] --END-- [ RunTime:0.000074s ]
INFO: [ app_end ] --START--
INFO: Run Behavior\ShowPageTraceBehavior [ RunTime:0.000035s ]
INFO: [ app_end ] --END-- [ RunTime:0.000042s ]

[ 2020-02-22T19:17:10+08:00 ] 127.0.0.1 /mobileShop/index.php/Admin/Product/get_brand_list?page=1&limit=10
INFO: [ app_init ] --START--
INFO: Run Behavior\BuildLiteBehavior [ RunTime:0.000004s ]
INFO: [ app_init ] --END-- [ RunTime:0.000025s ]
INFO: [ app_begin ] --START--
INFO: Run Behavior\ReadHtmlCacheBehavior [ RunTime:0.000021s ]
INFO: [ app_begin ] --END-- [ RunTime:0.000028s ]
SQL: SHOW COLUMNS FROM `jx_brand` [ RunTime:0.0019s ]
SQL: SELECT * FROM `jx_brand` ORDER BY addtime desc LIMIT 0,10   [ RunTime:0.0004s ]
SQL: SELECT COUNT(*) AS tp_count FROM `jx_brand` LIMIT 1   [ RunTime:0.0003s ]

