[ 2020-02-16T15:56:35+08:00 ] 127.0.0.1 /mobileShop/index.php/Admin/Product/add_brand
INFO: [ app_init ] --START--
INFO: Run Behavior\BuildLiteBehavior [ RunTime:0.000006s ]
INFO: [ app_init ] --END-- [ RunTime:0.000058s ]
INFO: [ app_begin ] --START--
INFO: Run Behavior\ReadHtmlCacheBehavior [ RunTime:0.000050s ]
INFO: [ app_begin ] --END-- [ RunTime:0.000064s ]
SQL: SHOW COLUMNS FROM `jx_brand` [ RunTime:0.0012s ]
ERR: 1364:Field 'id' doesn't have a default value
 [ SQL语句 ] : INSERT INTO `jx_brand` (`name`,`icon`,`addtime`) VALUES ('Samsung','images/brand/2020-02-16/5e48f4eb36f32.jpg','1581839795')
ERR: 1364:Field 'id' doesn't have a default value
 [ SQL语句 ] : INSERT INTO `jx_brand` (`name`,`icon`,`addtime`) VALUES ('Samsung','images/brand/2020-02-16/5e48f4eb36f32.jpg','1581839795')

[ 2020-02-16T15:57:15+08:00 ] 127.0.0.1 /mobileShop/index.php/Admin/Product/add_brand
INFO: [ app_init ] --START--
INFO: Run Behavior\BuildLiteBehavior [ RunTime:0.000005s ]
INFO: [ app_init ] --END-- [ RunTime:0.000057s ]
INFO: [ app_begin ] --START--
INFO: Run Behavior\ReadHtmlCacheBehavior [ RunTime:0.000047s ]
INFO: [ app_begin ] --END-- [ RunTime:0.000059s ]
SQL: SHOW COLUMNS FROM `jx_brand` [ RunTime:0.0019s ]
SQL: INSERT INTO `jx_brand` (`name`,`icon`,`addtime`) VALUES ('Samsung','images/brand/2020-02-16/5e48f4eb36f32.jpg','1581839835') [ RunTime:0.0022s ]

[ 2020-02-16T15:57:15+08:00 ] 127.0.0.1 /mobileShop/index.php/Admin/Product/brand
INFO: [ app_init ] --START--
INFO: Run Behavior\BuildLiteBehavior [ RunTime:0.000005s ]
INFO: [ app_init ] --END-- [ RunTime:0.000040s ]
INFO: [ app_begin ] --START--
INFO: Run Behavior\ReadHtmlCacheBehavior [ RunTime:0.000080s ]
INFO: [ app_begin ] --END-- [ RunTime:0.000103s ]
INFO: [ view_parse ] --START--
INFO: [ template_filter ] --START--
INFO: Run Behavior\ContentReplaceBehavior [ RunTime:0.000064s ]
INFO: [ template_filter ] --END-- [ RunTime:0.000096s ]
NOTIC: [8] Undefined variable: Think /usr/local/var/www/mobileShop/Application/Runtime/Cache/Admin/3bd377f8f74e7ebd0c10e39e10b0e466.php 第 20 行.
NOTIC: [8] Undefined variable: Think /usr/local/var/www/mobileShop/Application/Runtime/Cache/Admin/3bd377f8f74e7ebd0c10e39e10b0e466.php 第 21 行.
NOTIC: [8] Undefined variable: Think /usr/local/var/www/mobileShop/Application/Runtime/Cache/Admin/3bd377f8f74e7ebd0c10e39e10b0e466.php 第 24 行.
NOTIC: [8] Undefined variable: Think /usr/local/var/www/mobileShop/Application/Runtime/Cache/Admin/3bd377f8f74e7ebd0c10e39e10b0e466.php 第 25 行.
NOTIC: [8] Undefined variable: Think /usr/local/var/www/mobileShop/Application/Runtime/Cache/Admin/3bd377f8f74e7ebd0c10e39e10b0e466.php 第 26 行.
NOTIC: [8] Undefined variable: Think /usr/local/var/www/mobileShop/Application/Runtime/Cache/Admin/3bd377f8f74e7ebd0c10e39e10b0e466.php 第 27 行.
NOTIC: [8] Undefined variable: Think /usr/local/var/www/mobileShop/Application/Runtime/Cache/Admin/3bd377f8f74e7ebd0c10e39e10b0e466.php 第 30 行.
NOTIC: [8] Undefined variable: Think /usr/local/var/www/mobileShop/Application/Runtime/Cache/Admin/3bd377f8f74e7ebd0c10e39e10b0e466.php 第 33 行.
NOTIC: [8] Undefined variable: Think /usr/local/var/www/mobileShop/Application/Runtime/Cache/Admin/3bd377f8f74e7ebd0c10e39e10b0e466.php 第 34 行.
NOTIC: [8] Undefined variable: Think /usr/local/var/www/mobileShop/Application/Runtime/Cache/Admin/3bd377f8f74e7ebd0c10e39e10b0e466.php 第 55 行.
NOTIC: [8] Undefined variable: Think /usr/local/var/www/mobileShop/Application/Runtime/Cache/Admin/3bd377f8f74e7ebd0c10e39e10b0e466.php 第 56 行.
NOTIC: [8] Undefined variable: Think /usr/local/var/www/mobileShop/Application/Runtime/Cache/Admin/3bd377f8f74e7ebd0c10e39e10b0e466.php 第 59 行.
NOTIC: [8] Undefined variable: Think /usr/local/var/www/mobileShop/Application/Runtime/Cache/Admin/3bd377f8f74e7ebd0c10e39e10b0e466.php 第 60 行.
NOTIC: [8] Undefined variable: Think /usr/local/var/www/mobileShop/Application/Runtime/Cache/Admin/3bd377f8f74e7ebd0c10e39e10b0e466.php 第 61 行.
NOTIC: [8] Undefined variable: Think /usr/local/var/www/mobileShop/Application/Runtime/Cache/Admin/3bd377f8f74e7ebd0c10e39e10b0e466.php 第 62 行.
NOTIC: [8] Undefined variable: Think /usr/local/var/www/mobileShop/Application/Runtime/Cache/Admin/3bd377f8f74e7ebd0c10e39e10b0e466.php 第 65 行.
NOTIC: [8] Undefined variable: Think /usr/local/var/www/mobileShop/Application/Runtime/Cache/Admin/3bd377f8f74e7ebd0c10e39e10b0e466.php 第 68 行.
NOTIC: [8] Undefined variable: Think /usr/local/var/www/mobileShop/Application/Runtime/Cache/Admin/3bd377f8f74e7ebd0c10e39e10b0e466.php 第 69 行.
INFO: Run Behavior\ParseTemplateBehavior [ RunTime:0.007493s ]
INFO: [ view_parse ] --END-- [ RunTime:0.007546s ]
INFO: [ view_filter ] --START--
INFO: Run Behavior\WriteHtmlCacheBehavior [ RunTime:0.000220s ]
INFO: [ view_filter ] --END-- [ RunTime:0.000262s ]
INFO: [ app_end ] --START--
INFO: Run Behavior\ShowPageTraceBehavior [ RunTime:0.000083s ]
INFO: [ app_end ] --END-- [ RunTime:0.000097s ]

[ 2020-02-16T15:57:16+08:00 ] 127.0.0.1 /mobileShop/index.php/Admin/Product/get_brand_list?page=1&limit=10
INFO: [ app_init ] --START--
INFO: Run Behavior\BuildLiteBehavior [ RunTime:0.000006s ]
INFO: [ app_init ] --END-- [ RunTime:0.000037s ]
INFO: [ app_begin ] --START--
INFO: Run Behavior\ReadHtmlCacheBehavior [ RunTime:0.000044s ]
INFO: [ app_begin ] --END-- [ RunTime:0.000059s ]
SQL: SHOW COLUMNS FROM `jx_brand` [ RunTime:0.0018s ]
SQL: SELECT * FROM `jx_brand` LIMIT 0,10   [ RunTime:0.0003s ]
SQL: SELECT COUNT(*) AS tp_count FROM `jx_brand` LIMIT 1   [ RunTime:0.0003s ]

[ 2020-02-16T15:57:40+08:00 ] 127.0.0.1 /mobileShop/index.php/Admin/Product/upload_brand_icon
INFO: [ app_init ] --START--
INFO: Run Behavior\BuildLiteBehavior [ RunTime:0.000005s ]
INFO: [ app_init ] --END-- [ RunTime:0.000044s ]
INFO: [ app_begin ] --START--
INFO: Run Behavior\ReadHtmlCacheBehavior [ RunTime:0.000034s ]
INFO: [ app_begin ] --END-- [ RunTime:0.000042s ]
NOTIC: [2] call_user_func() expects parameter 1 to be a valid callback, no array or string given /usr/local/var/www/mobileShop/ThinkPHP/Library/Think/Upload.class.php 第 170 行.

[ 2020-02-16T15:58:04+08:00 ] 127.0.0.1 /mobileShop/index.php/Admin/Product/upload_brand_icon
INFO: [ app_init ] --START--
INFO: Run Behavior\BuildLiteBehavior [ RunTime:0.000005s ]
INFO: [ app_init ] --END-- [ RunTime:0.000039s ]
INFO: [ app_begin ] --START--
INFO: Run Behavior\ReadHtmlCacheBehavior [ RunTime:0.000028s ]
INFO: [ app_begin ] --END-- [ RunTime:0.000036s ]
NOTIC: [2] call_user_func() expects parameter 1 to be a valid callback, no array or string given /usr/local/var/www/mobileShop/ThinkPHP/Library/Think/Upload.class.php 第 170 行.

[ 2020-02-16T15:58:07+08:00 ] 127.0.0.1 /mobileShop/index.php/Admin/Product/add_brand
INFO: [ app_init ] --START--
INFO: Run Behavior\BuildLiteBehavior [ RunTime:0.000005s ]
INFO: [ app_init ] --END-- [ RunTime:0.000047s ]
INFO: [ app_begin ] --START--
INFO: Run Behavior\ReadHtmlCacheBehavior [ RunTime:0.000039s ]
INFO: [ app_begin ] --END-- [ RunTime:0.000051s ]
SQL: SHOW COLUMNS FROM `jx_brand` [ RunTime:0.0009s ]
SQL: INSERT INTO `jx_brand` (`name`,`icon`,`addtime`) VALUES ('测试','images/brand/2020-02-16/5e48f60c6f0fa.jpg','1581839887') [ RunTime:0.0010s ]

[ 2020-02-16T15:58:08+08:00 ] 127.0.0.1 /mobileShop/index.php/Admin/Product/brand
INFO: [ app_init ] --START--
INFO: Run Behavior\BuildLiteBehavior [ RunTime:0.000006s ]
INFO: [ app_init ] --END-- [ RunTime:0.000039s ]
INFO: [ app_begin ] --START--
INFO: Run Behavior\ReadHtmlCacheBehavior [ RunTime:0.000034s ]
INFO: [ app_begin ] --END-- [ RunTime:0.000048s ]
INFO: [ view_parse ] --START--
INFO: [ template_filter ] --START--
INFO: Run Behavior\ContentReplaceBehavior [ RunTime:0.000048s ]
INFO: [ template_filter ] --END-- [ RunTime:0.000065s ]
NOTIC: [8] Undefined variable: Think /usr/local/var/www/mobileShop/Application/Runtime/Cache/Admin/3bd377f8f74e7ebd0c10e39e10b0e466.php 第 20 行.
NOTIC: [8] Undefined variable: Think /usr/local/var/www/mobileShop/Application/Runtime/Cache/Admin/3bd377f8f74e7ebd0c10e39e10b0e466.php 第 21 行.
NOTIC: [8] Undefined variable: Think /usr/local/var/www/mobileShop/Application/Runtime/Cache/Admin/3bd377f8f74e7ebd0c10e39e10b0e466.php 第 24 行.
NOTIC: [8] Undefined variable: Think /usr/local/var/www/mobileShop/Application/Runtime/Cache/Admin/3bd377f8f74e7ebd0c10e39e10b0e466.php 第 25 行.
NOTIC: [8] Undefined variable: Think /usr/local/var/www/mobileShop/Application/Runtime/Cache/Admin/3bd377f8f74e7ebd0c10e39e10b0e466.php 第 26 行.
NOTIC: [8] Undefined variable: Think /usr/local/var/www/mobileShop/Application/Runtime/Cache/Admin/3bd377f8f74e7ebd0c10e39e10b0e466.php 第 27 行.
NOTIC: [8] Undefined variable: Think /usr/local/var/www/mobileShop/Application/Runtime/Cache/Admin/3bd377f8f74e7ebd0c10e39e10b0e466.php 第 30 行.
NOTIC: [8] Undefined variable: Think /usr/local/var/www/mobileShop/Application/Runtime/Cache/Admin/3bd377f8f74e7ebd0c10e39e10b0e466.php 第 33 行.
NOTIC: [8] Undefined variable: Think /usr/local/var/www/mobileShop/Application/Runtime/Cache/Admin/3bd377f8f74e7ebd0c10e39e10b0e466.php 第 34 行.
NOTIC: [8] Undefined variable: Think /usr/local/var/www/mobileShop/Application/Runtime/Cache/Admin/3bd377f8f74e7ebd0c10e39e10b0e466.php 第 55 行.
NOTIC: [8] Undefined variable: Think /usr/local/var/www/mobileShop/Application/Runtime/Cache/Admin/3bd377f8f74e7ebd0c10e39e10b0e466.php 第 56 行.
NOTIC: [8] Undefined variable: Think /usr/local/var/www/mobileShop/Application/Runtime/Cache/Admin/3bd377f8f74e7ebd0c10e39e10b0e466.php 第 59 行.
NOTIC: [8] Undefined variable: Think /usr/local/var/www/mobileShop/Application/Runtime/Cache/Admin/3bd377f8f74e7ebd0c10e39e10b0e466.php 第 60 行.
NOTIC: [8] Undefined variable: Think /usr/local/var/www/mobileShop/Application/Runtime/Cache/Admin/3bd377f8f74e7ebd0c10e39e10b0e466.php 第 61 行.
NOTIC: [8] Undefined variable: Think /usr/local/var/www/mobileShop/Application/Runtime/Cache/Admin/3bd377f8f74e7ebd0c10e39e10b0e466.php 第 62 行.
NOTIC: [8] Undefined variable: Think /usr/local/var/www/mobileShop/Application/Runtime/Cache/Admin/3bd377f8f74e7ebd0c10e39e10b0e466.php 第 65 行.
NOTIC: [8] Undefined variable: Think /usr/local/var/www/mobileShop/Application/Runtime/Cache/Admin/3bd377f8f74e7ebd0c10e39e10b0e466.php 第 68 行.
NOTIC: [8] Undefined variable: Think /usr/local/var/www/mobileShop/Application/Runtime/Cache/Admin/3bd377f8f74e7ebd0c10e39e10b0e466.php 第 69 行.
INFO: Run Behavior\ParseTemplateBehavior [ RunTime:0.003859s ]
INFO: [ view_parse ] --END-- [ RunTime:0.003874s ]
INFO: [ view_filter ] --START--
INFO: Run Behavior\WriteHtmlCacheBehavior [ RunTime:0.000071s ]
INFO: [ view_filter ] --END-- [ RunTime:0.000081s ]
INFO: [ app_end ] --START--
INFO: Run Behavior\ShowPageTraceBehavior [ RunTime:0.000045s ]
INFO: [ app_end ] --END-- [ RunTime:0.000051s ]

[ 2020-02-16T15:58:08+08:00 ] 127.0.0.1 /mobileShop/index.php/Admin/Product/get_brand_list?page=1&limit=10
INFO: [ app_init ] --START--
INFO: Run Behavior\BuildLiteBehavior [ RunTime:0.000004s ]
INFO: [ app_init ] --END-- [ RunTime:0.000023s ]
INFO: [ app_begin ] --START--
INFO: Run Behavior\ReadHtmlCacheBehavior [ RunTime:0.000018s ]
INFO: [ app_begin ] --END-- [ RunTime:0.000026s ]
SQL: SHOW COLUMNS FROM `jx_brand` [ RunTime:0.0008s ]
SQL: SELECT * FROM `jx_brand` LIMIT 0,10   [ RunTime:0.0003s ]
SQL: SELECT COUNT(*) AS tp_count FROM `jx_brand` LIMIT 1   [ RunTime:0.0004s ]

[ 2020-02-16T15:58:19+08:00 ] 127.0.0.1 /mobileShop/index.php/Admin/Product/upload_brand_icon
INFO: [ app_init ] --START--
INFO: Run Behavior\BuildLiteBehavior [ RunTime:0.000004s ]
INFO: [ app_init ] --END-- [ RunTime:0.000036s ]
INFO: [ app_begin ] --START--
INFO: Run Behavior\ReadHtmlCacheBehavior [ RunTime:0.000042s ]
INFO: [ app_begin ] --END-- [ RunTime:0.000056s ]
NOTIC: [2] call_user_func() expects parameter 1 to be a valid callback, no array or string given /usr/local/var/www/mobileShop/ThinkPHP/Library/Think/Upload.class.php 第 170 行.

[ 2020-02-16T15:58:20+08:00 ] 127.0.0.1 /mobileShop/index.php/Admin/Product/edit_brand
INFO: [ app_init ] --START--
INFO: Run Behavior\BuildLiteBehavior [ RunTime:0.000005s ]
INFO: [ app_init ] --END-- [ RunTime:0.000040s ]
INFO: [ app_begin ] --START--
INFO: Run Behavior\ReadHtmlCacheBehavior [ RunTime:0.000040s ]
INFO: [ app_begin ] --END-- [ RunTime:0.000056s ]
SQL: SHOW COLUMNS FROM `jx_brand` [ RunTime:0.0011s ]
SQL: UPDATE `jx_brand` SET `name`='测试',`icon`='images/brand/2020-02-16/5e48f61b00566.jpg' WHERE `id` = 3 [ RunTime:0.0011s ]

[ 2020-02-16T15:58:25+08:00 ] 127.0.0.1 /mobileShop/index.php/Admin/Product/brand
INFO: [ app_init ] --START--
INFO: Run Behavior\BuildLiteBehavior [ RunTime:0.000007s ]
INFO: [ app_init ] --END-- [ RunTime:0.000058s ]
INFO: [ app_begin ] --START--
INFO: Run Behavior\ReadHtmlCacheBehavior [ RunTime:0.000048s ]
INFO: [ app_begin ] --END-- [ RunTime:0.000063s ]
INFO: [ view_parse ] --START--
INFO: [ template_filter ] --START--
INFO: Run Behavior\ContentReplaceBehavior [ RunTime:0.000056s ]
INFO: [ template_filter ] --END-- [ RunTime:0.000080s ]
NOTIC: [8] Undefined variable: Think /usr/local/var/www/mobileShop/Application/Runtime/Cache/Admin/3bd377f8f74e7ebd0c10e39e10b0e466.php 第 20 行.
NOTIC: [8] Undefined variable: Think /usr/local/var/www/mobileShop/Application/Runtime/Cache/Admin/3bd377f8f74e7ebd0c10e39e10b0e466.php 第 21 行.
NOTIC: [8] Undefined variable: Think /usr/local/var/www/mobileShop/Application/Runtime/Cache/Admin/3bd377f8f74e7ebd0c10e39e10b0e466.php 第 24 行.
NOTIC: [8] Undefined variable: Think /usr/local/var/www/mobileShop/Application/Runtime/Cache/Admin/3bd377f8f74e7ebd0c10e39e10b0e466.php 第 25 行.
NOTIC: [8] Undefined variable: Think /usr/local/var/www/mobileShop/Application/Runtime/Cache/Admin/3bd377f8f74e7ebd0c10e39e10b0e466.php 第 26 行.
NOTIC: [8] Undefined variable: Think /usr/local/var/www/mobileShop/Application/Runtime/Cache/Admin/3bd377f8f74e7ebd0c10e39e10b0e466.php 第 27 行.
NOTIC: [8] Undefined variable: Think /usr/local/var/www/mobileShop/Application/Runtime/Cache/Admin/3bd377f8f74e7ebd0c10e39e10b0e466.php 第 30 行.
NOTIC: [8] Undefined variable: Think /usr/local/var/www/mobileShop/Application/Runtime/Cache/Admin/3bd377f8f74e7ebd0c10e39e10b0e466.php 第 33 行.
NOTIC: [8] Undefined variable: Think /usr/local/var/www/mobileShop/Application/Runtime/Cache/Admin/3bd377f8f74e7ebd0c10e39e10b0e466.php 第 34 行.
NOTIC: [8] Undefined variable: Think /usr/local/var/www/mobileShop/Application/Runtime/Cache/Admin/3bd377f8f74e7ebd0c10e39e10b0e466.php 第 55 行.
NOTIC: [8] Undefined variable: Think /usr/local/var/www/mobileShop/Application/Runtime/Cache/Admin/3bd377f8f74e7ebd0c10e39e10b0e466.php 第 56 行.
NOTIC: [8] Undefined variable: Think /usr/local/var/www/mobileShop/Application/Runtime/Cache/Admin/3bd377f8f74e7ebd0c10e39e10b0e466.php 第 59 行.
NOTIC: [8] Undefined variable: Think /usr/local/var/www/mobileShop/Application/Runtime/Cache/Admin/3bd377f8f74e7ebd0c10e39e10b0e466.php 第 60 行.
NOTIC: [8] Undefined variable: Think /usr/local/var/www/mobileShop/Application/Runtime/Cache/Admin/3bd377f8f74e7ebd0c10e39e10b0e466.php 第 61 行.
NOTIC: [8] Undefined variable: Think /usr/local/var/www/mobileShop/Application/Runtime/Cache/Admin/3bd377f8f74e7ebd0c10e39e10b0e466.php 第 62 行.
NOTIC: [8] Undefined variable: Think /usr/local/var/www/mobileShop/Application/Runtime/Cache/Admin/3bd377f8f74e7ebd0c10e39e10b0e466.php 第 65 行.
NOTIC: [8] Undefined variable: Think /usr/local/var/www/mobileShop/Application/Runtime/Cache/Admin/3bd377f8f74e7ebd0c10e39e10b0e466.php 第 68 行.
NOTIC: [8] Undefined variable: Think /usr/local/var/www/mobileShop/Application/Runtime/Cache/Admin/3bd377f8f74e7ebd0c10e39e10b0e466.php 第 69 行.
INFO: Run Behavior\ParseTemplateBehavior [ RunTime:0.003688s ]
INFO: [ view_parse ] --END-- [ RunTime:0.003703s ]
INFO: [ view_filter ] --START--
INFO: Run Behavior\WriteHtmlCacheBehavior [ RunTime:0.000063s ]
INFO: [ view_filter ] --END-- [ RunTime:0.000071s ]
INFO: [ app_end ] --START--
INFO: Run Behavior\ShowPageTraceBehavior [ RunTime:0.000040s ]
INFO: [ app_end ] --END-- [ RunTime:0.000047s ]

[ 2020-02-16T15:58:25+08:00 ] 127.0.0.1 /mobileShop/index.php/Admin/Product/get_brand_list?page=1&limit=10
INFO: [ app_init ] --START--
INFO: Run Behavior\BuildLiteBehavior [ RunTime:0.000004s ]
INFO: [ app_init ] --END-- [ RunTime:0.000024s ]
INFO: [ app_begin ] --START--
INFO: Run Behavior\ReadHtmlCacheBehavior [ RunTime:0.000020s ]
INFO: [ app_begin ] --END-- [ RunTime:0.000028s ]
SQL: SHOW COLUMNS FROM `jx_brand` [ RunTime:0.0010s ]
SQL: SELECT * FROM `jx_brand` LIMIT 0,10   [ RunTime:0.0002s ]
SQL: SELECT COUNT(*) AS tp_count FROM `jx_brand` LIMIT 1   [ RunTime:0.0002s ]

[ 2020-02-16T15:58:36+08:00 ] 127.0.0.1 /mobileShop/index.php/Admin/Product/edit_brand
INFO: [ app_init ] --START--
INFO: Run Behavior\BuildLiteBehavior [ RunTime:0.000005s ]
INFO: [ app_init ] --END-- [ RunTime:0.000057s ]
INFO: [ app_begin ] --START--
INFO: Run Behavior\ReadHtmlCacheBehavior [ RunTime:0.000041s ]
INFO: [ app_begin ] --END-- [ RunTime:0.000053s ]
SQL: SHOW COLUMNS FROM `jx_brand` [ RunTime:0.0009s ]
SQL: UPDATE `jx_brand` SET `name`='测试',`icon`='images/brand/2020-02-16/5e48f61b00566.jpg' WHERE `id` = 3 [ RunTime:0.0003s ]

[ 2020-02-16T15:58:38+08:00 ] 127.0.0.1 /mobileShop/index.php/Admin/Product/brand
INFO: [ app_init ] --START--
INFO: Run Behavior\BuildLiteBehavior [ RunTime:0.000007s ]
INFO: [ app_init ] --END-- [ RunTime:0.000046s ]
INFO: [ app_begin ] --START--
INFO: Run Behavior\ReadHtmlCacheBehavior [ RunTime:0.000066s ]
INFO: [ app_begin ] --END-- [ RunTime:0.000087s ]
INFO: [ view_parse ] --START--
INFO: [ template_filter ] --START--
INFO: Run Behavior\ContentReplaceBehavior [ RunTime:0.000048s ]
INFO: [ template_filter ] --END-- [ RunTime:0.000069s ]
NOTIC: [8] Undefined variable: Think /usr/local/var/www/mobileShop/Application/Runtime/Cache/Admin/3bd377f8f74e7ebd0c10e39e10b0e466.php 第 20 行.
NOTIC: [8] Undefined variable: Think /usr/local/var/www/mobileShop/Application/Runtime/Cache/Admin/3bd377f8f74e7ebd0c10e39e10b0e466.php 第 21 行.
NOTIC: [8] Undefined variable: Think /usr/local/var/www/mobileShop/Application/Runtime/Cache/Admin/3bd377f8f74e7ebd0c10e39e10b0e466.php 第 24 行.
NOTIC: [8] Undefined variable: Think /usr/local/var/www/mobileShop/Application/Runtime/Cache/Admin/3bd377f8f74e7ebd0c10e39e10b0e466.php 第 25 行.
NOTIC: [8] Undefined variable: Think /usr/local/var/www/mobileShop/Application/Runtime/Cache/Admin/3bd377f8f74e7ebd0c10e39e10b0e466.php 第 26 行.
NOTIC: [8] Undefined variable: Think /usr/local/var/www/mobileShop/Application/Runtime/Cache/Admin/3bd377f8f74e7ebd0c10e39e10b0e466.php 第 27 行.
NOTIC: [8] Undefined variable: Think /usr/local/var/www/mobileShop/Application/Runtime/Cache/Admin/3bd377f8f74e7ebd0c10e39e10b0e466.php 第 30 行.
NOTIC: [8] Undefined variable: Think /usr/local/var/www/mobileShop/Application/Runtime/Cache/Admin/3bd377f8f74e7ebd0c10e39e10b0e466.php 第 33 行.
NOTIC: [8] Undefined variable: Think /usr/local/var/www/mobileShop/Application/Runtime/Cache/Admin/3bd377f8f74e7ebd0c10e39e10b0e466.php 第 34 行.
NOTIC: [8] Undefined variable: Think /usr/local/var/www/mobileShop/Application/Runtime/Cache/Admin/3bd377f8f74e7ebd0c10e39e10b0e466.php 第 55 行.
NOTIC: [8] Undefined variable: Think /usr/local/var/www/mobileShop/Application/Runtime/Cache/Admin/3bd377f8f74e7ebd0c10e39e10b0e466.php 第 56 行.
NOTIC: [8] Undefined variable: Think /usr/local/var/www/mobileShop/Application/Runtime/Cache/Admin/3bd377f8f74e7ebd0c10e39e10b0e466.php 第 59 行.
NOTIC: [8] Undefined variable: Think /usr/local/var/www/mobileShop/Application/Runtime/Cache/Admin/3bd377f8f74e7ebd0c10e39e10b0e466.php 第 60 行.
NOTIC: [8] Undefined variable: Think /usr/local/var/www/mobileShop/Application/Runtime/Cache/Admin/3bd377f8f74e7ebd0c10e39e10b0e466.php 第 61 行.
NOTIC: [8] Undefined variable: Think /usr/local/var/www/mobileShop/Application/Runtime/Cache/Admin/3bd377f8f74e7ebd0c10e39e10b0e466.php 第 62 行.
NOTIC: [8] Undefined variable: Think /usr/local/var/www/mobileShop/Application/Runtime/Cache/Admin/3bd377f8f74e7ebd0c10e39e10b0e466.php 第 65 行.
NOTIC: [8] Undefined variable: Think /usr/local/var/www/mobileShop/Application/Runtime/Cache/Admin/3bd377f8f74e7ebd0c10e39e10b0e466.php 第 68 行.
NOTIC: [8] Undefined variable: Think /usr/local/var/www/mobileShop/Application/Runtime/Cache/Admin/3bd377f8f74e7ebd0c10e39e10b0e466.php 第 69 行.
INFO: Run Behavior\ParseTemplateBehavior [ RunTime:0.003308s ]
INFO: [ view_parse ] --END-- [ RunTime:0.003323s ]
INFO: [ view_filter ] --START--
INFO: Run Behavior\WriteHtmlCacheBehavior [ RunTime:0.000051s ]
INFO: [ view_filter ] --END-- [ RunTime:0.000059s ]
INFO: [ app_end ] --START--
INFO: Run Behavior\ShowPageTraceBehavior [ RunTime:0.000034s ]
INFO: [ app_end ] --END-- [ RunTime:0.000041s ]

[ 2020-02-16T15:58:38+08:00 ] 127.0.0.1 /mobileShop/index.php/Admin/Product/get_brand_list?page=1&limit=10
INFO: [ app_init ] --START--
INFO: Run Behavior\BuildLiteBehavior [ RunTime:0.000004s ]
INFO: [ app_init ] --END-- [ RunTime:0.000027s ]
INFO: [ app_begin ] --START--
INFO: Run Behavior\ReadHtmlCacheBehavior [ RunTime:0.000021s ]
INFO: [ app_begin ] --END-- [ RunTime:0.000029s ]
SQL: SHOW COLUMNS FROM `jx_brand` [ RunTime:0.0010s ]
SQL: SELECT * FROM `jx_brand` LIMIT 0,10   [ RunTime:0.0003s ]
SQL: SELECT COUNT(*) AS tp_count FROM `jx_brand` LIMIT 1   [ RunTime:0.0002s ]

[ 2020-02-16T15:58:48+08:00 ] 127.0.0.1 /mobileShop/index.php/Admin/Product/delete_brand
INFO: [ app_init ] --START--
INFO: Run Behavior\BuildLiteBehavior [ RunTime:0.000005s ]
INFO: [ app_init ] --END-- [ RunTime:0.000047s ]
INFO: [ app_begin ] --START--
INFO: Run Behavior\ReadHtmlCacheBehavior [ RunTime:0.000045s ]
INFO: [ app_begin ] --END-- [ RunTime:0.000061s ]
SQL: SHOW COLUMNS FROM `jx_brand` [ RunTime:0.0012s ]
SQL: DELETE FROM `jx_brand` WHERE `id` = 3 [ RunTime:0.0013s ]

[ 2020-02-16T15:58:49+08:00 ] 127.0.0.1 /mobileShop/index.php/Admin/Product/brand
INFO: [ app_init ] --START--
INFO: Run Behavior\BuildLiteBehavior [ RunTime:0.000006s ]
INFO: [ app_init ] --END-- [ RunTime:0.000039s ]
INFO: [ app_begin ] --START--
INFO: Run Behavior\ReadHtmlCacheBehavior [ RunTime:0.000035s ]
INFO: [ app_begin ] --END-- [ RunTime:0.000049s ]
INFO: [ view_parse ] --START--
INFO: [ template_filter ] --START--
INFO: Run Behavior\ContentReplaceBehavior [ RunTime:0.000055s ]
INFO: [ template_filter ] --END-- [ RunTime:0.000075s ]
NOTIC: [8] Undefined variable: Think /usr/local/var/www/mobileShop/Application/Runtime/Cache/Admin/3bd377f8f74e7ebd0c10e39e10b0e466.php 第 20 行.
NOTIC: [8] Undefined variable: Think /usr/local/var/www/mobileShop/Application/Runtime/Cache/Admin/3bd377f8f74e7ebd0c10e39e10b0e466.php 第 21 行.
NOTIC: [8] Undefined variable: Think /usr/local/var/www/mobileShop/Application/Runtime/Cache/Admin/3bd377f8f74e7ebd0c10e39e10b0e466.php 第 24 行.
NOTIC: [8] Undefined variable: Think /usr/local/var/www/mobileShop/Application/Runtime/Cache/Admin/3bd377f8f74e7ebd0c10e39e10b0e466.php 第 25 行.
NOTIC: [8] Undefined variable: Think /usr/local/var/www/mobileShop/Application/Runtime/Cache/Admin/3bd377f8f74e7ebd0c10e39e10b0e466.php 第 26 行.
NOTIC: [8] Undefined variable: Think /usr/local/var/www/mobileShop/Application/Runtime/Cache/Admin/3bd377f8f74e7ebd0c10e39e10b0e466.php 第 27 行.
NOTIC: [8] Undefined variable: Think /usr/local/var/www/mobileShop/Application/Runtime/Cache/Admin/3bd377f8f74e7ebd0c10e39e10b0e466.php 第 30 行.
NOTIC: [8] Undefined variable: Think /usr/local/var/www/mobileShop/Application/Runtime/Cache/Admin/3bd377f8f74e7ebd0c10e39e10b0e466.php 第 33 行.
NOTIC: [8] Undefined variable: Think /usr/local/var/www/mobileShop/Application/Runtime/Cache/Admin/3bd377f8f74e7ebd0c10e39e10b0e466.php 第 34 行.
NOTIC: [8] Undefined variable: Think /usr/local/var/www/mobileShop/Application/Runtime/Cache/Admin/3bd377f8f74e7ebd0c10e39e10b0e466.php 第 55 行.
NOTIC: [8] Undefined variable: Think /usr/local/var/www/mobileShop/Application/Runtime/Cache/Admin/3bd377f8f74e7ebd0c10e39e10b0e466.php 第 56 行.
NOTIC: [8] Undefined variable: Think /usr/local/var/www/mobileShop/Application/Runtime/Cache/Admin/3bd377f8f74e7ebd0c10e39e10b0e466.php 第 59 行.
NOTIC: [8] Undefined variable: Think /usr/local/var/www/mobileShop/Application/Runtime/Cache/Admin/3bd377f8f74e7ebd0c10e39e10b0e466.php 第 60 行.
NOTIC: [8] Undefined variable: Think /usr/local/var/www/mobileShop/Application/Runtime/Cache/Admin/3bd377f8f74e7ebd0c10e39e10b0e466.php 第 61 行.
NOTIC: [8] Undefined variable: Think /usr/local/var/www/mobileShop/Application/Runtime/Cache/Admin/3bd377f8f74e7ebd0c10e39e10b0e466.php 第 62 行.
NOTIC: [8] Undefined variable: Think /usr/local/var/www/mobileShop/Application/Runtime/Cache/Admin/3bd377f8f74e7ebd0c10e39e10b0e466.php 第 65 行.
NOTIC: [8] Undefined variable: Think /usr/local/var/www/mobileShop/Application/Runtime/Cache/Admin/3bd377f8f74e7ebd0c10e39e10b0e466.php 第 68 行.
NOTIC: [8] Undefined variable: Think /usr/local/var/www/mobileShop/Application/Runtime/Cache/Admin/3bd377f8f74e7ebd0c10e39e10b0e466.php 第 69 行.
INFO: Run Behavior\ParseTemplateBehavior [ RunTime:0.003988s ]
INFO: [ view_parse ] --END-- [ RunTime:0.004006s ]
INFO: [ view_filter ] --START--
INFO: Run Behavior\WriteHtmlCacheBehavior [ RunTime:0.000128s ]
INFO: [ view_filter ] --END-- [ RunTime:0.000139s ]
INFO: [ app_end ] --START--
INFO: Run Behavior\ShowPageTraceBehavior [ RunTime:0.000055s ]
INFO: [ app_end ] --END-- [ RunTime:0.000079s ]

[ 2020-02-16T15:58:49+08:00 ] 127.0.0.1 /mobileShop/index.php/Admin/Product/get_brand_list?page=1&limit=10
INFO: [ app_init ] --START--
INFO: Run Behavior\BuildLiteBehavior [ RunTime:0.000007s ]
INFO: [ app_init ] --END-- [ RunTime:0.000041s ]
INFO: [ app_begin ] --START--
INFO: Run Behavior\ReadHtmlCacheBehavior [ RunTime:0.000043s ]
INFO: [ app_begin ] --END-- [ RunTime:0.000058s ]
SQL: SHOW COLUMNS FROM `jx_brand` [ RunTime:0.0015s ]
SQL: SELECT * FROM `jx_brand` LIMIT 0,10   [ RunTime:0.0007s ]
SQL: SELECT COUNT(*) AS tp_count FROM `jx_brand` LIMIT 1   [ RunTime:0.0006s ]

[ 2020-02-16T15:58:55+08:00 ] 127.0.0.1 /mobileShop/index.php/Admin/User/member
INFO: [ app_init ] --START--
INFO: Run Behavior\BuildLiteBehavior [ RunTime:0.000005s ]
INFO: [ app_init ] --END-- [ RunTime:0.000051s ]
INFO: [ app_begin ] --START--
INFO: Run Behavior\ReadHtmlCacheBehavior [ RunTime:0.000044s ]
INFO: [ app_begin ] --END-- [ RunTime:0.000058s ]
INFO: [ view_parse ] --START--
INFO: [ template_filter ] --START--
INFO: Run Behavior\ContentReplaceBehavior [ RunTime:0.000046s ]
INFO: [ template_filter ] --END-- [ RunTime:0.000085s ]
NOTIC: [8] Undefined variable: Think /usr/local/var/www/mobileShop/Application/Runtime/Cache/Admin/58ee3479f0655594ab7d5bd94e642cc1.php 第 20 行.
NOTIC: [8] Undefined variable: Think /usr/local/var/www/mobileShop/Application/Runtime/Cache/Admin/58ee3479f0655594ab7d5bd94e642cc1.php 第 21 行.
NOTIC: [8] Undefined variable: Think /usr/local/var/www/mobileShop/Application/Runtime/Cache/Admin/58ee3479f0655594ab7d5bd94e642cc1.php 第 24 行.
NOTIC: [8] Undefined variable: Think /usr/local/var/www/mobileShop/Application/Runtime/Cache/Admin/58ee3479f0655594ab7d5bd94e642cc1.php 第 25 行.
NOTIC: [8] Undefined variable: Think /usr/local/var/www/mobileShop/Application/Runtime/Cache/Admin/58ee3479f0655594ab7d5bd94e642cc1.php 第 26 行.
NOTIC: [8] Undefined variable: Think /usr/local/var/www/mobileShop/Application/Runtime/Cache/Admin/58ee3479f0655594ab7d5bd94e642cc1.php 第 27 行.
NOTIC: [8] Undefined variable: Think /usr/local/var/www/mobileShop/Application/Runtime/Cache/Admin/58ee3479f0655594ab7d5bd94e642cc1.php 第 30 行.
NOTIC: [8] Undefined variable: Think /usr/local/var/www/mobileShop/Application/Runtime/Cache/Admin/58ee3479f0655594ab7d5bd94e642cc1.php 第 33 行.
NOTIC: [8] Undefined variable: Think /usr/local/var/www/mobileShop/Application/Runtime/Cache/Admin/58ee3479f0655594ab7d5bd94e642cc1.php 第 34 行.
NOTIC: [8] Undefined variable: Think /usr/local/var/www/mobileShop/Application/Runtime/Cache/Admin/58ee3479f0655594ab7d5bd94e642cc1.php 第 55 行.
NOTIC: [8] Undefined variable: Think /usr/local/var/www/mobileShop/Application/Runtime/Cache/Admin/58ee3479f0655594ab7d5bd94e642cc1.php 第 56 行.
NOTIC: [8] Undefined variable: Think /usr/local/var/www/mobileShop/Application/Runtime/Cache/Admin/58ee3479f0655594ab7d5bd94e642cc1.php 第 59 行.
NOTIC: [8] Undefined variable: Think /usr/local/var/www/mobileShop/Application/Runtime/Cache/Admin/58ee3479f0655594ab7d5bd94e642cc1.php 第 60 行.
NOTIC: [8] Undefined variable: Think /usr/local/var/www/mobileShop/Application/Runtime/Cache/Admin/58ee3479f0655594ab7d5bd94e642cc1.php 第 61 行.
NOTIC: [8] Undefined variable: Think /usr/local/var/www/mobileShop/Application/Runtime/Cache/Admin/58ee3479f0655594ab7d5bd94e642cc1.php 第 62 行.
NOTIC: [8] Undefined variable: Think /usr/local/var/www/mobileShop/Application/Runtime/Cache/Admin/58ee3479f0655594ab7d5bd94e642cc1.php 第 65 行.
NOTIC: [8] Undefined variable: Think /usr/local/var/www/mobileShop/Application/Runtime/Cache/Admin/58ee3479f0655594ab7d5bd94e642cc1.php 第 68 行.
NOTIC: [8] Undefined variable: Think /usr/local/var/www/mobileShop/Application/Runtime/Cache/Admin/58ee3479f0655594ab7d5bd94e642cc1.php 第 69 行.
INFO: Run Behavior\ParseTemplateBehavior [ RunTime:0.004563s ]
INFO: [ view_parse ] --END-- [ RunTime:0.004581s ]
INFO: [ view_filter ] --START--
INFO: Run Behavior\WriteHtmlCacheBehavior [ RunTime:0.000066s ]
INFO: [ view_filter ] --END-- [ RunTime:0.000073s ]
INFO: [ app_end ] --START--
INFO: Run Behavior\ShowPageTraceBehavior [ RunTime:0.000035s ]
INFO: [ app_end ] --END-- [ RunTime:0.000042s ]

[ 2020-02-16T15:58:55+08:00 ] 127.0.0.1 /mobileShop/index.php/Admin/User/get_user_list?page=1&limit=10
INFO: [ app_init ] --START--
INFO: Run Behavior\BuildLiteBehavior [ RunTime:0.000003s ]
INFO: [ app_init ] --END-- [ RunTime:0.000024s ]
INFO: [ app_begin ] --START--
INFO: Run Behavior\ReadHtmlCacheBehavior [ RunTime:0.000019s ]
INFO: [ app_begin ] --END-- [ RunTime:0.000027s ]
SQL: SHOW COLUMNS FROM `jx_user` [ RunTime:0.0008s ]
SQL: SELECT * FROM `jx_user` LIMIT 0,10   [ RunTime:0.0002s ]
SQL: SELECT COUNT(*) AS tp_count FROM `jx_user` LIMIT 1   [ RunTime:0.0003s ]

[ 2020-02-16T15:58:56+08:00 ] 127.0.0.1 /mobileShop/index.php/Admin/User/admin
INFO: [ app_init ] --START--
INFO: Run Behavior\BuildLiteBehavior [ RunTime:0.000006s ]
INFO: [ app_init ] --END-- [ RunTime:0.000036s ]
INFO: [ app_begin ] --START--
INFO: Run Behavior\ReadHtmlCacheBehavior [ RunTime:0.000037s ]
INFO: [ app_begin ] --END-- [ RunTime:0.000054s ]
INFO: [ view_parse ] --START--
INFO: [ template_filter ] --START--
INFO: Run Behavior\ContentReplaceBehavior [ RunTime:0.000042s ]
INFO: [ template_filter ] --END-- [ RunTime:0.000060s ]
NOTIC: [8] Undefined variable: Think /usr/local/var/www/mobileShop/Application/Runtime/Cache/Admin/970b359eab7c3067a5e3a02a7c838fa8.php 第 20 行.
NOTIC: [8] Undefined variable: Think /usr/local/var/www/mobileShop/Application/Runtime/Cache/Admin/970b359eab7c3067a5e3a02a7c838fa8.php 第 21 行.
NOTIC: [8] Undefined variable: Think /usr/local/var/www/mobileShop/Application/Runtime/Cache/Admin/970b359eab7c3067a5e3a02a7c838fa8.php 第 24 行.
NOTIC: [8] Undefined variable: Think /usr/local/var/www/mobileShop/Application/Runtime/Cache/Admin/970b359eab7c3067a5e3a02a7c838fa8.php 第 25 行.
NOTIC: [8] Undefined variable: Think /usr/local/var/www/mobileShop/Application/Runtime/Cache/Admin/970b359eab7c3067a5e3a02a7c838fa8.php 第 26 行.
NOTIC: [8] Undefined variable: Think /usr/local/var/www/mobileShop/Application/Runtime/Cache/Admin/970b359eab7c3067a5e3a02a7c838fa8.php 第 27 行.
NOTIC: [8] Undefined variable: Think /usr/local/var/www/mobileShop/Application/Runtime/Cache/Admin/970b359eab7c3067a5e3a02a7c838fa8.php 第 30 行.
NOTIC: [8] Undefined variable: Think /usr/local/var/www/mobileShop/Application/Runtime/Cache/Admin/970b359eab7c3067a5e3a02a7c838fa8.php 第 33 行.
NOTIC: [8] Undefined variable: Think /usr/local/var/www/mobileShop/Application/Runtime/Cache/Admin/970b359eab7c3067a5e3a02a7c838fa8.php 第 34 行.
NOTIC: [8] Undefined variable: Think /usr/local/var/www/mobileShop/Application/Runtime/Cache/Admin/970b359eab7c3067a5e3a02a7c838fa8.php 第 55 行.
NOTIC: [8] Undefined variable: Think /usr/local/var/www/mobileShop/Application/Runtime/Cache/Admin/970b359eab7c3067a5e3a02a7c838fa8.php 第 56 行.
NOTIC: [8] Undefined variable: Think /usr/local/var/www/mobileShop/Application/Runtime/Cache/Admin/970b359eab7c3067a5e3a02a7c838fa8.php 第 59 行.
NOTIC: [8] Undefined variable: Think /usr/local/var/www/mobileShop/Application/Runtime/Cache/Admin/970b359eab7c3067a5e3a02a7c838fa8.php 第 60 行.
NOTIC: [8] Undefined variable: Think /usr/local/var/www/mobileShop/Application/Runtime/Cache/Admin/970b359eab7c3067a5e3a02a7c838fa8.php 第 61 行.
NOTIC: [8] Undefined variable: Think /usr/local/var/www/mobileShop/Application/Runtime/Cache/Admin/970b359eab7c3067a5e3a02a7c838fa8.php 第 62 行.
NOTIC: [8] Undefined variable: Think /usr/local/var/www/mobileShop/Application/Runtime/Cache/Admin/970b359eab7c3067a5e3a02a7c838fa8.php 第 65 行.
NOTIC: [8] Undefined variable: Think /usr/local/var/www/mobileShop/Application/Runtime/Cache/Admin/970b359eab7c3067a5e3a02a7c838fa8.php 第 68 行.
NOTIC: [8] Undefined variable: Think /usr/local/var/www/mobileShop/Application/Runtime/Cache/Admin/970b359eab7c3067a5e3a02a7c838fa8.php 第 69 行.
INFO: Run Behavior\ParseTemplateBehavior [ RunTime:0.004303s ]
INFO: [ view_parse ] --END-- [ RunTime:0.004318s ]
INFO: [ view_filter ] --START--
INFO: Run Behavior\WriteHtmlCacheBehavior [ RunTime:0.000048s ]
INFO: [ view_filter ] --END-- [ RunTime:0.000056s ]
INFO: [ app_end ] --START--
INFO: Run Behavior\ShowPageTraceBehavior [ RunTime:0.000026s ]
INFO: [ app_end ] --END-- [ RunTime:0.000033s ]

[ 2020-02-16T15:58:56+08:00 ] 127.0.0.1 /mobileShop/index.php/Admin/User/get_admin_list?page=1&limit=10
INFO: [ app_init ] --START--
INFO: Run Behavior\BuildLiteBehavior [ RunTime:0.000004s ]
INFO: [ app_init ] --END-- [ RunTime:0.000026s ]
INFO: [ app_begin ] --START--
INFO: Run Behavior\ReadHtmlCacheBehavior [ RunTime:0.000021s ]
INFO: [ app_begin ] --END-- [ RunTime:0.000029s ]
SQL: SHOW COLUMNS FROM `jx_admin_user` [ RunTime:0.0008s ]
SQL: SELECT * FROM `jx_admin_user` LIMIT 0,10   [ RunTime:0.0002s ]
SQL: SELECT COUNT(*) AS tp_count FROM `jx_admin_user` LIMIT 1   [ RunTime:0.0002s ]

[ 2020-02-16T15:59:16+08:00 ] 127.0.0.1 /mobileShop/index.php/Admin/User/member
INFO: [ app_init ] --START--
INFO: Run Behavior\BuildLiteBehavior [ RunTime:0.000005s ]
INFO: [ app_init ] --END-- [ RunTime:0.000051s ]
INFO: [ app_begin ] --START--
INFO: Run Behavior\ReadHtmlCacheBehavior [ RunTime:0.000042s ]
INFO: [ app_begin ] --END-- [ RunTime:0.000053s ]
INFO: [ view_parse ] --START--
INFO: [ template_filter ] --START--
INFO: Run Behavior\ContentReplaceBehavior [ RunTime:0.000041s ]
INFO: [ template_filter ] --END-- [ RunTime:0.000054s ]
NOTIC: [8] Undefined variable: Think /usr/local/var/www/mobileShop/Application/Runtime/Cache/Admin/58ee3479f0655594ab7d5bd94e642cc1.php 第 20 行.
NOTIC: [8] Undefined variable: Think /usr/local/var/www/mobileShop/Application/Runtime/Cache/Admin/58ee3479f0655594ab7d5bd94e642cc1.php 第 21 行.
NOTIC: [8] Undefined variable: Think /usr/local/var/www/mobileShop/Application/Runtime/Cache/Admin/58ee3479f0655594ab7d5bd94e642cc1.php 第 24 行.
NOTIC: [8] Undefined variable: Think /usr/local/var/www/mobileShop/Application/Runtime/Cache/Admin/58ee3479f0655594ab7d5bd94e642cc1.php 第 25 行.
NOTIC: [8] Undefined variable: Think /usr/local/var/www/mobileShop/Application/Runtime/Cache/Admin/58ee3479f0655594ab7d5bd94e642cc1.php 第 26 行.
NOTIC: [8] Undefined variable: Think /usr/local/var/www/mobileShop/Application/Runtime/Cache/Admin/58ee3479f0655594ab7d5bd94e642cc1.php 第 27 行.
NOTIC: [8] Undefined variable: Think /usr/local/var/www/mobileShop/Application/Runtime/Cache/Admin/58ee3479f0655594ab7d5bd94e642cc1.php 第 30 行.
NOTIC: [8] Undefined variable: Think /usr/local/var/www/mobileShop/Application/Runtime/Cache/Admin/58ee3479f0655594ab7d5bd94e642cc1.php 第 33 行.
NOTIC: [8] Undefined variable: Think /usr/local/var/www/mobileShop/Application/Runtime/Cache/Admin/58ee3479f0655594ab7d5bd94e642cc1.php 第 34 行.
NOTIC: [8] Undefined variable: Think /usr/local/var/www/mobileShop/Application/Runtime/Cache/Admin/58ee3479f0655594ab7d5bd94e642cc1.php 第 55 行.
NOTIC: [8] Undefined variable: Think /usr/local/var/www/mobileShop/Application/Runtime/Cache/Admin/58ee3479f0655594ab7d5bd94e642cc1.php 第 56 行.
NOTIC: [8] Undefined variable: Think /usr/local/var/www/mobileShop/Application/Runtime/Cache/Admin/58ee3479f0655594ab7d5bd94e642cc1.php 第 59 行.
NOTIC: [8] Undefined variable: Think /usr/local/var/www/mobileShop/Application/Runtime/Cache/Admin/58ee3479f0655594ab7d5bd94e642cc1.php 第 60 行.
NOTIC: [8] Undefined variable: Think /usr/local/var/www/mobileShop/Application/Runtime/Cache/Admin/58ee3479f0655594ab7d5bd94e642cc1.php 第 61 行.
NOTIC: [8] Undefined variable: Think /usr/local/var/www/mobileShop/Application/Runtime/Cache/Admin/58ee3479f0655594ab7d5bd94e642cc1.php 第 62 行.
NOTIC: [8] Undefined variable: Think /usr/local/var/www/mobileShop/Application/Runtime/Cache/Admin/58ee3479f0655594ab7d5bd94e642cc1.php 第 65 行.
NOTIC: [8] Undefined variable: Think /usr/local/var/www/mobileShop/Application/Runtime/Cache/Admin/58ee3479f0655594ab7d5bd94e642cc1.php 第 68 行.
NOTIC: [8] Undefined variable: Think /usr/local/var/www/mobileShop/Application/Runtime/Cache/Admin/58ee3479f0655594ab7d5bd94e642cc1.php 第 69 行.
INFO: Run Behavior\ParseTemplateBehavior [ RunTime:0.002936s ]
INFO: [ view_parse ] --END-- [ RunTime:0.002952s ]
INFO: [ view_filter ] --START--
INFO: Run Behavior\WriteHtmlCacheBehavior [ RunTime:0.000056s ]
INFO: [ view_filter ] --END-- [ RunTime:0.000065s ]
INFO: [ app_end ] --START--
INFO: Run Behavior\ShowPageTraceBehavior [ RunTime:0.000052s ]
INFO: [ app_end ] --END-- [ RunTime:0.000057s ]

[ 2020-02-16T15:59:16+08:00 ] 127.0.0.1 /mobileShop/index.php/Admin/User/get_user_list?page=1&limit=10
INFO: [ app_init ] --START--
INFO: Run Behavior\BuildLiteBehavior [ RunTime:0.000015s ]
INFO: [ app_init ] --END-- [ RunTime:0.000045s ]
INFO: [ app_begin ] --START--
INFO: Run Behavior\ReadHtmlCacheBehavior [ RunTime:0.000050s ]
INFO: [ app_begin ] --END-- [ RunTime:0.000068s ]
SQL: SHOW COLUMNS FROM `jx_user` [ RunTime:0.0035s ]
SQL: SELECT * FROM `jx_user` LIMIT 0,10   [ RunTime:0.0003s ]
SQL: SELECT COUNT(*) AS tp_count FROM `jx_user` LIMIT 1   [ RunTime:0.0003s ]

[ 2020-02-16T15:59:22+08:00 ] 127.0.0.1 /mobileShop/index.php/Admin/Product/brand
INFO: [ app_init ] --START--
INFO: Run Behavior\BuildLiteBehavior [ RunTime:0.000005s ]
INFO: [ app_init ] --END-- [ RunTime:0.000053s ]
INFO: [ app_begin ] --START--
INFO: Run Behavior\ReadHtmlCacheBehavior [ RunTime:0.000058s ]
INFO: [ app_begin ] --END-- [ RunTime:0.000075s ]
INFO: [ view_parse ] --START--
INFO: [ template_filter ] --START--
INFO: Run Behavior\ContentReplaceBehavior [ RunTime:0.000045s ]
INFO: [ template_filter ] --END-- [ RunTime:0.000061s ]
NOTIC: [8] Undefined variable: Think /usr/local/var/www/mobileShop/Application/Runtime/Cache/Admin/3bd377f8f74e7ebd0c10e39e10b0e466.php 第 20 行.
NOTIC: [8] Undefined variable: Think /usr/local/var/www/mobileShop/Application/Runtime/Cache/Admin/3bd377f8f74e7ebd0c10e39e10b0e466.php 第 21 行.
NOTIC: [8] Undefined variable: Think /usr/local/var/www/mobileShop/Application/Runtime/Cache/Admin/3bd377f8f74e7ebd0c10e39e10b0e466.php 第 24 行.
NOTIC: [8] Undefined variable: Think /usr/local/var/www/mobileShop/Application/Runtime/Cache/Admin/3bd377f8f74e7ebd0c10e39e10b0e466.php 第 25 行.
NOTIC: [8] Undefined variable: Think /usr/local/var/www/mobileShop/Application/Runtime/Cache/Admin/3bd377f8f74e7ebd0c10e39e10b0e466.php 第 26 行.
NOTIC: [8] Undefined variable: Think /usr/local/var/www/mobileShop/Application/Runtime/Cache/Admin/3bd377f8f74e7ebd0c10e39e10b0e466.php 第 27 行.
NOTIC: [8] Undefined variable: Think /usr/local/var/www/mobileShop/Application/Runtime/Cache/Admin/3bd377f8f74e7ebd0c10e39e10b0e466.php 第 30 行.
NOTIC: [8] Undefined variable: Think /usr/local/var/www/mobileShop/Application/Runtime/Cache/Admin/3bd377f8f74e7ebd0c10e39e10b0e466.php 第 33 行.
NOTIC: [8] Undefined variable: Think /usr/local/var/www/mobileShop/Application/Runtime/Cache/Admin/3bd377f8f74e7ebd0c10e39e10b0e466.php 第 34 行.
NOTIC: [8] Undefined variable: Think /usr/local/var/www/mobileShop/Application/Runtime/Cache/Admin/3bd377f8f74e7ebd0c10e39e10b0e466.php 第 55 行.
NOTIC: [8] Undefined variable: Think /usr/local/var/www/mobileShop/Application/Runtime/Cache/Admin/3bd377f8f74e7ebd0c10e39e10b0e466.php 第 56 行.
NOTIC: [8] Undefined variable: Think /usr/local/var/www/mobileShop/Application/Runtime/Cache/Admin/3bd377f8f74e7ebd0c10e39e10b0e466.php 第 59 行.
NOTIC: [8] Undefined variable: Think /usr/local/var/www/mobileShop/Application/Runtime/Cache/Admin/3bd377f8f74e7ebd0c10e39e10b0e466.php 第 60 行.
NOTIC: [8] Undefined variable: Think /usr/local/var/www/mobileShop/Application/Runtime/Cache/Admin/3bd377f8f74e7ebd0c10e39e10b0e466.php 第 61 行.
NOTIC: [8] Undefined variable: Think /usr/local/var/www/mobileShop/Application/Runtime/Cache/Admin/3bd377f8f74e7ebd0c10e39e10b0e466.php 第 62 行.
NOTIC: [8] Undefined variable: Think /usr/local/var/www/mobileShop/Application/Runtime/Cache/Admin/3bd377f8f74e7ebd0c10e39e10b0e466.php 第 65 行.
NOTIC: [8] Undefined variable: Think /usr/local/var/www/mobileShop/Application/Runtime/Cache/Admin/3bd377f8f74e7ebd0c10e39e10b0e466.php 第 68 行.
NOTIC: [8] Undefined variable: Think /usr/local/var/www/mobileShop/Application/Runtime/Cache/Admin/3bd377f8f74e7ebd0c10e39e10b0e466.php 第 69 行.
INFO: Run Behavior\ParseTemplateBehavior [ RunTime:0.003335s ]
INFO: [ view_parse ] --END-- [ RunTime:0.003371s ]
INFO: [ view_filter ] --START--
INFO: Run Behavior\WriteHtmlCacheBehavior [ RunTime:0.000078s ]
INFO: [ view_filter ] --END-- [ RunTime:0.000089s ]
INFO: [ app_end ] --START--
INFO: Run Behavior\ShowPageTraceBehavior [ RunTime:0.000041s ]
INFO: [ app_end ] --END-- [ RunTime:0.000050s ]

[ 2020-02-16T15:59:22+08:00 ] 127.0.0.1 /mobileShop/index.php/Admin/Product/get_brand_list?page=1&limit=10
INFO: [ app_init ] --START--
INFO: Run Behavior\BuildLiteBehavior [ RunTime:0.000004s ]
INFO: [ app_init ] --END-- [ RunTime:0.000024s ]
INFO: [ app_begin ] --START--
INFO: Run Behavior\ReadHtmlCacheBehavior [ RunTime:0.000020s ]
INFO: [ app_begin ] --END-- [ RunTime:0.000027s ]
SQL: SHOW COLUMNS FROM `jx_brand` [ RunTime:0.0008s ]
SQL: SELECT * FROM `jx_brand` LIMIT 0,10   [ RunTime:0.0003s ]
SQL: SELECT COUNT(*) AS tp_count FROM `jx_brand` LIMIT 1   [ RunTime:0.0002s ]

[ 2020-02-16T15:59:47+08:00 ] 127.0.0.1 /mobileShop/index.php/Admin/User/member
INFO: [ app_init ] --START--
INFO: Run Behavior\BuildLiteBehavior [ RunTime:0.000006s ]
INFO: [ app_init ] --END-- [ RunTime:0.000053s ]
INFO: [ app_begin ] --START--
INFO: Run Behavior\ReadHtmlCacheBehavior [ RunTime:0.000078s ]
INFO: [ app_begin ] --END-- [ RunTime:0.000094s ]
INFO: [ view_parse ] --START--
INFO: [ template_filter ] --START--
INFO: Run Behavior\ContentReplaceBehavior [ RunTime:0.000040s ]
INFO: [ template_filter ] --END-- [ RunTime:0.000054s ]
NOTIC: [8] Undefined variable: Think /usr/local/var/www/mobileShop/Application/Runtime/Cache/Admin/58ee3479f0655594ab7d5bd94e642cc1.php 第 20 行.
NOTIC: [8] Undefined variable: Think /usr/local/var/www/mobileShop/Application/Runtime/Cache/Admin/58ee3479f0655594ab7d5bd94e642cc1.php 第 21 行.
NOTIC: [8] Undefined variable: Think /usr/local/var/www/mobileShop/Application/Runtime/Cache/Admin/58ee3479f0655594ab7d5bd94e642cc1.php 第 24 行.
NOTIC: [8] Undefined variable: Think /usr/local/var/www/mobileShop/Application/Runtime/Cache/Admin/58ee3479f0655594ab7d5bd94e642cc1.php 第 25 行.
NOTIC: [8] Undefined variable: Think /usr/local/var/www/mobileShop/Application/Runtime/Cache/Admin/58ee3479f0655594ab7d5bd94e642cc1.php 第 26 行.
NOTIC: [8] Undefined variable: Think /usr/local/var/www/mobileShop/Application/Runtime/Cache/Admin/58ee3479f0655594ab7d5bd94e642cc1.php 第 27 行.
NOTIC: [8] Undefined variable: Think /usr/local/var/www/mobileShop/Application/Runtime/Cache/Admin/58ee3479f0655594ab7d5bd94e642cc1.php 第 30 行.
NOTIC: [8] Undefined variable: Think /usr/local/var/www/mobileShop/Application/Runtime/Cache/Admin/58ee3479f0655594ab7d5bd94e642cc1.php 第 33 行.
NOTIC: [8] Undefined variable: Think /usr/local/var/www/mobileShop/Application/Runtime/Cache/Admin/58ee3479f0655594ab7d5bd94e642cc1.php 第 34 行.
NOTIC: [8] Undefined variable: Think /usr/local/var/www/mobileShop/Application/Runtime/Cache/Admin/58ee3479f0655594ab7d5bd94e642cc1.php 第 55 行.
NOTIC: [8] Undefined variable: Think /usr/local/var/www/mobileShop/Application/Runtime/Cache/Admin/58ee3479f0655594ab7d5bd94e642cc1.php 第 56 行.
NOTIC: [8] Undefined variable: Think /usr/local/var/www/mobileShop/Application/Runtime/Cache/Admin/58ee3479f0655594ab7d5bd94e642cc1.php 第 59 行.
NOTIC: [8] Undefined variable: Think /usr/local/var/www/mobileShop/Application/Runtime/Cache/Admin/58ee3479f0655594ab7d5bd94e642cc1.php 第 60 行.
NOTIC: [8] Undefined variable: Think /usr/local/var/www/mobileShop/Application/Runtime/Cache/Admin/58ee3479f0655594ab7d5bd94e642cc1.php 第 61 行.
NOTIC: [8] Undefined variable: Think /usr/local/var/www/mobileShop/Application/Runtime/Cache/Admin/58ee3479f0655594ab7d5bd94e642cc1.php 第 62 行.
NOTIC: [8] Undefined variable: Think /usr/local/var/www/mobileShop/Application/Runtime/Cache/Admin/58ee3479f0655594ab7d5bd94e642cc1.php 第 65 行.
NOTIC: [8] Undefined variable: Think /usr/local/var/www/mobileShop/Application/Runtime/Cache/Admin/58ee3479f0655594ab7d5bd94e642cc1.php 第 68 行.
NOTIC: [8] Undefined variable: Think /usr/local/var/www/mobileShop/Application/Runtime/Cache/Admin/58ee3479f0655594ab7d5bd94e642cc1.php 第 69 行.
INFO: Run Behavior\ParseTemplateBehavior [ RunTime:0.002908s ]
INFO: [ view_parse ] --END-- [ RunTime:0.002919s ]
INFO: [ view_filter ] --START--
INFO: Run Behavior\WriteHtmlCacheBehavior [ RunTime:0.000043s ]
INFO: [ view_filter ] --END-- [ RunTime:0.000050s ]
INFO: [ app_end ] --START--
INFO: Run Behavior\ShowPageTraceBehavior [ RunTime:0.000034s ]
INFO: [ app_end ] --END-- [ RunTime:0.000040s ]

[ 2020-02-16T15:59:47+08:00 ] 127.0.0.1 /mobileShop/index.php/Admin/User/get_user_list?page=1&limit=10
INFO: [ app_init ] --START--
INFO: Run Behavior\BuildLiteBehavior [ RunTime:0.000004s ]
INFO: [ app_init ] --END-- [ RunTime:0.000024s ]
INFO: [ app_begin ] --START--
INFO: Run Behavior\ReadHtmlCacheBehavior [ RunTime:0.000020s ]
INFO: [ app_begin ] --END-- [ RunTime:0.000026s ]
SQL: SHOW COLUMNS FROM `jx_user` [ RunTime:0.0009s ]
SQL: SELECT * FROM `jx_user` LIMIT 0,10   [ RunTime:0.0002s ]
SQL: SELECT COUNT(*) AS tp_count FROM `jx_user` LIMIT 1   [ RunTime:0.0002s ]

[ 2020-02-16T15:59:49+08:00 ] 127.0.0.1 /mobileShop/index.php/Admin/User/admin
INFO: [ app_init ] --START--
INFO: Run Behavior\BuildLiteBehavior [ RunTime:0.000005s ]
INFO: [ app_init ] --END-- [ RunTime:0.000076s ]
INFO: [ app_begin ] --START--
INFO: Run Behavior\ReadHtmlCacheBehavior [ RunTime:0.000040s ]
INFO: [ app_begin ] --END-- [ RunTime:0.000058s ]
INFO: [ view_parse ] --START--
INFO: [ template_filter ] --START--
INFO: Run Behavior\ContentReplaceBehavior [ RunTime:0.000042s ]
INFO: [ template_filter ] --END-- [ RunTime:0.000057s ]
NOTIC: [8] Undefined variable: Think /usr/local/var/www/mobileShop/Application/Runtime/Cache/Admin/970b359eab7c3067a5e3a02a7c838fa8.php 第 20 行.
NOTIC: [8] Undefined variable: Think /usr/local/var/www/mobileShop/Application/Runtime/Cache/Admin/970b359eab7c3067a5e3a02a7c838fa8.php 第 21 行.
NOTIC: [8] Undefined variable: Think /usr/local/var/www/mobileShop/Application/Runtime/Cache/Admin/970b359eab7c3067a5e3a02a7c838fa8.php 第 24 行.
NOTIC: [8] Undefined variable: Think /usr/local/var/www/mobileShop/Application/Runtime/Cache/Admin/970b359eab7c3067a5e3a02a7c838fa8.php 第 25 行.
NOTIC: [8] Undefined variable: Think /usr/local/var/www/mobileShop/Application/Runtime/Cache/Admin/970b359eab7c3067a5e3a02a7c838fa8.php 第 26 行.
NOTIC: [8] Undefined variable: Think /usr/local/var/www/mobileShop/Application/Runtime/Cache/Admin/970b359eab7c3067a5e3a02a7c838fa8.php 第 27 行.
NOTIC: [8] Undefined variable: Think /usr/local/var/www/mobileShop/Application/Runtime/Cache/Admin/970b359eab7c3067a5e3a02a7c838fa8.php 第 30 行.
NOTIC: [8] Undefined variable: Think /usr/local/var/www/mobileShop/Application/Runtime/Cache/Admin/970b359eab7c3067a5e3a02a7c838fa8.php 第 33 行.
NOTIC: [8] Undefined variable: Think /usr/local/var/www/mobileShop/Application/Runtime/Cache/Admin/970b359eab7c3067a5e3a02a7c838fa8.php 第 34 行.
NOTIC: [8] Undefined variable: Think /usr/local/var/www/mobileShop/Application/Runtime/Cache/Admin/970b359eab7c3067a5e3a02a7c838fa8.php 第 55 行.
NOTIC: [8] Undefined variable: Think /usr/local/var/www/mobileShop/Application/Runtime/Cache/Admin/970b359eab7c3067a5e3a02a7c838fa8.php 第 56 行.
NOTIC: [8] Undefined variable: Think /usr/local/var/www/mobileShop/Application/Runtime/Cache/Admin/970b359eab7c3067a5e3a02a7c838fa8.php 第 59 行.
NOTIC: [8] Undefined variable: Think /usr/local/var/www/mobileShop/Application/Runtime/Cache/Admin/970b359eab7c3067a5e3a02a7c838fa8.php 第 60 行.
NOTIC: [8] Undefined variable: Think /usr/local/var/www/mobileShop/Application/Runtime/Cache/Admin/970b359eab7c3067a5e3a02a7c838fa8.php 第 61 行.
NOTIC: [8] Undefined variable: Think /usr/local/var/www/mobileShop/Application/Runtime/Cache/Admin/970b359eab7c3067a5e3a02a7c838fa8.php 第 62 行.
NOTIC: [8] Undefined variable: Think /usr/local/var/www/mobileShop/Application/Runtime/Cache/Admin/970b359eab7c3067a5e3a02a7c838fa8.php 第 65 行.
NOTIC: [8] Undefined variable: Think /usr/local/var/www/mobileShop/Application/Runtime/Cache/Admin/970b359eab7c3067a5e3a02a7c838fa8.php 第 68 行.
NOTIC: [8] Undefined variable: Think /usr/local/var/www/mobileShop/Application/Runtime/Cache/Admin/970b359eab7c3067a5e3a02a7c838fa8.php 第 69 行.
INFO: Run Behavior\ParseTemplateBehavior [ RunTime:0.003328s ]
INFO: [ view_parse ] --END-- [ RunTime:0.003341s ]
INFO: [ view_filter ] --START--
INFO: Run Behavior\WriteHtmlCacheBehavior [ RunTime:0.000035s ]
INFO: [ view_filter ] --END-- [ RunTime:0.000042s ]
INFO: [ app_end ] --START--
INFO: Run Behavior\ShowPageTraceBehavior [ RunTime:0.000025s ]
INFO: [ app_end ] --END-- [ RunTime:0.000031s ]

[ 2020-02-16T15:59:49+08:00 ] 127.0.0.1 /mobileShop/index.php/Admin/User/get_admin_list?page=1&limit=10
INFO: [ app_init ] --START--
INFO: Run Behavior\BuildLiteBehavior [ RunTime:0.000004s ]
INFO: [ app_init ] --END-- [ RunTime:0.000024s ]
INFO: [ app_begin ] --START--
INFO: Run Behavior\ReadHtmlCacheBehavior [ RunTime:0.000021s ]
INFO: [ app_begin ] --END-- [ RunTime:0.000029s ]
SQL: SHOW COLUMNS FROM `jx_admin_user` [ RunTime:0.0008s ]
SQL: SELECT * FROM `jx_admin_user` LIMIT 0,10   [ RunTime:0.0002s ]
SQL: SELECT COUNT(*) AS tp_count FROM `jx_admin_user` LIMIT 1   [ RunTime:0.0002s ]

[ 2020-02-16T15:59:51+08:00 ] 127.0.0.1 /mobileShop/index.php/Admin/Product/brand
INFO: [ app_init ] --START--
INFO: Run Behavior\BuildLiteBehavior [ RunTime:0.000008s ]
INFO: [ app_init ] --END-- [ RunTime:0.000067s ]
INFO: [ app_begin ] --START--
INFO: Run Behavior\ReadHtmlCacheBehavior [ RunTime:0.000054s ]
INFO: [ app_begin ] --END-- [ RunTime:0.000070s ]
INFO: [ view_parse ] --START--
INFO: [ template_filter ] --START--
INFO: Run Behavior\ContentReplaceBehavior [ RunTime:0.000045s ]
INFO: [ template_filter ] --END-- [ RunTime:0.000060s ]
NOTIC: [8] Undefined variable: Think /usr/local/var/www/mobileShop/Application/Runtime/Cache/Admin/3bd377f8f74e7ebd0c10e39e10b0e466.php 第 20 行.
NOTIC: [8] Undefined variable: Think /usr/local/var/www/mobileShop/Application/Runtime/Cache/Admin/3bd377f8f74e7ebd0c10e39e10b0e466.php 第 21 行.
NOTIC: [8] Undefined variable: Think /usr/local/var/www/mobileShop/Application/Runtime/Cache/Admin/3bd377f8f74e7ebd0c10e39e10b0e466.php 第 24 行.
NOTIC: [8] Undefined variable: Think /usr/local/var/www/mobileShop/Application/Runtime/Cache/Admin/3bd377f8f74e7ebd0c10e39e10b0e466.php 第 25 行.
NOTIC: [8] Undefined variable: Think /usr/local/var/www/mobileShop/Application/Runtime/Cache/Admin/3bd377f8f74e7ebd0c10e39e10b0e466.php 第 26 行.
NOTIC: [8] Undefined variable: Think /usr/local/var/www/mobileShop/Application/Runtime/Cache/Admin/3bd377f8f74e7ebd0c10e39e10b0e466.php 第 27 行.
NOTIC: [8] Undefined variable: Think /usr/local/var/www/mobileShop/Application/Runtime/Cache/Admin/3bd377f8f74e7ebd0c10e39e10b0e466.php 第 30 行.
NOTIC: [8] Undefined variable: Think /usr/local/var/www/mobileShop/Application/Runtime/Cache/Admin/3bd377f8f74e7ebd0c10e39e10b0e466.php 第 33 行.
NOTIC: [8] Undefined variable: Think /usr/local/var/www/mobileShop/Application/Runtime/Cache/Admin/3bd377f8f74e7ebd0c10e39e10b0e466.php 第 34 行.
NOTIC: [8] Undefined variable: Think /usr/local/var/www/mobileShop/Application/Runtime/Cache/Admin/3bd377f8f74e7ebd0c10e39e10b0e466.php 第 55 行.
NOTIC: [8] Undefined variable: Think /usr/local/var/www/mobileShop/Application/Runtime/Cache/Admin/3bd377f8f74e7ebd0c10e39e10b0e466.php 第 56 行.
NOTIC: [8] Undefined variable: Think /usr/local/var/www/mobileShop/Application/Runtime/Cache/Admin/3bd377f8f74e7ebd0c10e39e10b0e466.php 第 59 行.
NOTIC: [8] Undefined variable: Think /usr/local/var/www/mobileShop/Application/Runtime/Cache/Admin/3bd377f8f74e7ebd0c10e39e10b0e466.php 第 60 行.
NOTIC: [8] Undefined variable: Think /usr/local/var/www/mobileShop/Application/Runtime/Cache/Admin/3bd377f8f74e7ebd0c10e39e10b0e466.php 第 61 行.
NOTIC: [8] Undefined variable: Think /usr/local/var/www/mobileShop/Application/Runtime/Cache/Admin/3bd377f8f74e7ebd0c10e39e10b0e466.php 第 62 行.
NOTIC: [8] Undefined variable: Think /usr/local/var/www/mobileShop/Application/Runtime/Cache/Admin/3bd377f8f74e7ebd0c10e39e10b0e466.php 第 65 行.
NOTIC: [8] Undefined variable: Think /usr/local/var/www/mobileShop/Application/Runtime/Cache/Admin/3bd377f8f74e7ebd0c10e39e10b0e466.php 第 68 行.
NOTIC: [8] Undefined variable: Think /usr/local/var/www/mobileShop/Application/Runtime/Cache/Admin/3bd377f8f74e7ebd0c10e39e10b0e466.php 第 69 行.
INFO: Run Behavior\ParseTemplateBehavior [ RunTime:0.004057s ]
INFO: [ view_parse ] --END-- [ RunTime:0.004073s ]
INFO: [ view_filter ] --START--
INFO: Run Behavior\WriteHtmlCacheBehavior [ RunTime:0.000056s ]
INFO: [ view_filter ] --END-- [ RunTime:0.000063s ]
INFO: [ app_end ] --START--
INFO: Run Behavior\ShowPageTraceBehavior [ RunTime:0.000034s ]
INFO: [ app_end ] --END-- [ RunTime:0.000042s ]

[ 2020-02-16T15:59:51+08:00 ] 127.0.0.1 /mobileShop/index.php/Admin/Product/get_brand_list?page=1&limit=10
INFO: [ app_init ] --START--
INFO: Run Behavior\BuildLiteBehavior [ RunTime:0.000003s ]
INFO: [ app_init ] --END-- [ RunTime:0.000023s ]
INFO: [ app_begin ] --START--
INFO: Run Behavior\ReadHtmlCacheBehavior [ RunTime:0.000022s ]
INFO: [ app_begin ] --END-- [ RunTime:0.000030s ]
SQL: SHOW COLUMNS FROM `jx_brand` [ RunTime:0.0011s ]
SQL: SELECT * FROM `jx_brand` LIMIT 0,10   [ RunTime:0.0005s ]
SQL: SELECT COUNT(*) AS tp_count FROM `jx_brand` LIMIT 1   [ RunTime:0.0005s ]

[ 2020-02-16T15:59:58+08:00 ] 127.0.0.1 /mobileShop/index.php/Admin/Product/edit_brand
INFO: [ app_init ] --START--
INFO: Run Behavior\BuildLiteBehavior [ RunTime:0.000006s ]
INFO: [ app_init ] --END-- [ RunTime:0.000052s ]
INFO: [ app_begin ] --START--
INFO: Run Behavior\ReadHtmlCacheBehavior [ RunTime:0.000039s ]
INFO: [ app_begin ] --END-- [ RunTime:0.000050s ]
SQL: SHOW COLUMNS FROM `jx_brand` [ RunTime:0.0009s ]
SQL: UPDATE `jx_brand` SET `name`='IPhone',`icon`='images/brand/2020-02-16/5e48e6d04bdd4.jpg' WHERE `id` = 1 [ RunTime:0.0002s ]

[ 2020-02-16T16:00:03+08:00 ] 127.0.0.1 /mobileShop/index.php/Admin/Product/edit_brand
INFO: [ app_init ] --START--
INFO: Run Behavior\BuildLiteBehavior [ RunTime:0.000004s ]
INFO: [ app_init ] --END-- [ RunTime:0.000044s ]
INFO: [ app_begin ] --START--
INFO: Run Behavior\ReadHtmlCacheBehavior [ RunTime:0.000043s ]
INFO: [ app_begin ] --END-- [ RunTime:0.000054s ]
SQL: SHOW COLUMNS FROM `jx_brand` [ RunTime:0.0009s ]
SQL: UPDATE `jx_brand` SET `name`='1Samsung',`icon`='images/brand/2020-02-16/5e48f4eb36f32.jpg' WHERE `id` = 2 [ RunTime:0.0011s ]

[ 2020-02-16T16:00:05+08:00 ] 127.0.0.1 /mobileShop/index.php/Admin/Product/brand
INFO: [ app_init ] --START--
INFO: Run Behavior\BuildLiteBehavior [ RunTime:0.000007s ]
INFO: [ app_init ] --END-- [ RunTime:0.000047s ]
INFO: [ app_begin ] --START--
INFO: Run Behavior\ReadHtmlCacheBehavior [ RunTime:0.000042s ]
INFO: [ app_begin ] --END-- [ RunTime:0.000063s ]
INFO: [ view_parse ] --START--
INFO: [ template_filter ] --START--
INFO: Run Behavior\ContentReplaceBehavior [ RunTime:0.000057s ]
INFO: [ template_filter ] --END-- [ RunTime:0.000114s ]
NOTIC: [8] Undefined variable: Think /usr/local/var/www/mobileShop/Application/Runtime/Cache/Admin/3bd377f8f74e7ebd0c10e39e10b0e466.php 第 20 行.
NOTIC: [8] Undefined variable: Think /usr/local/var/www/mobileShop/Application/Runtime/Cache/Admin/3bd377f8f74e7ebd0c10e39e10b0e466.php 第 21 行.
NOTIC: [8] Undefined variable: Think /usr/local/var/www/mobileShop/Application/Runtime/Cache/Admin/3bd377f8f74e7ebd0c10e39e10b0e466.php 第 24 行.
NOTIC: [8] Undefined variable: Think /usr/local/var/www/mobileShop/Application/Runtime/Cache/Admin/3bd377f8f74e7ebd0c10e39e10b0e466.php 第 25 行.
NOTIC: [8] Undefined variable: Think /usr/local/var/www/mobileShop/Application/Runtime/Cache/Admin/3bd377f8f74e7ebd0c10e39e10b0e466.php 第 26 行.
NOTIC: [8] Undefined variable: Think /usr/local/var/www/mobileShop/Application/Runtime/Cache/Admin/3bd377f8f74e7ebd0c10e39e10b0e466.php 第 27 行.
NOTIC: [8] Undefined variable: Think /usr/local/var/www/mobileShop/Application/Runtime/Cache/Admin/3bd377f8f74e7ebd0c10e39e10b0e466.php 第 30 行.
NOTIC: [8] Undefined variable: Think /usr/local/var/www/mobileShop/Application/Runtime/Cache/Admin/3bd377f8f74e7ebd0c10e39e10b0e466.php 第 33 行.
NOTIC: [8] Undefined variable: Think /usr/local/var/www/mobileShop/Application/Runtime/Cache/Admin/3bd377f8f74e7ebd0c10e39e10b0e466.php 第 34 行.
NOTIC: [8] Undefined variable: Think /usr/local/var/www/mobileShop/Application/Runtime/Cache/Admin/3bd377f8f74e7ebd0c10e39e10b0e466.php 第 55 行.
NOTIC: [8] Undefined variable: Think /usr/local/var/www/mobileShop/Application/Runtime/Cache/Admin/3bd377f8f74e7ebd0c10e39e10b0e466.php 第 56 行.
NOTIC: [8] Undefined variable: Think /usr/local/var/www/mobileShop/Application/Runtime/Cache/Admin/3bd377f8f74e7ebd0c10e39e10b0e466.php 第 59 行.
NOTIC: [8] Undefined variable: Think /usr/local/var/www/mobileShop/Application/Runtime/Cache/Admin/3bd377f8f74e7ebd0c10e39e10b0e466.php 第 60 行.
NOTIC: [8] Undefined variable: Think /usr/local/var/www/mobileShop/Application/Runtime/Cache/Admin/3bd377f8f74e7ebd0c10e39e10b0e466.php 第 61 行.
NOTIC: [8] Undefined variable: Think /usr/local/var/www/mobileShop/Application/Runtime/Cache/Admin/3bd377f8f74e7ebd0c10e39e10b0e466.php 第 62 行.
NOTIC: [8] Undefined variable: Think /usr/local/var/www/mobileShop/Application/Runtime/Cache/Admin/3bd377f8f74e7ebd0c10e39e10b0e466.php 第 65 行.
NOTIC: [8] Undefined variable: Think /usr/local/var/www/mobileShop/Application/Runtime/Cache/Admin/3bd377f8f74e7ebd0c10e39e10b0e466.php 第 68 行.
NOTIC: [8] Undefined variable: Think /usr/local/var/www/mobileShop/Application/Runtime/Cache/Admin/3bd377f8f74e7ebd0c10e39e10b0e466.php 第 69 行.
INFO: Run Behavior\ParseTemplateBehavior [ RunTime:0.003893s ]
INFO: [ view_parse ] --END-- [ RunTime:0.003909s ]
INFO: [ view_filter ] --START--
INFO: Run Behavior\WriteHtmlCacheBehavior [ RunTime:0.000064s ]
INFO: [ view_filter ] --END-- [ RunTime:0.000073s ]
INFO: [ app_end ] --START--
INFO: Run Behavior\ShowPageTraceBehavior [ RunTime:0.000035s ]
INFO: [ app_end ] --END-- [ RunTime:0.000042s ]

[ 2020-02-16T16:00:05+08:00 ] 127.0.0.1 /mobileShop/index.php/Admin/Product/get_brand_list?page=1&limit=10
INFO: [ app_init ] --START--
INFO: Run Behavior\BuildLiteBehavior [ RunTime:0.000004s ]
INFO: [ app_init ] --END-- [ RunTime:0.000027s ]
INFO: [ app_begin ] --START--
INFO: Run Behavior\ReadHtmlCacheBehavior [ RunTime:0.000020s ]
INFO: [ app_begin ] --END-- [ RunTime:0.000027s ]
SQL: SHOW COLUMNS FROM `jx_brand` [ RunTime:0.0008s ]
SQL: SELECT * FROM `jx_brand` LIMIT 0,10   [ RunTime:0.0002s ]
SQL: SELECT COUNT(*) AS tp_count FROM `jx_brand` LIMIT 1   [ RunTime:0.0002s ]

[ 2020-02-16T16:00:13+08:00 ] 127.0.0.1 /mobileShop/index.php/Admin/Product/edit_brand
INFO: [ app_init ] --START--
INFO: Run Behavior\BuildLiteBehavior [ RunTime:0.000009s ]
INFO: [ app_init ] --END-- [ RunTime:0.000136s ]
INFO: [ app_begin ] --START--
INFO: Run Behavior\ReadHtmlCacheBehavior [ RunTime:0.000064s ]
INFO: [ app_begin ] --END-- [ RunTime:0.000081s ]
SQL: SHOW COLUMNS FROM `jx_brand` [ RunTime:0.0009s ]
SQL: UPDATE `jx_brand` SET `name`='Samsung',`icon`='images/brand/2020-02-16/5e48f4eb36f32.jpg' WHERE `id` = 2 [ RunTime:0.0010s ]

[ 2020-02-16T16:00:14+08:00 ] 127.0.0.1 /mobileShop/index.php/Admin/Product/brand
INFO: [ app_init ] --START--
INFO: Run Behavior\BuildLiteBehavior [ RunTime:0.000006s ]
INFO: [ app_init ] --END-- [ RunTime:0.000040s ]
INFO: [ app_begin ] --START--
INFO: Run Behavior\ReadHtmlCacheBehavior [ RunTime:0.000035s ]
INFO: [ app_begin ] --END-- [ RunTime:0.000049s ]
INFO: [ view_parse ] --START--
INFO: [ template_filter ] --START--
INFO: Run Behavior\ContentReplaceBehavior [ RunTime:0.000055s ]
INFO: [ template_filter ] --END-- [ RunTime:0.000079s ]
NOTIC: [8] Undefined variable: Think /usr/local/var/www/mobileShop/Application/Runtime/Cache/Admin/3bd377f8f74e7ebd0c10e39e10b0e466.php 第 20 行.
NOTIC: [8] Undefined variable: Think /usr/local/var/www/mobileShop/Application/Runtime/Cache/Admin/3bd377f8f74e7ebd0c10e39e10b0e466.php 第 21 行.
NOTIC: [8] Undefined variable: Think /usr/local/var/www/mobileShop/Application/Runtime/Cache/Admin/3bd377f8f74e7ebd0c10e39e10b0e466.php 第 24 行.
NOTIC: [8] Undefined variable: Think /usr/local/var/www/mobileShop/Application/Runtime/Cache/Admin/3bd377f8f74e7ebd0c10e39e10b0e466.php 第 25 行.
NOTIC: [8] Undefined variable: Think /usr/local/var/www/mobileShop/Application/Runtime/Cache/Admin/3bd377f8f74e7ebd0c10e39e10b0e466.php 第 26 行.
NOTIC: [8] Undefined variable: Think /usr/local/var/www/mobileShop/Application/Runtime/Cache/Admin/3bd377f8f74e7ebd0c10e39e10b0e466.php 第 27 行.
NOTIC: [8] Undefined variable: Think /usr/local/var/www/mobileShop/Application/Runtime/Cache/Admin/3bd377f8f74e7ebd0c10e39e10b0e466.php 第 30 行.
NOTIC: [8] Undefined variable: Think /usr/local/var/www/mobileShop/Application/Runtime/Cache/Admin/3bd377f8f74e7ebd0c10e39e10b0e466.php 第 33 行.
NOTIC: [8] Undefined variable: Think /usr/local/var/www/mobileShop/Application/Runtime/Cache/Admin/3bd377f8f74e7ebd0c10e39e10b0e466.php 第 34 行.
NOTIC: [8] Undefined variable: Think /usr/local/var/www/mobileShop/Application/Runtime/Cache/Admin/3bd377f8f74e7ebd0c10e39e10b0e466.php 第 55 行.
NOTIC: [8] Undefined variable: Think /usr/local/var/www/mobileShop/Application/Runtime/Cache/Admin/3bd377f8f74e7ebd0c10e39e10b0e466.php 第 56 行.
NOTIC: [8] Undefined variable: Think /usr/local/var/www/mobileShop/Application/Runtime/Cache/Admin/3bd377f8f74e7ebd0c10e39e10b0e466.php 第 59 行.
NOTIC: [8] Undefined variable: Think /usr/local/var/www/mobileShop/Application/Runtime/Cache/Admin/3bd377f8f74e7ebd0c10e39e10b0e466.php 第 60 行.
NOTIC: [8] Undefined variable: Think /usr/local/var/www/mobileShop/Application/Runtime/Cache/Admin/3bd377f8f74e7ebd0c10e39e10b0e466.php 第 61 行.
NOTIC: [8] Undefined variable: Think /usr/local/var/www/mobileShop/Application/Runtime/Cache/Admin/3bd377f8f74e7ebd0c10e39e10b0e466.php 第 62 行.
NOTIC: [8] Undefined variable: Think /usr/local/var/www/mobileShop/Application/Runtime/Cache/Admin/3bd377f8f74e7ebd0c10e39e10b0e466.php 第 65 行.
NOTIC: [8] Undefined variable: Think /usr/local/var/www/mobileShop/Application/Runtime/Cache/Admin/3bd377f8f74e7ebd0c10e39e10b0e466.php 第 68 行.
NOTIC: [8] Undefined variable: Think /usr/local/var/www/mobileShop/Application/Runtime/Cache/Admin/3bd377f8f74e7ebd0c10e39e10b0e466.php 第 69 行.
INFO: Run Behavior\ParseTemplateBehavior [ RunTime:0.004379s ]
INFO: [ view_parse ] --END-- [ RunTime:0.004395s ]
INFO: [ view_filter ] --START--
INFO: Run Behavior\WriteHtmlCacheBehavior [ RunTime:0.000080s ]
INFO: [ view_filter ] --END-- [ RunTime:0.000089s ]
INFO: [ app_end ] --START--
INFO: Run Behavior\ShowPageTraceBehavior [ RunTime:0.000051s ]
INFO: [ app_end ] --END-- [ RunTime:0.000058s ]

[ 2020-02-16T16:00:15+08:00 ] 127.0.0.1 /mobileShop/index.php/Admin/Product/get_brand_list?page=1&limit=10
INFO: [ app_init ] --START--
INFO: Run Behavior\BuildLiteBehavior [ RunTime:0.000004s ]
INFO: [ app_init ] --END-- [ RunTime:0.000023s ]
INFO: [ app_begin ] --START--
INFO: Run Behavior\ReadHtmlCacheBehavior [ RunTime:0.000021s ]
INFO: [ app_begin ] --END-- [ RunTime:0.000029s ]
SQL: SHOW COLUMNS FROM `jx_brand` [ RunTime:0.0008s ]
SQL: SELECT * FROM `jx_brand` LIMIT 0,10   [ RunTime:0.0001s ]
SQL: SELECT COUNT(*) AS tp_count FROM `jx_brand` LIMIT 1   [ RunTime:0.0002s ]

[ 2020-02-16T16:05:44+08:00 ] 127.0.0.1 /mobileShop/index.php/Admin/Product/brand
INFO: [ app_init ] --START--
INFO: Run Behavior\BuildLiteBehavior [ RunTime:0.000007s ]
INFO: [ app_init ] --END-- [ RunTime:0.000068s ]
INFO: [ app_begin ] --START--
INFO: Run Behavior\ReadHtmlCacheBehavior [ RunTime:0.000054s ]
INFO: [ app_begin ] --END-- [ RunTime:0.000067s ]
INFO: [ view_parse ] --START--
INFO: [ template_filter ] --START--
INFO: Run Behavior\ContentReplaceBehavior [ RunTime:0.000046s ]
INFO: [ template_filter ] --END-- [ RunTime:0.000065s ]
NOTIC: [8] Undefined variable: Think /usr/local/var/www/mobileShop/Application/Runtime/Cache/Admin/3bd377f8f74e7ebd0c10e39e10b0e466.php 第 20 行.
NOTIC: [8] Undefined variable: Think /usr/local/var/www/mobileShop/Application/Runtime/Cache/Admin/3bd377f8f74e7ebd0c10e39e10b0e466.php 第 21 行.
NOTIC: [8] Undefined variable: Think /usr/local/var/www/mobileShop/Application/Runtime/Cache/Admin/3bd377f8f74e7ebd0c10e39e10b0e466.php 第 24 行.
NOTIC: [8] Undefined variable: Think /usr/local/var/www/mobileShop/Application/Runtime/Cache/Admin/3bd377f8f74e7ebd0c10e39e10b0e466.php 第 25 行.
NOTIC: [8] Undefined variable: Think /usr/local/var/www/mobileShop/Application/Runtime/Cache/Admin/3bd377f8f74e7ebd0c10e39e10b0e466.php 第 26 行.
NOTIC: [8] Undefined variable: Think /usr/local/var/www/mobileShop/Application/Runtime/Cache/Admin/3bd377f8f74e7ebd0c10e39e10b0e466.php 第 27 行.
NOTIC: [8] Undefined variable: Think /usr/local/var/www/mobileShop/Application/Runtime/Cache/Admin/3bd377f8f74e7ebd0c10e39e10b0e466.php 第 30 行.
NOTIC: [8] Undefined variable: Think /usr/local/var/www/mobileShop/Application/Runtime/Cache/Admin/3bd377f8f74e7ebd0c10e39e10b0e466.php 第 33 行.
NOTIC: [8] Undefined variable: Think /usr/local/var/www/mobileShop/Application/Runtime/Cache/Admin/3bd377f8f74e7ebd0c10e39e10b0e466.php 第 34 行.
NOTIC: [8] Undefined variable: Think /usr/local/var/www/mobileShop/Application/Runtime/Cache/Admin/3bd377f8f74e7ebd0c10e39e10b0e466.php 第 55 行.
NOTIC: [8] Undefined variable: Think /usr/local/var/www/mobileShop/Application/Runtime/Cache/Admin/3bd377f8f74e7ebd0c10e39e10b0e466.php 第 56 行.
NOTIC: [8] Undefined variable: Think /usr/local/var/www/mobileShop/Application/Runtime/Cache/Admin/3bd377f8f74e7ebd0c10e39e10b0e466.php 第 59 行.
NOTIC: [8] Undefined variable: Think /usr/local/var/www/mobileShop/Application/Runtime/Cache/Admin/3bd377f8f74e7ebd0c10e39e10b0e466.php 第 60 行.
NOTIC: [8] Undefined variable: Think /usr/local/var/www/mobileShop/Application/Runtime/Cache/Admin/3bd377f8f74e7ebd0c10e39e10b0e466.php 第 61 行.
NOTIC: [8] Undefined variable: Think /usr/local/var/www/mobileShop/Application/Runtime/Cache/Admin/3bd377f8f74e7ebd0c10e39e10b0e466.php 第 62 行.
NOTIC: [8] Undefined variable: Think /usr/local/var/www/mobileShop/Application/Runtime/Cache/Admin/3bd377f8f74e7ebd0c10e39e10b0e466.php 第 65 行.
NOTIC: [8] Undefined variable: Think /usr/local/var/www/mobileShop/Application/Runtime/Cache/Admin/3bd377f8f74e7ebd0c10e39e10b0e466.php 第 68 行.
NOTIC: [8] Undefined variable: Think /usr/local/var/www/mobileShop/Application/Runtime/Cache/Admin/3bd377f8f74e7ebd0c10e39e10b0e466.php 第 69 行.
INFO: Run Behavior\ParseTemplateBehavior [ RunTime:0.006495s ]
INFO: [ view_parse ] --END-- [ RunTime:0.006510s ]
INFO: [ view_filter ] --START--
INFO: Run Behavior\WriteHtmlCacheBehavior [ RunTime:0.000053s ]
INFO: [ view_filter ] --END-- [ RunTime:0.000060s ]
INFO: [ app_end ] --START--
INFO: Run Behavior\ShowPageTraceBehavior [ RunTime:0.000042s ]
INFO: [ app_end ] --END-- [ RunTime:0.000049s ]

[ 2020-02-16T16:05:44+08:00 ] 127.0.0.1 /mobileShop/index.php/Admin/Product/get_brand_list?page=1&limit=10
INFO: [ app_init ] --START--
INFO: Run Behavior\BuildLiteBehavior [ RunTime:0.000003s ]
INFO: [ app_init ] --END-- [ RunTime:0.000023s ]
INFO: [ app_begin ] --START--
INFO: Run Behavior\ReadHtmlCacheBehavior [ RunTime:0.000020s ]
INFO: [ app_begin ] --END-- [ RunTime:0.000027s ]
SQL: SHOW COLUMNS FROM `jx_brand` [ RunTime:0.0009s ]
SQL: SELECT * FROM `jx_brand` LIMIT 0,10   [ RunTime:0.0002s ]
SQL: SELECT COUNT(*) AS tp_count FROM `jx_brand` LIMIT 1   [ RunTime:0.0003s ]

[ 2020-02-16T16:05:45+08:00 ] 127.0.0.1 /mobileShop/index.php/Admin/Product/classify
INFO: [ app_init ] --START--
INFO: Run Behavior\BuildLiteBehavior [ RunTime:0.000008s ]
INFO: [ app_init ] --END-- [ RunTime:0.000050s ]
INFO: [ app_begin ] --START--
INFO: Run Behavior\ReadHtmlCacheBehavior [ RunTime:0.000033s ]
INFO: [ app_begin ] --END-- [ RunTime:0.000047s ]
INFO: [ view_parse ] --START--
INFO: [ template_filter ] --START--
INFO: Run Behavior\ContentReplaceBehavior [ RunTime:0.000034s ]
INFO: [ template_filter ] --END-- [ RunTime:0.000055s ]
NOTIC: [8] Undefined variable: Think /usr/local/var/www/mobileShop/Application/Runtime/Cache/Admin/6da5c6531d7018865e1be84925b23b5d.php 第 20 行.
NOTIC: [8] Undefined variable: Think /usr/local/var/www/mobileShop/Application/Runtime/Cache/Admin/6da5c6531d7018865e1be84925b23b5d.php 第 21 行.
NOTIC: [8] Undefined variable: Think /usr/local/var/www/mobileShop/Application/Runtime/Cache/Admin/6da5c6531d7018865e1be84925b23b5d.php 第 24 行.
NOTIC: [8] Undefined variable: Think /usr/local/var/www/mobileShop/Application/Runtime/Cache/Admin/6da5c6531d7018865e1be84925b23b5d.php 第 25 行.
NOTIC: [8] Undefined variable: Think /usr/local/var/www/mobileShop/Application/Runtime/Cache/Admin/6da5c6531d7018865e1be84925b23b5d.php 第 26 行.
NOTIC: [8] Undefined variable: Think /usr/local/var/www/mobileShop/Application/Runtime/Cache/Admin/6da5c6531d7018865e1be84925b23b5d.php 第 27 行.
NOTIC: [8] Undefined variable: Think /usr/local/var/www/mobileShop/Application/Runtime/Cache/Admin/6da5c6531d7018865e1be84925b23b5d.php 第 30 行.
NOTIC: [8] Undefined variable: Think /usr/local/var/www/mobileShop/Application/Runtime/Cache/Admin/6da5c6531d7018865e1be84925b23b5d.php 第 33 行.
NOTIC: [8] Undefined variable: Think /usr/local/var/www/mobileShop/Application/Runtime/Cache/Admin/6da5c6531d7018865e1be84925b23b5d.php 第 34 行.
NOTIC: [8] Undefined variable: Think /usr/local/var/www/mobileShop/Application/Runtime/Cache/Admin/6da5c6531d7018865e1be84925b23b5d.php 第 55 行.
NOTIC: [8] Undefined variable: Think /usr/local/var/www/mobileShop/Application/Runtime/Cache/Admin/6da5c6531d7018865e1be84925b23b5d.php 第 56 行.
NOTIC: [8] Undefined variable: Think /usr/local/var/www/mobileShop/Application/Runtime/Cache/Admin/6da5c6531d7018865e1be84925b23b5d.php 第 59 行.
NOTIC: [8] Undefined variable: Think /usr/local/var/www/mobileShop/Application/Runtime/Cache/Admin/6da5c6531d7018865e1be84925b23b5d.php 第 60 行.
NOTIC: [8] Undefined variable: Think /usr/local/var/www/mobileShop/Application/Runtime/Cache/Admin/6da5c6531d7018865e1be84925b23b5d.php 第 61 行.
NOTIC: [8] Undefined variable: Think /usr/local/var/www/mobileShop/Application/Runtime/Cache/Admin/6da5c6531d7018865e1be84925b23b5d.php 第 62 行.
NOTIC: [8] Undefined variable: Think /usr/local/var/www/mobileShop/Application/Runtime/Cache/Admin/6da5c6531d7018865e1be84925b23b5d.php 第 65 行.
NOTIC: [8] Undefined variable: Think /usr/local/var/www/mobileShop/Application/Runtime/Cache/Admin/6da5c6531d7018865e1be84925b23b5d.php 第 68 行.
NOTIC: [8] Undefined variable: Think /usr/local/var/www/mobileShop/Application/Runtime/Cache/Admin/6da5c6531d7018865e1be84925b23b5d.php 第 69 行.
INFO: Run Behavior\ParseTemplateBehavior [ RunTime:0.004769s ]
INFO: [ view_parse ] --END-- [ RunTime:0.004786s ]
INFO: [ view_filter ] --START--
INFO: Run Behavior\WriteHtmlCacheBehavior [ RunTime:0.000063s ]
INFO: [ view_filter ] --END-- [ RunTime:0.000072s ]
INFO: [ app_end ] --START--
INFO: Run Behavior\ShowPageTraceBehavior [ RunTime:0.000028s ]
INFO: [ app_end ] --END-- [ RunTime:0.000034s ]

[ 2020-02-16T16:05:46+08:00 ] 127.0.0.1 /mobileShop/index.php/Admin/Product/brand
INFO: [ app_init ] --START--
INFO: Run Behavior\BuildLiteBehavior [ RunTime:0.000007s ]
INFO: [ app_init ] --END-- [ RunTime:0.000034s ]
INFO: [ app_begin ] --START--
INFO: Run Behavior\ReadHtmlCacheBehavior [ RunTime:0.000028s ]
INFO: [ app_begin ] --END-- [ RunTime:0.000041s ]
INFO: [ view_parse ] --START--
INFO: [ template_filter ] --START--
INFO: Run Behavior\ContentReplaceBehavior [ RunTime:0.000056s ]
INFO: [ template_filter ] --END-- [ RunTime:0.000080s ]
NOTIC: [8] Undefined variable: Think /usr/local/var/www/mobileShop/Application/Runtime/Cache/Admin/3bd377f8f74e7ebd0c10e39e10b0e466.php 第 20 行.
NOTIC: [8] Undefined variable: Think /usr/local/var/www/mobileShop/Application/Runtime/Cache/Admin/3bd377f8f74e7ebd0c10e39e10b0e466.php 第 21 行.
NOTIC: [8] Undefined variable: Think /usr/local/var/www/mobileShop/Application/Runtime/Cache/Admin/3bd377f8f74e7ebd0c10e39e10b0e466.php 第 24 行.
NOTIC: [8] Undefined variable: Think /usr/local/var/www/mobileShop/Application/Runtime/Cache/Admin/3bd377f8f74e7ebd0c10e39e10b0e466.php 第 25 行.
NOTIC: [8] Undefined variable: Think /usr/local/var/www/mobileShop/Application/Runtime/Cache/Admin/3bd377f8f74e7ebd0c10e39e10b0e466.php 第 26 行.
NOTIC: [8] Undefined variable: Think /usr/local/var/www/mobileShop/Application/Runtime/Cache/Admin/3bd377f8f74e7ebd0c10e39e10b0e466.php 第 27 行.
NOTIC: [8] Undefined variable: Think /usr/local/var/www/mobileShop/Application/Runtime/Cache/Admin/3bd377f8f74e7ebd0c10e39e10b0e466.php 第 30 行.
NOTIC: [8] Undefined variable: Think /usr/local/var/www/mobileShop/Application/Runtime/Cache/Admin/3bd377f8f74e7ebd0c10e39e10b0e466.php 第 33 行.
NOTIC: [8] Undefined variable: Think /usr/local/var/www/mobileShop/Application/Runtime/Cache/Admin/3bd377f8f74e7ebd0c10e39e10b0e466.php 第 34 行.
NOTIC: [8] Undefined variable: Think /usr/local/var/www/mobileShop/Application/Runtime/Cache/Admin/3bd377f8f74e7ebd0c10e39e10b0e466.php 第 55 行.
NOTIC: [8] Undefined variable: Think /usr/local/var/www/mobileShop/Application/Runtime/Cache/Admin/3bd377f8f74e7ebd0c10e39e10b0e466.php 第 56 行.
NOTIC: [8] Undefined variable: Think /usr/local/var/www/mobileShop/Application/Runtime/Cache/Admin/3bd377f8f74e7ebd0c10e39e10b0e466.php 第 59 行.
NOTIC: [8] Undefined variable: Think /usr/local/var/www/mobileShop/Application/Runtime/Cache/Admin/3bd377f8f74e7ebd0c10e39e10b0e466.php 第 60 行.
NOTIC: [8] Undefined variable: Think /usr/local/var/www/mobileShop/Application/Runtime/Cache/Admin/3bd377f8f74e7ebd0c10e39e10b0e466.php 第 61 行.
NOTIC: [8] Undefined variable: Think /usr/local/var/www/mobileShop/Application/Runtime/Cache/Admin/3bd377f8f74e7ebd0c10e39e10b0e466.php 第 62 行.
NOTIC: [8] Undefined variable: Think /usr/local/var/www/mobileShop/Application/Runtime/Cache/Admin/3bd377f8f74e7ebd0c10e39e10b0e466.php 第 65 行.
NOTIC: [8] Undefined variable: Think /usr/local/var/www/mobileShop/Application/Runtime/Cache/Admin/3bd377f8f74e7ebd0c10e39e10b0e466.php 第 68 行.
NOTIC: [8] Undefined variable: Think /usr/local/var/www/mobileShop/Application/Runtime/Cache/Admin/3bd377f8f74e7ebd0c10e39e10b0e466.php 第 69 行.
INFO: Run Behavior\ParseTemplateBehavior [ RunTime:0.004267s ]
INFO: [ view_parse ] --END-- [ RunTime:0.004284s ]
INFO: [ view_filter ] --START--
INFO: Run Behavior\WriteHtmlCacheBehavior [ RunTime:0.000053s ]
INFO: [ view_filter ] --END-- [ RunTime:0.000061s ]
INFO: [ app_end ] --START--
INFO: Run Behavior\ShowPageTraceBehavior [ RunTime:0.000026s ]
INFO: [ app_end ] --END-- [ RunTime:0.000032s ]

[ 2020-02-16T16:05:46+08:00 ] 127.0.0.1 /mobileShop/index.php/Admin/Product/get_brand_list?page=1&limit=10
INFO: [ app_init ] --START--
INFO: Run Behavior\BuildLiteBehavior [ RunTime:0.000003s ]
INFO: [ app_init ] --END-- [ RunTime:0.000024s ]
INFO: [ app_begin ] --START--
INFO: Run Behavior\ReadHtmlCacheBehavior [ RunTime:0.000020s ]
INFO: [ app_begin ] --END-- [ RunTime:0.000028s ]
SQL: SHOW COLUMNS FROM `jx_brand` [ RunTime:0.0009s ]
SQL: SELECT * FROM `jx_brand` LIMIT 0,10   [ RunTime:0.0002s ]
SQL: SELECT COUNT(*) AS tp_count FROM `jx_brand` LIMIT 1   [ RunTime:0.0002s ]

